Mplus VERSION 8.6 (Mac)
MUTHEN & MUTHEN
06/01/2021   8:45 AM

INPUT INSTRUCTIONS

  TITLE:
  Geomin Oblique EFA - LAB 5 DEMO
  DATA:
  FILE = "/Users/agarber/github/NTNU-start/05-cfa/efa_mplus/efa_geomin_oblique.dat";

  VARIABLE:
  NAMES = BYS22A BYS22C BYS22D BYS22E BYS22F BYS22G BYS22H BYS24A BYS24B BYS24C BYS24D
       BYS24E BYS24F BYS22B;
   MISSING=.;
   ! removed BYS24G (due to low loading < .2)
      usevar = BYS22A-BYS22B;
  ANALYSIS:
  type = efa 1 3;
      estimator = mlr;
      rotation = geomin; ! this is the default (added to be explicit)
      parallel=50; ! run parallel analysis
  OUTPUT:
  sampstat;
  PLOT:
  type = plot3;



*** WARNING
  Data set contains cases with missing on all variables.
  These cases were not included in the analysis.
  Number of cases with missing on all variables:  38
   1 WARNING(S) FOUND IN THE INPUT INSTRUCTIONS




Geomin Oblique EFA - LAB 5 DEMO

SUMMARY OF ANALYSIS

Number of groups                                                 1
Number of observations                                         359

Number of dependent variables                                   14
Number of independent variables                                  0
Number of continuous latent variables                            0

Observed dependent variables

  Continuous
   BYS22A      BYS22C      BYS22D      BYS22E      BYS22F      BYS22G
   BYS22H      BYS24A      BYS24B      BYS24C      BYS24D      BYS24E
   BYS24F      BYS22B


Estimator                                                      MLR
Rotation                                                    GEOMIN
Row standardization                                    CORRELATION
Type of rotation                                           OBLIQUE
Epsilon value                                               Varies
Information matrix                                        OBSERVED
Maximum number of iterations                                  1000
Convergence criterion                                    0.500D-04
Maximum number of steepest descent iterations                   20
Maximum number of iterations for H1                           2000
Convergence criterion for H1                             0.100D-03
Optimization Specifications for the Exploratory Factor Analysis
Rotation Algorithm
  Number of random starts                                       30
  Maximum number of iterations                               10000
  Derivative convergence criterion                       0.100D-04

Input data file(s)
  /Users/agarber/github/NTNU-start/05-cfa/efa_mplus/efa_geomin_oblique.dat

Input data format  FREE


SUMMARY OF DATA

     Number of missing data patterns            14


COVARIANCE COVERAGE OF DATA

Minimum covariance coverage value   0.100


     PROPORTION OF DATA PRESENT


           Covariance Coverage
              BYS22A        BYS22C        BYS22D        BYS22E        BYS22F
              ________      ________      ________      ________      ________
 BYS22A         0.997
 BYS22C         0.992         0.994
 BYS22D         0.994         0.994         0.997
 BYS22E         0.992         0.989         0.992         0.994
 BYS22F         0.997         0.994         0.997         0.994         1.000
 BYS22G         0.997         0.994         0.997         0.994         1.000
 BYS22H         0.994         0.994         0.997         0.992         0.997
 BYS24A         0.994         0.992         0.994         0.992         0.997
 BYS24B         0.989         0.986         0.989         0.986         0.992
 BYS24C         0.983         0.983         0.986         0.981         0.986
 BYS24D         0.978         0.975         0.978         0.978         0.981
 BYS24E         0.997         0.994         0.997         0.994         1.000
 BYS24F         0.983         0.981         0.983         0.981         0.986
 BYS22B         0.992         0.992         0.994         0.989         0.994


           Covariance Coverage
              BYS22G        BYS22H        BYS24A        BYS24B        BYS24C
              ________      ________      ________      ________      ________
 BYS22G         1.000
 BYS22H         0.997         0.997
 BYS24A         0.997         0.994         0.997
 BYS24B         0.992         0.989         0.989         0.992
 BYS24C         0.986         0.986         0.983         0.981         0.986
 BYS24D         0.981         0.978         0.978         0.972         0.969
 BYS24E         1.000         0.997         0.997         0.992         0.986
 BYS24F         0.986         0.983         0.983         0.978         0.972
 BYS22B         0.994         0.994         0.992         0.986         0.983


           Covariance Coverage
              BYS24D        BYS24E        BYS24F        BYS22B
              ________      ________      ________      ________
 BYS24D         0.981
 BYS24E         0.981         1.000
 BYS24F         0.967         0.986         0.986
 BYS22B         0.975         0.994         0.981         0.994


SAMPLE STATISTICS


     ESTIMATED SAMPLE STATISTICS


           Means
              BYS22A        BYS22C        BYS22D        BYS22E        BYS22F
              ________      ________      ________      ________      ________
                1.498         1.254         1.154         1.234         1.039


           Means
              BYS22G        BYS22H        BYS24A        BYS24B        BYS24C
              ________      ________      ________      ________      ________
                1.187         1.307         2.364         1.498         2.605


           Means
              BYS24D        BYS24E        BYS24F        BYS22B
              ________      ________      ________      ________
                1.689         1.150         1.106         1.286


           Covariances
              BYS22A        BYS22C        BYS22D        BYS22E        BYS22F
              ________      ________      ________      ________      ________
 BYS22A         0.417
 BYS22C         0.121         0.291
 BYS22D         0.093         0.089         0.180
 BYS22E         0.137         0.108         0.084         0.281
 BYS22F         0.028         0.035         0.030         0.024         0.054
 BYS22G         0.118         0.098         0.094         0.104         0.037
 BYS22H         0.075         0.143         0.048         0.109         0.035
 BYS24A         0.134         0.014         0.056         0.021        -0.006
 BYS24B         0.127         0.077         0.113         0.020         0.011
 BYS24C         0.078         0.053         0.036         0.001        -0.012
 BYS24D         0.139         0.105         0.148         0.075        -0.002
 BYS24E         0.056         0.048         0.072         0.029        -0.006
 BYS24F         0.023         0.006         0.051         0.005         0.001
 BYS22B         0.096         0.075         0.079         0.058         0.017


           Covariances
              BYS22G        BYS22H        BYS24A        BYS24B        BYS24C
              ________      ________      ________      ________      ________
 BYS22G         0.202
 BYS22H         0.079         0.364
 BYS24A         0.047        -0.059         1.426
 BYS24B         0.069         0.023         0.528         0.910
 BYS24C         0.012         0.001         0.523         0.438         1.221
 BYS24D         0.092         0.027         0.368         0.329         0.268
 BYS24E         0.055        -0.013         0.110         0.204         0.160
 BYS24F         0.023        -0.012         0.097         0.107         0.087
 BYS22B         0.080         0.040         0.085         0.184         0.132


           Covariances
              BYS24D        BYS24E        BYS24F        BYS22B
              ________      ________      ________      ________
 BYS24D         0.883
 BYS24E         0.286         0.339
 BYS24F         0.135         0.074         0.139
 BYS22B         0.163         0.072         0.047         0.361


           Correlations
              BYS22A        BYS22C        BYS22D        BYS22E        BYS22F
              ________      ________      ________      ________      ________
 BYS22A         1.000
 BYS22C         0.347         1.000
 BYS22D         0.340         0.390         1.000
 BYS22E         0.400         0.378         0.372         1.000
 BYS22F         0.186         0.276         0.306         0.196         1.000
 BYS22G         0.407         0.403         0.492         0.437         0.356
 BYS22H         0.193         0.438         0.186         0.342         0.252
 BYS24A         0.174         0.021         0.110         0.034        -0.021
 BYS24B         0.207         0.149         0.279         0.040         0.051
 BYS24C         0.109         0.089         0.076         0.001        -0.048
 BYS24D         0.229         0.208         0.372         0.150        -0.008
 BYS24E         0.149         0.154         0.293         0.094        -0.043
 BYS24F         0.097         0.028         0.324         0.024         0.017
 BYS22B         0.249         0.232         0.309         0.184         0.119


           Correlations
              BYS22G        BYS22H        BYS24A        BYS24B        BYS24C
              ________      ________      ________      ________      ________
 BYS22G         1.000
 BYS22H         0.293         1.000
 BYS24A         0.087        -0.081         1.000
 BYS24B         0.160         0.040         0.464         1.000
 BYS24C         0.025         0.002         0.396         0.416         1.000
 BYS24D         0.218         0.048         0.328         0.367         0.258
 BYS24E         0.212        -0.036         0.158         0.366         0.248
 BYS24F         0.135        -0.053         0.218         0.302         0.211
 BYS22B         0.298         0.112         0.119         0.321         0.199


           Correlations
              BYS24D        BYS24E        BYS24F        BYS22B
              ________      ________      ________      ________
 BYS24D         1.000
 BYS24E         0.523         1.000
 BYS24F         0.385         0.343         1.000
 BYS22B         0.289         0.207         0.210         1.000


     MAXIMUM LOG-LIKELIHOOD VALUE FOR THE UNRESTRICTED (H1) MODEL IS -3896.687


UNIVARIATE SAMPLE STATISTICS


     UNIVARIATE HIGHER-ORDER MOMENT DESCRIPTIVE STATISTICS

         Variable/         Mean/     Skewness/   Minimum/ % with                Percentiles
        Sample Size      Variance    Kurtosis    Maximum  Min/Max      20%/60%    40%/80%    Median

     BYS22A                1.497       0.942       1.000   58.66%       1.000      1.000      1.000
             358.000       0.418      -0.223       3.000    8.38%       2.000      2.000
     BYS22C                1.255       2.031       1.000   79.55%       1.000      1.000      1.000
             357.000       0.291       3.132       3.000    5.04%       1.000      2.000
     BYS22D                1.154       2.844       1.000   87.15%       1.000      1.000      1.000
             358.000       0.180       7.633       3.000    2.51%       1.000      1.000
     BYS22E                1.235       2.195       1.000   81.51%       1.000      1.000      1.000
             357.000       0.281       3.818       3.000    5.04%       1.000      1.000
     BYS22F                1.039       6.559       1.000   96.94%       1.000      1.000      1.000
             359.000       0.054      45.556       3.000    0.84%       1.000      1.000
     BYS22G                1.187       2.397       1.000   83.84%       1.000      1.000      1.000
             359.000       0.202       5.137       3.000    2.51%       1.000      1.000
     BYS22H                1.307       1.803       1.000   76.82%       1.000      1.000      1.000
             358.000       0.364       2.006       3.000    7.54%       1.000      2.000
     BYS24A                2.363       0.778       1.000   26.26%       1.000      2.000      2.000
             358.000       1.427      -0.137       5.000    9.22%       2.000      3.000
     BYS24B                1.497       2.114       1.000   72.19%       1.000      1.000      1.000
             356.000       0.913       3.942       5.000    2.81%       1.000      2.000
     BYS24C                2.599       0.537       1.000   15.25%       2.000      2.000      2.500
             354.000       1.218      -0.179       5.000    8.47%       3.000      3.000
     BYS24D                1.693       1.702       1.000   53.12%       1.000      1.000      1.000
             352.000       0.889       3.093       5.000    3.41%       2.000      2.000
     BYS24E                1.150       4.616       1.000   91.92%       1.000      1.000      1.000
             359.000       0.339      23.103       5.000    1.11%       1.000      1.000
     BYS24F                1.102       3.856       1.000   92.09%       1.000      1.000      1.000
             354.000       0.137      14.717       3.000    2.26%       1.000      1.000
     BYS22B                1.286       1.953       1.000   79.27%       1.000      1.000      1.000
             357.000       0.361       2.497       3.000    7.84%       1.000      2.000


SUMMARY OF MODEL FIT INFORMATION


                   Number of                   Degrees of
     Model        Parameters      Chi-Square    Freedom     P-Value

     1-factor          42            416.800        77       0.0000
     2-factor          55            126.080        64       0.0000
     3-factor          67             80.477        52       0.0069

                                               Degrees of
     Models Compared              Chi-Square    Freedom     P-Value

     1-factor against 2-factor       825.420        13       0.0000
     2-factor against 3-factor        38.192        12       0.0001



RESULTS FOR EXPLORATORY FACTOR ANALYSIS


           EIGENVALUES FOR SAMPLE CORRELATION MATRIX
                  1             2             3             4             5
              ________      ________      ________      ________      ________
                3.855         2.269         1.116         0.916         0.862


           EIGENVALUES FOR SAMPLE CORRELATION MATRIX
                  6             7             8             9            10
              ________      ________      ________      ________      ________
                0.795         0.674         0.601         0.579         0.536


           EIGENVALUES FOR SAMPLE CORRELATION MATRIX
                 11            12            13            14
              ________      ________      ________      ________
                0.529         0.489         0.438         0.341


           AVERAGE EIGENVALUES FROM PARALLEL ANALYSIS
                  1             2             3             4             5
              ________      ________      ________      ________      ________
                1.342         1.260         1.203         1.155         1.099


           AVERAGE EIGENVALUES FROM PARALLEL ANALYSIS
                  6             7             8             9            10
              ________      ________      ________      ________      ________
                1.056         1.008         0.967         0.928         0.889


           AVERAGE EIGENVALUES FROM PARALLEL ANALYSIS
                 11            12            13            14
              ________      ________      ________      ________
                0.846         0.800         0.754         0.691


           95 PERCENTILE EIGENVALUES FROM PARALLEL ANALYSIS
                  1             2             3             4             5
              ________      ________      ________      ________      ________
                1.412         1.332         1.262         1.199         1.129


           95 PERCENTILE EIGENVALUES FROM PARALLEL ANALYSIS
                  6             7             8             9            10
              ________      ________      ________      ________      ________
                1.089         1.049         1.004         0.962         0.923


           95 PERCENTILE EIGENVALUES FROM PARALLEL ANALYSIS
                 11            12            13            14
              ________      ________      ________      ________
                0.886         0.846         0.790         0.740


EXPLORATORY FACTOR ANALYSIS WITH 1 FACTOR(S):


MODEL FIT INFORMATION

Number of Free Parameters                       42

Loglikelihood

          H0 Value                       -4163.451
          H0 Scaling Correction Factor      3.0499
            for MLR
          H1 Value                       -3896.687
          H1 Scaling Correction Factor      1.9047
            for MLR

Information Criteria

          Akaike (AIC)                    8410.902
          Bayesian (BIC)                  8574.001
          Sample-Size Adjusted BIC        8440.756
            (n* = (n + 2) / 24)

Chi-Square Test of Model Fit

          Value                            416.800*
          Degrees of Freedom                    77
          P-Value                           0.0000
          Scaling Correction Factor         1.2801
            for MLR

*   The chi-square value for MLM, MLMV, MLR, ULSMV, WLSM and WLSMV cannot be used
    for chi-square difference testing in the regular way.  MLM, MLR and WLSM
    chi-square difference testing is described on the Mplus website.  MLMV, WLSMV,
    and ULSMV difference testing is done using the DIFFTEST option.

RMSEA (Root Mean Square Error Of Approximation)

          Estimate                           0.111
          90 Percent C.I.                    0.101  0.121
          Probability RMSEA <= .05           0.000

CFI/TLI

          CFI                                0.522
          TLI                                0.435

Chi-Square Test of Model Fit for the Baseline Model

          Value                            801.869
          Degrees of Freedom                    91
          P-Value                           0.0000

SRMR (Standardized Root Mean Square Residual)

          Value                              0.110



MINIMUM ROTATION FUNCTION VALUE       3.11423



           GEOMIN ROTATED LOADINGS (* significant at 5% level)
                  1
              ________
 BYS22A         0.542*
 BYS22C         0.552*
 BYS22D         0.696*
 BYS22E         0.503*
 BYS22F         0.332*
 BYS22G         0.647*
 BYS22H         0.332*
 BYS24A         0.277*
 BYS24B         0.446*
 BYS24C         0.255
 BYS24D         0.522*
 BYS24E         0.429*
 BYS24F         0.343*
 BYS22B         0.473*


           GEOMIN FACTOR CORRELATIONS (* significant at 5% level)
                  1
              ________
      1         1.000


           ESTIMATED RESIDUAL VARIANCES
              BYS22A        BYS22C        BYS22D        BYS22E        BYS22F
              ________      ________      ________      ________      ________
                0.707         0.695         0.515         0.747         0.890


           ESTIMATED RESIDUAL VARIANCES
              BYS22G        BYS22H        BYS24A        BYS24B        BYS24C
              ________      ________      ________      ________      ________
                0.582         0.890         0.923         0.801         0.935


           ESTIMATED RESIDUAL VARIANCES
              BYS24D        BYS24E        BYS24F        BYS22B
              ________      ________      ________      ________
                0.727         0.816         0.882         0.777


           S.E. GEOMIN ROTATED LOADINGS
                  1
              ________
 BYS22A         0.072
 BYS22C         0.106
 BYS22D         0.062
 BYS22E         0.129
 BYS22F         0.152
 BYS22G         0.113
 BYS22H         0.137
 BYS24A         0.135
 BYS24B         0.151
 BYS24C         0.137
 BYS24D         0.150
 BYS24E         0.163
 BYS24F         0.148
 BYS22B         0.072


           S.E. GEOMIN FACTOR CORRELATIONS
                  1
              ________
      1         0.000


           S.E. ESTIMATED RESIDUAL VARIANCES
              BYS22A        BYS22C        BYS22D        BYS22E        BYS22F
              ________      ________      ________      ________      ________
                0.078         0.117         0.087         0.130         0.101


           S.E. ESTIMATED RESIDUAL VARIANCES
              BYS22G        BYS22H        BYS24A        BYS24B        BYS24C
              ________      ________      ________      ________      ________
                0.146         0.091         0.075         0.135         0.070


           S.E. ESTIMATED RESIDUAL VARIANCES
              BYS24D        BYS24E        BYS24F        BYS22B
              ________      ________      ________      ________
                0.157         0.140         0.101         0.068


           Est./S.E. GEOMIN ROTATED LOADINGS
                  1
              ________
 BYS22A         7.563
 BYS22C         5.208
 BYS22D        11.174
 BYS22E         3.884
 BYS22F         2.181
 BYS22G         5.717
 BYS22H         2.426
 BYS24A         2.059
 BYS24B         2.949
 BYS24C         1.860
 BYS24D         3.478
 BYS24E         2.632
 BYS24F         2.324
 BYS22B         6.571


           Est./S.E. GEOMIN FACTOR CORRELATIONS
                  1
              ________
      1         0.000


           Est./S.E. ESTIMATED RESIDUAL VARIANCES
              BYS22A        BYS22C        BYS22D        BYS22E        BYS22F
              ________      ________      ________      ________      ________
                9.106         5.941         5.931         5.737         8.822


           Est./S.E. ESTIMATED RESIDUAL VARIANCES
              BYS22G        BYS22H        BYS24A        BYS24B        BYS24C
              ________      ________      ________      ________      ________
                3.980         9.810        12.374         5.948        13.326


           Est./S.E. ESTIMATED RESIDUAL VARIANCES
              BYS24D        BYS24E        BYS24F        BYS22B
              ________      ________      ________      ________
                4.634         5.844         8.699        11.418


EXPLORATORY FACTOR ANALYSIS WITH 2 FACTOR(S):


MODEL FIT INFORMATION

Number of Free Parameters                       55

Loglikelihood

          H0 Value                       -3988.340
          H0 Scaling Correction Factor      2.4293
            for MLR
          H1 Value                       -3896.687
          H1 Scaling Correction Factor      1.9047
            for MLR

Information Criteria

          Akaike (AIC)                    8086.680
          Bayesian (BIC)                  8300.263
          Sample-Size Adjusted BIC        8125.776
            (n* = (n + 2) / 24)

Chi-Square Test of Model Fit

          Value                            126.080*
          Degrees of Freedom                    64
          P-Value                           0.0000
          Scaling Correction Factor         1.4539
            for MLR

*   The chi-square value for MLM, MLMV, MLR, ULSMV, WLSM and WLSMV cannot be used
    for chi-square difference testing in the regular way.  MLM, MLR and WLSM
    chi-square difference testing is described on the Mplus website.  MLMV, WLSMV,
    and ULSMV difference testing is done using the DIFFTEST option.

RMSEA (Root Mean Square Error Of Approximation)

          Estimate                           0.052
          90 Percent C.I.                    0.038  0.065
          Probability RMSEA <= .05           0.386

CFI/TLI

          CFI                                0.913
          TLI                                0.876

Chi-Square Test of Model Fit for the Baseline Model

          Value                            801.869
          Degrees of Freedom                    91
          P-Value                           0.0000

SRMR (Standardized Root Mean Square Residual)

          Value                              0.044



MINIMUM ROTATION FUNCTION VALUE       0.80862



           GEOMIN ROTATED LOADINGS (* significant at 5% level)
                  1             2
              ________      ________
 BYS22A         0.499*        0.137*
 BYS22C         0.632*        0.002
 BYS22D         0.559*        0.265*
 BYS22E         0.641*       -0.081
 BYS22F         0.487*       -0.144
 BYS22G         0.693*        0.054
 BYS22H         0.537*       -0.186*
 BYS24A        -0.114         0.555*
 BYS24B         0.004         0.663*
 BYS24C        -0.117         0.532*
 BYS24D         0.109         0.639*
 BYS24E         0.047         0.579*
 BYS24F        -0.009         0.526*
 BYS22B         0.273*        0.320*


           GEOMIN FACTOR CORRELATIONS (* significant at 5% level)
                  1             2
              ________      ________
      1         1.000
      2         0.299*        1.000


           ESTIMATED RESIDUAL VARIANCES
              BYS22A        BYS22C        BYS22D        BYS22E        BYS22F
              ________      ________      ________      ________      ________
                0.692         0.599         0.529         0.613         0.784


           ESTIMATED RESIDUAL VARIANCES
              BYS22G        BYS22H        BYS24A        BYS24B        BYS24C
              ________      ________      ________      ________      ________
                0.494         0.737         0.717         0.559         0.741


           ESTIMATED RESIDUAL VARIANCES
              BYS24D        BYS24E        BYS24F        BYS22B
              ________      ________      ________      ________
                0.539         0.647         0.726         0.771


           S.E. GEOMIN ROTATED LOADINGS
                  1             2
              ________      ________
 BYS22A         0.061         0.068
 BYS22C         0.062         0.007
 BYS22D         0.109         0.126
 BYS22E         0.065         0.073
 BYS22F         0.128         0.086
 BYS22G         0.076         0.103
 BYS22H         0.071         0.064
 BYS24A         0.074         0.076
 BYS24B         0.024         0.059
 BYS24C         0.061         0.067
 BYS24D         0.094         0.089
 BYS24E         0.098         0.105
 BYS24F         0.087         0.105
 BYS22B         0.083         0.087


           S.E. GEOMIN FACTOR CORRELATIONS
                  1             2
              ________      ________
      1         0.000
      2         0.104         0.000


           S.E. ESTIMATED RESIDUAL VARIANCES
              BYS22A        BYS22C        BYS22D        BYS22E        BYS22F
              ________      ________      ________      ________      ________
                0.054         0.080         0.080         0.075         0.114


           S.E. ESTIMATED RESIDUAL VARIANCES
              BYS22G        BYS22H        BYS24A        BYS24B        BYS24C
              ________      ________      ________      ________      ________
                0.084         0.069         0.077         0.076         0.067


           S.E. ESTIMATED RESIDUAL VARIANCES
              BYS24D        BYS24E        BYS24F        BYS22B
              ________      ________      ________      ________
                0.089         0.110         0.099         0.059


           Est./S.E. GEOMIN ROTATED LOADINGS
                  1             2
              ________      ________
 BYS22A         8.167         2.018
 BYS22C        10.120         0.289
 BYS22D         5.127         2.104
 BYS22E         9.876        -1.113
 BYS22F         3.802        -1.675
 BYS22G         9.126         0.525
 BYS22H         7.535        -2.922
 BYS24A        -1.546         7.318
 BYS24B         0.152        11.296
 BYS24C        -1.916         7.917
 BYS24D         1.150         7.178
 BYS24E         0.477         5.530
 BYS24F        -0.108         5.011
 BYS22B         3.272         3.679


           Est./S.E. GEOMIN FACTOR CORRELATIONS
                  1             2
              ________      ________
      1         0.000
      2         2.870         0.000


           Est./S.E. ESTIMATED RESIDUAL VARIANCES
              BYS22A        BYS22C        BYS22D        BYS22E        BYS22F
              ________      ________      ________      ________      ________
               12.731         7.505         6.636         8.143         6.900


           Est./S.E. ESTIMATED RESIDUAL VARIANCES
              BYS22G        BYS22H        BYS24A        BYS24B        BYS24C
              ________      ________      ________      ________      ________
                5.866        10.704         9.343         7.316        11.047


           Est./S.E. ESTIMATED RESIDUAL VARIANCES
              BYS24D        BYS24E        BYS24F        BYS22B
              ________      ________      ________      ________
                6.056         5.898         7.350        13.068


           FACTOR STRUCTURE
                  1             2
              ________      ________
 BYS22A         0.540         0.286
 BYS22C         0.633         0.191
 BYS22D         0.638         0.432
 BYS22E         0.617         0.111
 BYS22F         0.444         0.002
 BYS22G         0.710         0.262
 BYS22H         0.481        -0.026
 BYS24A         0.052         0.520
 BYS24B         0.202         0.664
 BYS24C         0.042         0.497
 BYS24D         0.300         0.671
 BYS24E         0.220         0.593
 BYS24F         0.148         0.523
 BYS22B         0.368         0.401


EXPLORATORY FACTOR ANALYSIS WITH 3 FACTOR(S):


MODEL FIT INFORMATION

Number of Free Parameters                       67

Loglikelihood

          H0 Value                       -3950.090
          H0 Scaling Correction Factor      2.3530
            for MLR
          H1 Value                       -3896.687
          H1 Scaling Correction Factor      1.9047
            for MLR

Information Criteria

          Akaike (AIC)                    8034.180
          Bayesian (BIC)                  8294.362
          Sample-Size Adjusted BIC        8081.805
            (n* = (n + 2) / 24)

Chi-Square Test of Model Fit

          Value                             80.477*
          Degrees of Freedom                    52
          P-Value                           0.0069
          Scaling Correction Factor         1.3272
            for MLR

*   The chi-square value for MLM, MLMV, MLR, ULSMV, WLSM and WLSMV cannot be used
    for chi-square difference testing in the regular way.  MLM, MLR and WLSM
    chi-square difference testing is described on the Mplus website.  MLMV, WLSMV,
    and ULSMV difference testing is done using the DIFFTEST option.

RMSEA (Root Mean Square Error Of Approximation)

          Estimate                           0.039
          90 Percent C.I.                    0.021  0.055
          Probability RMSEA <= .05           0.860

CFI/TLI

          CFI                                0.960
          TLI                                0.930

Chi-Square Test of Model Fit for the Baseline Model

          Value                            801.869
          Degrees of Freedom                    91
          P-Value                           0.0000

SRMR (Standardized Root Mean Square Residual)

          Value                              0.031



MINIMUM ROTATION FUNCTION VALUE       0.31903



           GEOMIN ROTATED LOADINGS (* significant at 5% level)
                  1             2             3
              ________      ________      ________
 BYS22A         0.501*        0.193*        0.011
 BYS22C         0.627*        0.071        -0.007
 BYS22D         0.502*       -0.021         0.384
 BYS22E         0.625*       -0.019        -0.009
 BYS22F         0.495*       -0.001        -0.120
 BYS22G         0.657*       -0.003         0.137
 BYS22H         0.557*        0.029        -0.196
 BYS24A        -0.079         0.691*       -0.033
 BYS24B         0.017         0.623*        0.164
 BYS24C        -0.088         0.597*        0.021
 BYS24D         0.030         0.156         0.619*
 BYS24E        -0.056         0.021         0.699*
 BYS24F        -0.073         0.092         0.534*
 BYS22B         0.259*        0.198         0.188


           GEOMIN FACTOR CORRELATIONS (* significant at 5% level)
                  1             2             3
              ________      ________      ________
      1         1.000
      2         0.156         1.000
      3         0.295         0.496*        1.000


           ESTIMATED RESIDUAL VARIANCES
              BYS22A        BYS22C        BYS22D        BYS22E        BYS22F
              ________      ________      ________      ________      ________
                0.676         0.591         0.497         0.616         0.776


           ESTIMATED RESIDUAL VARIANCES
              BYS22G        BYS22H        BYS24A        BYS24B        BYS24C
              ________      ________      ________      ________      ________
                0.497         0.715         0.553         0.478         0.640


           ESTIMATED RESIDUAL VARIANCES
              BYS24D        BYS24E        BYS24F        BYS22B
              ________      ________      ________      ________
                0.484         0.517         0.678         0.777


           S.E. GEOMIN ROTATED LOADINGS
                  1             2             3
              ________      ________      ________
 BYS22A         0.076         0.096         0.078
 BYS22C         0.070         0.146         0.088
 BYS22D         0.147         0.058         0.202
 BYS22E         0.061         0.110         0.080
 BYS22F         0.128         0.081         0.153
 BYS22G         0.090         0.049         0.137
 BYS22H         0.075         0.140         0.114
 BYS24A         0.171         0.163         0.164
 BYS24B         0.060         0.129         0.166
 BYS24C         0.105         0.107         0.076
 BYS24D         0.091         0.131         0.135
 BYS24E         0.178         0.166         0.215
 BYS24F         0.131         0.129         0.177
 BYS22B         0.099         0.119         0.159


           S.E. GEOMIN FACTOR CORRELATIONS
                  1             2             3
              ________      ________      ________
      1         0.000
      2         0.203         0.000
      3         0.240         0.144         0.000


           S.E. ESTIMATED RESIDUAL VARIANCES
              BYS22A        BYS22C        BYS22D        BYS22E        BYS22F
              ________      ________      ________      ________      ________
                0.059         0.083         0.103         0.077         0.113


           S.E. ESTIMATED RESIDUAL VARIANCES
              BYS22G        BYS22H        BYS24A        BYS24B        BYS24C
              ________      ________      ________      ________      ________
                0.084         0.084         0.147         0.071         0.088


           S.E. ESTIMATED RESIDUAL VARIANCES
              BYS24D        BYS24E        BYS24F        BYS22B
              ________      ________      ________      ________
                0.101         0.155         0.135         0.059


           Est./S.E. GEOMIN ROTATED LOADINGS
                  1             2             3
              ________      ________      ________
 BYS22A         6.552         2.018         0.140
 BYS22C         9.007         0.491        -0.075
 BYS22D         3.413        -0.357         1.902
 BYS22E        10.198        -0.168        -0.110
 BYS22F         3.862        -0.017        -0.787
 BYS22G         7.303        -0.057         1.000
 BYS22H         7.394         0.209        -1.713
 BYS24A        -0.465         4.241        -0.202
 BYS24B         0.290         4.816         0.987
 BYS24C        -0.836         5.558         0.271
 BYS24D         0.333         1.191         4.570
 BYS24E        -0.312         0.123         3.248
 BYS24F        -0.557         0.714         3.013
 BYS22B         2.625         1.668         1.180


           Est./S.E. GEOMIN FACTOR CORRELATIONS
                  1             2             3
              ________      ________      ________
      1         0.000
      2         0.769         0.000
      3         1.232         3.451         0.000


           Est./S.E. ESTIMATED RESIDUAL VARIANCES
              BYS22A        BYS22C        BYS22D        BYS22E        BYS22F
              ________      ________      ________      ________      ________
               11.418         7.103         4.833         8.049         6.879


           Est./S.E. ESTIMATED RESIDUAL VARIANCES
              BYS22G        BYS22H        BYS24A        BYS24B        BYS24C
              ________      ________      ________      ________      ________
                5.913         8.475         3.767         6.779         7.295


           Est./S.E. ESTIMATED RESIDUAL VARIANCES
              BYS24D        BYS24E        BYS24F        BYS22B
              ________      ________      ________      ________
                4.767         3.339         5.031        13.208


           FACTOR STRUCTURE
                  1             2             3
              ________      ________      ________
 BYS22A         0.534         0.276         0.255
 BYS22C         0.636         0.166         0.214
 BYS22D         0.612         0.248         0.522
 BYS22E         0.619         0.074         0.167
 BYS22F         0.459         0.016         0.025
 BYS22G         0.697         0.167         0.330
 BYS22H         0.504         0.019        -0.017
 BYS24A         0.018         0.662         0.286
 BYS24B         0.163         0.707         0.478
 BYS24C         0.011         0.594         0.291
 BYS24D         0.237         0.467         0.705
 BYS24E         0.154         0.358         0.693
 BYS24F         0.099         0.345         0.558
 BYS22B         0.345         0.332         0.362


PLOT INFORMATION

The following plots are available:

  Histograms (sample values)
  Scatterplots (sample values)
  Eigenvalues for exploratory factor analysis

     Beginning Time:  08:45:14
        Ending Time:  08:45:14
       Elapsed Time:  00:00:00



MUTHEN & MUTHEN
3463 Stoner Ave.
Los Angeles, CA  90066

Tel: (310) 391-9971
Fax: (310) 391-8971
Web: www.StatModel.com
Support: Support@StatModel.com

Copyright (c) 1998-2021 Muthen & Muthen
