Mplus VERSION 8.6 (Mac)
MUTHEN & MUTHEN
06/01/2021   8:45 AM

INPUT INSTRUCTIONS

  TITLE:
  Varimax Orthogonal EFA - LAB 5 DEMO
  DATA:
  FILE = "/Users/agarber/github/NTNU-start/05-cfa/efa_mplus/efa_varimax_orthogonal.dat";

  VARIABLE:
  NAMES = BYS22A BYS22C BYS22D BYS22E BYS22F BYS22G BYS22H BYS24A BYS24B BYS24C BYS24D
       BYS24E BYS24F BYS22B;
   MISSING=.;
    ! removed BYS24G (due to low loading < .2)
      usevar = BYS22A-BYS22B;
  ANALYSIS:
  type = efa 1 3;
       estimator = mlr;
       rotation = varimax; ! orthogonal (no factor correlations)
       parallel=50; ! run parallel analysis
  OUTPUT:
  sampstat;
  PLOT:
  type = plot3;



*** WARNING
  Data set contains cases with missing on all variables.
  These cases were not included in the analysis.
  Number of cases with missing on all variables:  38
   1 WARNING(S) FOUND IN THE INPUT INSTRUCTIONS




Varimax Orthogonal EFA - LAB 5 DEMO

SUMMARY OF ANALYSIS

Number of groups                                                 1
Number of observations                                         359

Number of dependent variables                                   14
Number of independent variables                                  0
Number of continuous latent variables                            0

Observed dependent variables

  Continuous
   BYS22A      BYS22C      BYS22D      BYS22E      BYS22F      BYS22G
   BYS22H      BYS24A      BYS24B      BYS24C      BYS24D      BYS24E
   BYS24F      BYS22B


Estimator                                                      MLR
Rotation                                                   VARIMAX
Row standardization                                    CORRELATION
Type of rotation                                        ORTHOGONAL
Information matrix                                        OBSERVED
Maximum number of iterations                                  1000
Convergence criterion                                    0.500D-04
Maximum number of steepest descent iterations                   20
Maximum number of iterations for H1                           2000
Convergence criterion for H1                             0.100D-03
Optimization Specifications for the Exploratory Factor Analysis
Rotation Algorithm
  Number of random starts                                        0
  Maximum number of iterations                               10000
  Derivative convergence criterion                       0.100D-04

Input data file(s)
  /Users/agarber/github/NTNU-start/05-cfa/efa_mplus/efa_varimax_orthogonal.dat

Input data format  FREE


SUMMARY OF DATA

     Number of missing data patterns            14


COVARIANCE COVERAGE OF DATA

Minimum covariance coverage value   0.100


     PROPORTION OF DATA PRESENT


           Covariance Coverage
              BYS22A        BYS22C        BYS22D        BYS22E        BYS22F
              ________      ________      ________      ________      ________
 BYS22A         0.997
 BYS22C         0.992         0.994
 BYS22D         0.994         0.994         0.997
 BYS22E         0.992         0.989         0.992         0.994
 BYS22F         0.997         0.994         0.997         0.994         1.000
 BYS22G         0.997         0.994         0.997         0.994         1.000
 BYS22H         0.994         0.994         0.997         0.992         0.997
 BYS24A         0.994         0.992         0.994         0.992         0.997
 BYS24B         0.989         0.986         0.989         0.986         0.992
 BYS24C         0.983         0.983         0.986         0.981         0.986
 BYS24D         0.978         0.975         0.978         0.978         0.981
 BYS24E         0.997         0.994         0.997         0.994         1.000
 BYS24F         0.983         0.981         0.983         0.981         0.986
 BYS22B         0.992         0.992         0.994         0.989         0.994


           Covariance Coverage
              BYS22G        BYS22H        BYS24A        BYS24B        BYS24C
              ________      ________      ________      ________      ________
 BYS22G         1.000
 BYS22H         0.997         0.997
 BYS24A         0.997         0.994         0.997
 BYS24B         0.992         0.989         0.989         0.992
 BYS24C         0.986         0.986         0.983         0.981         0.986
 BYS24D         0.981         0.978         0.978         0.972         0.969
 BYS24E         1.000         0.997         0.997         0.992         0.986
 BYS24F         0.986         0.983         0.983         0.978         0.972
 BYS22B         0.994         0.994         0.992         0.986         0.983


           Covariance Coverage
              BYS24D        BYS24E        BYS24F        BYS22B
              ________      ________      ________      ________
 BYS24D         0.981
 BYS24E         0.981         1.000
 BYS24F         0.967         0.986         0.986
 BYS22B         0.975         0.994         0.981         0.994


SAMPLE STATISTICS


     ESTIMATED SAMPLE STATISTICS


           Means
              BYS22A        BYS22C        BYS22D        BYS22E        BYS22F
              ________      ________      ________      ________      ________
                1.498         1.254         1.154         1.234         1.039


           Means
              BYS22G        BYS22H        BYS24A        BYS24B        BYS24C
              ________      ________      ________      ________      ________
                1.187         1.307         2.364         1.498         2.605


           Means
              BYS24D        BYS24E        BYS24F        BYS22B
              ________      ________      ________      ________
                1.689         1.150         1.106         1.286


           Covariances
              BYS22A        BYS22C        BYS22D        BYS22E        BYS22F
              ________      ________      ________      ________      ________
 BYS22A         0.417
 BYS22C         0.121         0.291
 BYS22D         0.093         0.089         0.180
 BYS22E         0.137         0.108         0.084         0.281
 BYS22F         0.028         0.035         0.030         0.024         0.054
 BYS22G         0.118         0.098         0.094         0.104         0.037
 BYS22H         0.075         0.143         0.048         0.109         0.035
 BYS24A         0.134         0.014         0.056         0.021        -0.006
 BYS24B         0.127         0.077         0.113         0.020         0.011
 BYS24C         0.078         0.053         0.036         0.001        -0.012
 BYS24D         0.139         0.105         0.148         0.075        -0.002
 BYS24E         0.056         0.048         0.072         0.029        -0.006
 BYS24F         0.023         0.006         0.051         0.005         0.001
 BYS22B         0.096         0.075         0.079         0.058         0.017


           Covariances
              BYS22G        BYS22H        BYS24A        BYS24B        BYS24C
              ________      ________      ________      ________      ________
 BYS22G         0.202
 BYS22H         0.079         0.364
 BYS24A         0.047        -0.059         1.426
 BYS24B         0.069         0.023         0.528         0.910
 BYS24C         0.012         0.001         0.523         0.438         1.221
 BYS24D         0.092         0.027         0.368         0.329         0.268
 BYS24E         0.055        -0.013         0.110         0.204         0.160
 BYS24F         0.023        -0.012         0.097         0.107         0.087
 BYS22B         0.080         0.040         0.085         0.184         0.132


           Covariances
              BYS24D        BYS24E        BYS24F        BYS22B
              ________      ________      ________      ________
 BYS24D         0.883
 BYS24E         0.286         0.339
 BYS24F         0.135         0.074         0.139
 BYS22B         0.163         0.072         0.047         0.361


           Correlations
              BYS22A        BYS22C        BYS22D        BYS22E        BYS22F
              ________      ________      ________      ________      ________
 BYS22A         1.000
 BYS22C         0.347         1.000
 BYS22D         0.340         0.390         1.000
 BYS22E         0.400         0.378         0.372         1.000
 BYS22F         0.186         0.276         0.306         0.196         1.000
 BYS22G         0.407         0.403         0.492         0.437         0.356
 BYS22H         0.193         0.438         0.186         0.342         0.252
 BYS24A         0.174         0.021         0.110         0.034        -0.021
 BYS24B         0.207         0.149         0.279         0.040         0.051
 BYS24C         0.109         0.089         0.076         0.001        -0.048
 BYS24D         0.229         0.208         0.372         0.150        -0.008
 BYS24E         0.149         0.154         0.293         0.094        -0.043
 BYS24F         0.097         0.028         0.324         0.024         0.017
 BYS22B         0.249         0.232         0.309         0.184         0.119


           Correlations
              BYS22G        BYS22H        BYS24A        BYS24B        BYS24C
              ________      ________      ________      ________      ________
 BYS22G         1.000
 BYS22H         0.293         1.000
 BYS24A         0.087        -0.081         1.000
 BYS24B         0.160         0.040         0.464         1.000
 BYS24C         0.025         0.002         0.396         0.416         1.000
 BYS24D         0.218         0.048         0.328         0.367         0.258
 BYS24E         0.212        -0.036         0.158         0.366         0.248
 BYS24F         0.135        -0.053         0.218         0.302         0.211
 BYS22B         0.298         0.112         0.119         0.321         0.199


           Correlations
              BYS24D        BYS24E        BYS24F        BYS22B
              ________      ________      ________      ________
 BYS24D         1.000
 BYS24E         0.523         1.000
 BYS24F         0.385         0.343         1.000
 BYS22B         0.289         0.207         0.210         1.000


     MAXIMUM LOG-LIKELIHOOD VALUE FOR THE UNRESTRICTED (H1) MODEL IS -3896.687


UNIVARIATE SAMPLE STATISTICS


     UNIVARIATE HIGHER-ORDER MOMENT DESCRIPTIVE STATISTICS

         Variable/         Mean/     Skewness/   Minimum/ % with                Percentiles
        Sample Size      Variance    Kurtosis    Maximum  Min/Max      20%/60%    40%/80%    Median

     BYS22A                1.497       0.942       1.000   58.66%       1.000      1.000      1.000
             358.000       0.418      -0.223       3.000    8.38%       2.000      2.000
     BYS22C                1.255       2.031       1.000   79.55%       1.000      1.000      1.000
             357.000       0.291       3.132       3.000    5.04%       1.000      2.000
     BYS22D                1.154       2.844       1.000   87.15%       1.000      1.000      1.000
             358.000       0.180       7.633       3.000    2.51%       1.000      1.000
     BYS22E                1.235       2.195       1.000   81.51%       1.000      1.000      1.000
             357.000       0.281       3.818       3.000    5.04%       1.000      1.000
     BYS22F                1.039       6.559       1.000   96.94%       1.000      1.000      1.000
             359.000       0.054      45.556       3.000    0.84%       1.000      1.000
     BYS22G                1.187       2.397       1.000   83.84%       1.000      1.000      1.000
             359.000       0.202       5.137       3.000    2.51%       1.000      1.000
     BYS22H                1.307       1.803       1.000   76.82%       1.000      1.000      1.000
             358.000       0.364       2.006       3.000    7.54%       1.000      2.000
     BYS24A                2.363       0.778       1.000   26.26%       1.000      2.000      2.000
             358.000       1.427      -0.137       5.000    9.22%       2.000      3.000
     BYS24B                1.497       2.114       1.000   72.19%       1.000      1.000      1.000
             356.000       0.913       3.942       5.000    2.81%       1.000      2.000
     BYS24C                2.599       0.537       1.000   15.25%       2.000      2.000      2.500
             354.000       1.218      -0.179       5.000    8.47%       3.000      3.000
     BYS24D                1.693       1.702       1.000   53.12%       1.000      1.000      1.000
             352.000       0.889       3.093       5.000    3.41%       2.000      2.000
     BYS24E                1.150       4.616       1.000   91.92%       1.000      1.000      1.000
             359.000       0.339      23.103       5.000    1.11%       1.000      1.000
     BYS24F                1.102       3.856       1.000   92.09%       1.000      1.000      1.000
             354.000       0.137      14.717       3.000    2.26%       1.000      1.000
     BYS22B                1.286       1.953       1.000   79.27%       1.000      1.000      1.000
             357.000       0.361       2.497       3.000    7.84%       1.000      2.000


SUMMARY OF MODEL FIT INFORMATION


                                  Degrees of
     Model           Chi-Square    Freedom     P-Value

     1-factor           533.527        77       0.0000
     2-factor           183.306        64       0.0000
     3-factor           106.805        52       0.0000

                                               Degrees of
     Models Compared              Chi-Square    Freedom     P-Value

     1-factor against 2-factor       350.221        13       0.0000
     2-factor against 3-factor        76.501        12       0.0000



RESULTS FOR EXPLORATORY FACTOR ANALYSIS


           EIGENVALUES FOR SAMPLE CORRELATION MATRIX
                  1             2             3             4             5
              ________      ________      ________      ________      ________
                3.855         2.269         1.116         0.916         0.862


           EIGENVALUES FOR SAMPLE CORRELATION MATRIX
                  6             7             8             9            10
              ________      ________      ________      ________      ________
                0.795         0.674         0.601         0.579         0.536


           EIGENVALUES FOR SAMPLE CORRELATION MATRIX
                 11            12            13            14
              ________      ________      ________      ________
                0.529         0.489         0.438         0.341


EXPLORATORY FACTOR ANALYSIS WITH 1 FACTOR(S):


MODEL FIT INFORMATION

Chi-Square Test of Model Fit

          Value                            533.527*
          Degrees of Freedom                    77
          P-Value                           0.0000

*   The chi-square value for MLM, MLMV, MLR, ULSMV, WLSM and WLSMV cannot be used
    for chi-square difference testing in the regular way.  MLM, MLR and WLSM
    chi-square difference testing is described on the Mplus website.  MLMV, WLSMV,
    and ULSMV difference testing is done using the DIFFTEST option.

RMSEA (Root Mean Square Error Of Approximation)

          Estimate                           0.129
          90 Percent C.I.                    0.118  0.139
          Probability RMSEA <= .05           0.000

Root Mean Square Residual

          Value                              0.125


           ESTIMATED FACTOR LOADINGS
                  1
              ________
 BYS22A         0.542
 BYS22C         0.552
 BYS22D         0.696
 BYS22E         0.503
 BYS22F         0.332
 BYS22G         0.647
 BYS22H         0.332
 BYS24A         0.277
 BYS24B         0.446
 BYS24C         0.255
 BYS24D         0.522
 BYS24E         0.429
 BYS24F         0.343
 BYS22B         0.473


           ESTIMATED RESIDUAL VARIANCES
              BYS22A        BYS22C        BYS22D        BYS22E        BYS22F
              ________      ________      ________      ________      ________
                0.707         0.695         0.515         0.747         0.890


           ESTIMATED RESIDUAL VARIANCES
              BYS22G        BYS22H        BYS24A        BYS24B        BYS24C
              ________      ________      ________      ________      ________
                0.582         0.890         0.923         0.801         0.935


           ESTIMATED RESIDUAL VARIANCES
              BYS24D        BYS24E        BYS24F        BYS22B
              ________      ________      ________      ________
                0.727         0.816         0.882         0.777


EXPLORATORY FACTOR ANALYSIS WITH 2 FACTOR(S):


MODEL FIT INFORMATION

Chi-Square Test of Model Fit

          Value                            183.306*
          Degrees of Freedom                    64
          P-Value                           0.0000

*   The chi-square value for MLM, MLMV, MLR, ULSMV, WLSM and WLSMV cannot be used
    for chi-square difference testing in the regular way.  MLM, MLR and WLSM
    chi-square difference testing is described on the Mplus website.  MLMV, WLSMV,
    and ULSMV difference testing is done using the DIFFTEST option.

RMSEA (Root Mean Square Error Of Approximation)

          Estimate                           0.072
          90 Percent C.I.                    0.060  0.084
          Probability RMSEA <= .05           0.002

Root Mean Square Residual

          Value                              0.050


           VARIMAX ROTATED LOADINGS
                  1             2
              ________      ________
 BYS22A         0.509         0.220
 BYS22C         0.623         0.110
 BYS22D         0.585         0.358
 BYS22E         0.621         0.029
 BYS22F         0.461        -0.059
 BYS22G         0.690         0.172
 BYS22H         0.505        -0.093
 BYS24A        -0.039         0.530
 BYS24B         0.091         0.658
 BYS24C        -0.045         0.507
 BYS24D         0.191         0.652
 BYS24E         0.123         0.582
 BYS24F         0.060         0.520
 BYS22B         0.311         0.364


           ESTIMATED RESIDUAL VARIANCES
              BYS22A        BYS22C        BYS22D        BYS22E        BYS22F
              ________      ________      ________      ________      ________
                0.692         0.599         0.529         0.613         0.784


           ESTIMATED RESIDUAL VARIANCES
              BYS22G        BYS22H        BYS24A        BYS24B        BYS24C
              ________      ________      ________      ________      ________
                0.494         0.737         0.717         0.559         0.741


           ESTIMATED RESIDUAL VARIANCES
              BYS24D        BYS24E        BYS24F        BYS22B
              ________      ________      ________      ________
                0.539         0.647         0.726         0.771


EXPLORATORY FACTOR ANALYSIS WITH 3 FACTOR(S):


MODEL FIT INFORMATION

Chi-Square Test of Model Fit

          Value                            106.805*
          Degrees of Freedom                    52
          P-Value                           0.0000

*   The chi-square value for MLM, MLMV, MLR, ULSMV, WLSM and WLSMV cannot be used
    for chi-square difference testing in the regular way.  MLM, MLR and WLSM
    chi-square difference testing is described on the Mplus website.  MLMV, WLSMV,
    and ULSMV difference testing is done using the DIFFTEST option.

RMSEA (Root Mean Square Error Of Approximation)

          Estimate                           0.054
          90 Percent C.I.                    0.039  0.069
          Probability RMSEA <= .05           0.303

Root Mean Square Residual

          Value                              0.035


           VARIMAX ROTATED LOADINGS
                  1             2             3
              ________      ________      ________
 BYS22A         0.519         0.184         0.142
 BYS22C         0.627         0.064         0.111
 BYS22D         0.550         0.063         0.443
 BYS22E         0.614        -0.022         0.083
 BYS22F         0.471        -0.030        -0.039
 BYS22G         0.669         0.025         0.233
 BYS22H         0.525        -0.018        -0.094
 BYS24A        -0.002         0.652         0.147
 BYS24B         0.115         0.631         0.333
 BYS24C        -0.013         0.575         0.172
 BYS24D         0.140         0.286         0.644
 BYS24E         0.051         0.175         0.671
 BYS24F         0.018         0.206         0.529
 BYS22B         0.307         0.230         0.276


           ESTIMATED RESIDUAL VARIANCES
              BYS22A        BYS22C        BYS22D        BYS22E        BYS22F
              ________      ________      ________      ________      ________
                0.676         0.591         0.497         0.616         0.776


           ESTIMATED RESIDUAL VARIANCES
              BYS22G        BYS22H        BYS24A        BYS24B        BYS24C
              ________      ________      ________      ________      ________
                0.497         0.715         0.553         0.478         0.640


           ESTIMATED RESIDUAL VARIANCES
              BYS24D        BYS24E        BYS24F        BYS22B
              ________      ________      ________      ________
                0.484         0.517         0.678         0.777


PLOT INFORMATION

The following plots are available:

  Histograms (sample values)
  Scatterplots (sample values)
  Eigenvalues for exploratory factor analysis

     Beginning Time:  08:45:28
        Ending Time:  08:45:28
       Elapsed Time:  00:00:00



MUTHEN & MUTHEN
3463 Stoner Ave.
Los Angeles, CA  90066

Tel: (310) 391-9971
Fax: (310) 391-8971
Web: www.StatModel.com
Support: Support@StatModel.com

Copyright (c) 1998-2021 Muthen & Muthen
