Mplus VERSION 8.6 (Mac)
MUTHEN & MUTHEN
06/02/2021  10:57 AM

INPUT INSTRUCTIONS

  TITLE:
  CFA 1 - normal, no missing
  MONTECARLO:
  NAMES ARE y1-y10;
       NOBSERVATIONS = 150;
       NREPS = 1000;
       SEED = 53487;
       CLASSES = C(1);
       GENCLASSES = C(1);
       SAVE = cfa1.sav;
  MODEL POPULATION:
  %OVERALL%           !
       f1 BY y1-y5*.8;     !  factor loadings = .8 (average?)
       f2 BY y6-y10*.8;    !
       f1@1 f2@1;          !  factor variances = 1 (fixed)
       y1-y10*.36;         !  residual variances = .36
       f1 WITH f2*.25;     !  factor correlation = .25

  ANALYSIS:
  TYPE = MIXTURE;
       ESTIMATOR = ML; ! when normal MLR simplifies to ML
  MODEL:
  %OVERALL%
       f1 BY y1-y5*.8;
       f2 BY y6-y10*.8;
       f1@1 f2@1;
       y1-y10*.36;
       f1 WITH f2*.25;
  OUTPUT:
  TECH9;



INPUT READING TERMINATED NORMALLY




CFA 1 - normal, no missing

SUMMARY OF ANALYSIS

Number of groups                                                 1
Number of observations                                         150

Number of replications
    Requested                                                 1000
    Completed                                                 1000
Value of seed                                                53487

Number of dependent variables                                   10
Number of independent variables                                  0
Number of continuous latent variables                            2
Number of categorical latent variables                           1

Observed dependent variables

  Continuous
   Y1          Y2          Y3          Y4          Y5          Y6
   Y7          Y8          Y9          Y10

Continuous latent variables
   F1          F2

Categorical latent variables
   C


Estimator                                                       ML
Information matrix                                        OBSERVED
Optimization Specifications for the Quasi-Newton Algorithm for
Continuous Outcomes
  Maximum number of iterations                                 100
  Convergence criterion                                  0.100D-05
Optimization Specifications for the EM Algorithm
  Maximum number of iterations                                 500
  Convergence criteria
    Loglikelihood change                                 0.100D-06
    Relative loglikelihood change                        0.100D-06
    Derivative                                           0.100D-05
Optimization Specifications for the M step of the EM Algorithm for
Categorical Latent variables
  Number of M step iterations                                    1
  M step convergence criterion                           0.100D-05
  Basis for M step termination                           ITERATION
Optimization Specifications for the M step of the EM Algorithm for
Censored, Binary or Ordered Categorical (Ordinal), Unordered
Categorical (Nominal) and Count Outcomes
  Number of M step iterations                                    1
  M step convergence criterion                           0.100D-05
  Basis for M step termination                           ITERATION
  Maximum value for logit thresholds                            15
  Minimum value for logit thresholds                           -15
  Minimum expected cell size for chi-square              0.100D-01
Optimization algorithm                                         EMA


SAMPLE STATISTICS FOR THE FIRST REPLICATION


     SAMPLE STATISTICS


           Means
              Y1            Y2            Y3            Y4            Y5
              ________      ________      ________      ________      ________
                0.108         0.040         0.069         0.007        -0.048


           Means
              Y6            Y7            Y8            Y9            Y10
              ________      ________      ________      ________      ________
               -0.084         0.036        -0.005        -0.026        -0.015


           Covariances
              Y1            Y2            Y3            Y4            Y5
              ________      ________      ________      ________      ________
 Y1             0.899
 Y2             0.607         0.938
 Y3             0.566         0.535         0.960
 Y4             0.575         0.592         0.596         0.936
 Y5             0.516         0.539         0.510         0.592         0.928
 Y6             0.067         0.146         0.093         0.078         0.118
 Y7             0.083         0.124         0.063         0.149         0.094
 Y8             0.122         0.172         0.158         0.196         0.154
 Y9             0.073         0.082         0.146         0.137         0.107
 Y10            0.232         0.168         0.141         0.221         0.140


           Covariances
              Y6            Y7            Y8            Y9            Y10
              ________      ________      ________      ________      ________
 Y6             0.869
 Y7             0.628         1.098
 Y8             0.574         0.717         1.041
 Y9             0.525         0.643         0.686         0.949
 Y10            0.608         0.760         0.768         0.729         1.137


           Correlations
              Y1            Y2            Y3            Y4            Y5
              ________      ________      ________      ________      ________
 Y1             1.000
 Y2             0.661         1.000
 Y3             0.610         0.563         1.000
 Y4             0.627         0.632         0.629         1.000
 Y5             0.565         0.578         0.541         0.635         1.000
 Y6             0.076         0.162         0.101         0.087         0.132
 Y7             0.084         0.122         0.061         0.146         0.093
 Y8             0.126         0.174         0.158         0.199         0.157
 Y9             0.079         0.087         0.153         0.146         0.114
 Y10            0.229         0.162         0.135         0.214         0.136


           Correlations
              Y6            Y7            Y8            Y9            Y10
              ________      ________      ________      ________      ________
 Y6             1.000
 Y7             0.643         1.000
 Y8             0.604         0.671         1.000
 Y9             0.578         0.630         0.691         1.000
 Y10            0.612         0.680         0.706         0.702         1.000




MODEL FIT INFORMATION

Number of Free Parameters                       31

Loglikelihood

    H0 Value

        Mean                             -1687.043
        Std Dev                             26.947
        Number of successful computations     1000

             Proportions                   Percentiles
        Expected    Observed         Expected       Observed
           0.990       0.992        -1749.730      -1747.852
           0.980       0.984        -1742.384      -1740.707
           0.950       0.957        -1731.368      -1729.797
           0.900       0.899        -1721.578      -1721.985
           0.800       0.795        -1709.722      -1710.269
           0.700       0.689        -1701.174      -1702.272
           0.500       0.503        -1687.043      -1686.969
           0.300       0.292        -1672.912      -1673.544
           0.200       0.189        -1664.364      -1665.485
           0.100       0.104        -1652.508      -1651.543
           0.050       0.055        -1642.718      -1641.589
           0.020       0.023        -1631.702      -1631.516
           0.010       0.008        -1624.356      -1625.243

Information Criteria

    Akaike (AIC)

        Mean                              3436.086
        Std Dev                             53.894
        Number of successful computations     1000

             Proportions                   Percentiles
        Expected    Observed         Expected       Observed
           0.990       0.992         3310.712       3312.393
           0.980       0.977         3325.404       3321.091
           0.950       0.945         3347.436       3343.820
           0.900       0.896         3367.015       3364.610
           0.800       0.811         3390.729       3392.238
           0.700       0.708         3407.824       3409.056
           0.500       0.497         3436.086       3435.914
           0.300       0.311         3464.348       3466.361
           0.200       0.205         3481.443       3482.356
           0.100       0.101         3505.157       3505.745
           0.050       0.043         3524.736       3521.161
           0.020       0.016         3546.768       3542.710
           0.010       0.008         3561.460       3555.291

    Bayesian (BIC)

        Mean                              3529.416
        Std Dev                             53.894
        Number of successful computations     1000

             Proportions                   Percentiles
        Expected    Observed         Expected       Observed
           0.990       0.992         3404.042       3405.722
           0.980       0.977         3418.734       3414.420
           0.950       0.945         3440.765       3437.150
           0.900       0.896         3460.345       3457.940
           0.800       0.811         3484.058       3485.568
           0.700       0.708         3501.154       3502.385
           0.500       0.497         3529.416       3529.243
           0.300       0.311         3557.678       3559.690
           0.200       0.205         3574.773       3575.686
           0.100       0.101         3598.486       3599.075
           0.050       0.043         3618.066       3614.491
           0.020       0.016         3640.098       3636.040
           0.010       0.008         3654.789       3648.621

    Sample-Size Adjusted BIC (n* = (n + 2) / 24)

        Mean                              3431.307
        Std Dev                             53.894
        Number of successful computations     1000

             Proportions                   Percentiles
        Expected    Observed         Expected       Observed
           0.990       0.992         3305.933       3307.613
           0.980       0.977         3320.624       3316.311
           0.950       0.945         3342.656       3339.041
           0.900       0.896         3362.236       3359.831
           0.800       0.811         3385.949       3387.459
           0.700       0.708         3403.045       3404.276
           0.500       0.497         3431.307       3431.134
           0.300       0.311         3459.569       3461.581
           0.200       0.205         3476.664       3477.577
           0.100       0.101         3500.377       3500.965
           0.050       0.043         3519.957       3516.382
           0.020       0.016         3541.989       3537.931
           0.010       0.008         3556.680       3550.512



FINAL CLASS COUNTS AND PROPORTIONS FOR THE LATENT CLASSES
BASED ON THE ESTIMATED MODEL

    Latent
   Classes

       1        150.00000          1.00000


FINAL CLASS COUNTS AND PROPORTIONS FOR THE LATENT CLASSES
BASED ON ESTIMATED POSTERIOR PROBABILITIES

    Latent
   Classes

       1        150.00000          1.00000


FINAL CLASS COUNTS AND PROPORTIONS FOR THE LATENT CLASSES
BASED ON THEIR MOST LIKELY LATENT CLASS MEMBERSHIP

Class Counts and Proportions

    Latent
   Classes

       1              150          1.00000


Average Latent Class Probabilities for Most Likely Latent Class Membership (Row)
by Latent Class (Column)

           1

    1   1.000


Classification Probabilities for the Most Likely Latent Class Membership (Column)
by Latent Class (Row)

           1

    1   1.000


Logits for the Classification Probabilities for the Most Likely Latent Class Membership (Column)
by Latent Class (Row)

              1

    1      0.000


MODEL RESULTS

                              ESTIMATES              S. E.     M. S. E.  95%  % Sig
                 Population   Average   Std. Dev.   Average             Cover Coeff

Latent Class 1

 F1       BY
  Y1                  0.800     0.7998     0.0708     0.0699     0.0050 0.948 1.000
  Y2                  0.800     0.7991     0.0718     0.0698     0.0052 0.939 1.000
  Y3                  0.800     0.7976     0.0710     0.0699     0.0050 0.954 1.000
  Y4                  0.800     0.8020     0.0700     0.0701     0.0049 0.949 1.000
  Y5                  0.800     0.7995     0.0703     0.0698     0.0049 0.943 1.000

 F2       BY
  Y6                  0.800     0.7942     0.0704     0.0696     0.0050 0.951 1.000
  Y7                  0.800     0.8001     0.0705     0.0700     0.0050 0.949 1.000
  Y8                  0.800     0.7945     0.0708     0.0697     0.0050 0.943 1.000
  Y9                  0.800     0.7952     0.0685     0.0698     0.0047 0.946 1.000
  Y10                 0.800     0.7979     0.0707     0.0700     0.0050 0.942 1.000

 F1       WITH
  F2                  0.250     0.2518     0.0849     0.0851     0.0072 0.959 0.830

 Means
  F1                  0.000     0.0000     0.0000     0.0000     0.0000 1.000 0.000
  F2                  0.000     0.0000     0.0000     0.0000     0.0000 1.000 0.000

 Intercepts
  Y1                  0.000    -0.0013     0.0803     0.0815     0.0064 0.948 0.052
  Y2                  0.000     0.0011     0.0813     0.0814     0.0066 0.938 0.062
  Y3                  0.000     0.0023     0.0808     0.0814     0.0065 0.944 0.056
  Y4                  0.000    -0.0009     0.0816     0.0817     0.0066 0.947 0.053
  Y5                  0.000     0.0001     0.0818     0.0814     0.0067 0.945 0.055
  Y6                  0.000    -0.0001     0.0849     0.0810     0.0072 0.929 0.071
  Y7                  0.000     0.0008     0.0802     0.0815     0.0064 0.959 0.041
  Y8                  0.000    -0.0012     0.0835     0.0811     0.0070 0.949 0.051
  Y9                  0.000     0.0032     0.0790     0.0812     0.0062 0.959 0.041
  Y10                 0.000     0.0002     0.0799     0.0815     0.0064 0.953 0.047

 Variances
  F1                  1.000     1.0000     0.0000     0.0000     0.0000 1.000 0.000
  F2                  1.000     1.0000     0.0000     0.0000     0.0000 1.000 0.000

 Residual Variances
  Y1                  0.360     0.3552     0.0519     0.0516     0.0027 0.934 1.000
  Y2                  0.360     0.3533     0.0518     0.0514     0.0027 0.925 1.000
  Y3                  0.360     0.3569     0.0526     0.0517     0.0028 0.929 1.000
  Y4                  0.360     0.3560     0.0523     0.0518     0.0027 0.943 1.000
  Y5                  0.360     0.3532     0.0523     0.0514     0.0028 0.928 1.000
  Y6                  0.360     0.3521     0.0504     0.0512     0.0026 0.935 1.000
  Y7                  0.360     0.3558     0.0547     0.0518     0.0030 0.924 1.000
  Y8                  0.360     0.3536     0.0528     0.0514     0.0028 0.924 1.000
  Y9                  0.360     0.3555     0.0521     0.0516     0.0027 0.945 1.000
  Y10                 0.360     0.3571     0.0535     0.0519     0.0029 0.936 1.000


QUALITY OF NUMERICAL RESULTS

     Average Condition Number for the Information Matrix      0.103E-01
       (ratio of smallest to largest eigenvalue)


TECHNICAL 1 OUTPUT


     PARAMETER SPECIFICATION FOR LATENT CLASS 1


           NU
              Y1            Y2            Y3            Y4            Y5
              ________      ________      ________      ________      ________
                    1             2             3             4             5


           NU
              Y6            Y7            Y8            Y9            Y10
              ________      ________      ________      ________      ________
                    6             7             8             9            10


           LAMBDA
              F1            F2
              ________      ________
 Y1                11             0
 Y2                12             0
 Y3                13             0
 Y4                14             0
 Y5                15             0
 Y6                 0            16
 Y7                 0            17
 Y8                 0            18
 Y9                 0            19
 Y10                0            20


           THETA
              Y1            Y2            Y3            Y4            Y5
              ________      ________      ________      ________      ________
 Y1                21
 Y2                 0            22
 Y3                 0             0            23
 Y4                 0             0             0            24
 Y5                 0             0             0             0            25
 Y6                 0             0             0             0             0
 Y7                 0             0             0             0             0
 Y8                 0             0             0             0             0
 Y9                 0             0             0             0             0
 Y10                0             0             0             0             0


           THETA
              Y6            Y7            Y8            Y9            Y10
              ________      ________      ________      ________      ________
 Y6                26
 Y7                 0            27
 Y8                 0             0            28
 Y9                 0             0             0            29
 Y10                0             0             0             0            30


           ALPHA
              F1            F2
              ________      ________
                    0             0


           BETA
              F1            F2
              ________      ________
 F1                 0             0
 F2                 0             0


           PSI
              F1            F2
              ________      ________
 F1                 0
 F2                31             0


     PARAMETER SPECIFICATION FOR LATENT CLASS REGRESSION MODEL PART


           ALPHA(C)
              C#1
              ________
                    0


     STARTING VALUES FOR LATENT CLASS 1


           NU
              Y1            Y2            Y3            Y4            Y5
              ________      ________      ________      ________      ________
                0.000         0.000         0.000         0.000         0.000


           NU
              Y6            Y7            Y8            Y9            Y10
              ________      ________      ________      ________      ________
                0.000         0.000         0.000         0.000         0.000


           LAMBDA
              F1            F2
              ________      ________
 Y1             0.800         0.000
 Y2             0.800         0.000
 Y3             0.800         0.000
 Y4             0.800         0.000
 Y5             0.800         0.000
 Y6             0.000         0.800
 Y7             0.000         0.800
 Y8             0.000         0.800
 Y9             0.000         0.800
 Y10            0.000         0.800


           THETA
              Y1            Y2            Y3            Y4            Y5
              ________      ________      ________      ________      ________
 Y1             0.360
 Y2             0.000         0.360
 Y3             0.000         0.000         0.360
 Y4             0.000         0.000         0.000         0.360
 Y5             0.000         0.000         0.000         0.000         0.360
 Y6             0.000         0.000         0.000         0.000         0.000
 Y7             0.000         0.000         0.000         0.000         0.000
 Y8             0.000         0.000         0.000         0.000         0.000
 Y9             0.000         0.000         0.000         0.000         0.000
 Y10            0.000         0.000         0.000         0.000         0.000


           THETA
              Y6            Y7            Y8            Y9            Y10
              ________      ________      ________      ________      ________
 Y6             0.360
 Y7             0.000         0.360
 Y8             0.000         0.000         0.360
 Y9             0.000         0.000         0.000         0.360
 Y10            0.000         0.000         0.000         0.000         0.360


           ALPHA
              F1            F2
              ________      ________
                0.000         0.000


           BETA
              F1            F2
              ________      ________
 F1             0.000         0.000
 F2             0.000         0.000


           PSI
              F1            F2
              ________      ________
 F1             1.000
 F2             0.250         1.000


     STARTING VALUES FOR LATENT CLASS REGRESSION MODEL PART


           ALPHA(C)
              C#1
              ________
                0.000


     POPULATION VALUES FOR LATENT CLASS 1


           NU
              Y1            Y2            Y3            Y4            Y5
              ________      ________      ________      ________      ________
                0.000         0.000         0.000         0.000         0.000


           NU
              Y6            Y7            Y8            Y9            Y10
              ________      ________      ________      ________      ________
                0.000         0.000         0.000         0.000         0.000


           LAMBDA
              F1            F2
              ________      ________
 Y1             0.800         0.000
 Y2             0.800         0.000
 Y3             0.800         0.000
 Y4             0.800         0.000
 Y5             0.800         0.000
 Y6             0.000         0.800
 Y7             0.000         0.800
 Y8             0.000         0.800
 Y9             0.000         0.800
 Y10            0.000         0.800


           THETA
              Y1            Y2            Y3            Y4            Y5
              ________      ________      ________      ________      ________
 Y1             0.360
 Y2             0.000         0.360
 Y3             0.000         0.000         0.360
 Y4             0.000         0.000         0.000         0.360
 Y5             0.000         0.000         0.000         0.000         0.360
 Y6             0.000         0.000         0.000         0.000         0.000
 Y7             0.000         0.000         0.000         0.000         0.000
 Y8             0.000         0.000         0.000         0.000         0.000
 Y9             0.000         0.000         0.000         0.000         0.000
 Y10            0.000         0.000         0.000         0.000         0.000


           THETA
              Y6            Y7            Y8            Y9            Y10
              ________      ________      ________      ________      ________
 Y6             0.360
 Y7             0.000         0.360
 Y8             0.000         0.000         0.360
 Y9             0.000         0.000         0.000         0.360
 Y10            0.000         0.000         0.000         0.000         0.360


           ALPHA
              F1            F2
              ________      ________
                0.000         0.000


           BETA
              F1            F2
              ________      ________
 F1             0.000         0.000
 F2             0.000         0.000


           PSI
              F1            F2
              ________      ________
 F1             1.000
 F2             0.250         1.000


     POPULATION VALUES FOR LATENT CLASS REGRESSION MODEL PART


           ALPHA(C)
              C#1
              ________
                0.000


TECHNICAL 9 OUTPUT

  Error messages for each replication (if any)



SAVEDATA INFORMATION

  Order of variables

    Y1
    Y2
    Y3
    Y4
    Y5
    Y6
    Y7
    Y8
    Y9
    Y10
    C

  Save file
    cfa1.sav

  Save file format           Free
  Save file record length    10000


     Beginning Time:  10:57:02
        Ending Time:  10:57:06
       Elapsed Time:  00:00:04



MUTHEN & MUTHEN
3463 Stoner Ave.
Los Angeles, CA  90066

Tel: (310) 391-9971
Fax: (310) 391-8971
Web: www.StatModel.com
Support: Support@StatModel.com

Copyright (c) 1998-2021 Muthen & Muthen
