Mplus VERSION 8.6 (Mac)
MUTHEN & MUTHEN
06/02/2021  10:59 AM

INPUT INSTRUCTIONS

  TITLE:
  CFA 2 - normal, missing (50%)
  MONTECARLO:
  NAMES ARE y1-y10;
       NOBSERVATIONS = 175;
       NREPS = 1000;
       SEED = 53487;
       CLASSES = C(1);
       GENCLASSES = C(1);
       PATMISS = y6 (.5) y7 (.5) y8 (.5) y9 (.5) y10 (.5);
       PATPROB = 1;
       SAVE = cfa2.sav;
  MODEL POPULATION:
  %OVERALL%
       f1 BY y1-y5*.8;
       f2 BY y6-y10*.8;
       f1@1 f2@1;
       y1-y10*.36;
       f1 WITH f2*.25;
  ANALYSIS:
  TYPE = MIXTURE MISSING;
       ESTIMATOR = ML; ! when normal MLR simplifies to ML
  MODEL:
  %OVERALL%
       f1 BY y1-y5*.8;
       f2 BY y6-y10*.8;
       f1@1 f2@1;
       y1-y10*.36;
       f1 WITH f2*.25;
  OUTPUT:
  PATTERNS TECH9;



*** WARNING in ANALYSIS command
  Starting with Version 5, TYPE=MISSING is the default for all analyses.
  To obtain listwise deletion, use LISTWISE=ON in the DATA command.
   1 WARNING(S) FOUND IN THE INPUT INSTRUCTIONS




CFA 2 - normal, missing (50%)

SUMMARY OF ANALYSIS

Number of groups                                                 1
Number of observations                                         175

Number of replications
    Requested                                                 1000
    Completed                                                 1000
Value of seed                                                53487

Number of dependent variables                                   10
Number of independent variables                                  0
Number of continuous latent variables                            2
Number of categorical latent variables                           1

Observed dependent variables

  Continuous
   Y1          Y2          Y3          Y4          Y5          Y6
   Y7          Y8          Y9          Y10

Continuous latent variables
   F1          F2

Categorical latent variables
   C


Estimator                                                       ML
Information matrix                                        OBSERVED
Optimization Specifications for the Quasi-Newton Algorithm for
Continuous Outcomes
  Maximum number of iterations                                 100
  Convergence criterion                                  0.100D-05
Optimization Specifications for the EM Algorithm
  Maximum number of iterations                                 500
  Convergence criteria
    Loglikelihood change                                 0.100D-06
    Relative loglikelihood change                        0.100D-06
    Derivative                                           0.100D-05
Optimization Specifications for the M step of the EM Algorithm for
Categorical Latent variables
  Number of M step iterations                                    1
  M step convergence criterion                           0.100D-05
  Basis for M step termination                           ITERATION
Optimization Specifications for the M step of the EM Algorithm for
Censored, Binary or Ordered Categorical (Ordinal), Unordered
Categorical (Nominal) and Count Outcomes
  Number of M step iterations                                    1
  M step convergence criterion                           0.100D-05
  Basis for M step termination                           ITERATION
  Maximum value for logit thresholds                            15
  Minimum value for logit thresholds                           -15
  Minimum expected cell size for chi-square              0.100D-01
Maximum number of iterations for H1                           2000
Convergence criterion for H1                             0.100D-03
Optimization algorithm                                         EMA


SUMMARY OF DATA FOR THE FIRST REPLICATION

     Number of missing data patterns            31
     Number of y missing data patterns          31
     Number of u missing data patterns           0


SUMMARY OF MISSING DATA PATTERNS FOR THE FIRST REPLICATION


     MISSING DATA PATTERNS FOR Y (x = not missing)

           1  2  3  4  5  6  7  8  9 10 11 12 13 14 15 16 17 18 19 20
 Y1        x  x  x  x  x  x  x  x  x  x  x  x  x  x  x  x  x  x  x  x
 Y2        x  x  x  x  x  x  x  x  x  x  x  x  x  x  x  x  x  x  x  x
 Y3        x  x  x  x  x  x  x  x  x  x  x  x  x  x  x  x  x  x  x  x
 Y4        x  x  x  x  x  x  x  x  x  x  x  x  x  x  x  x  x  x  x  x
 Y5        x  x  x  x  x  x  x  x  x  x  x  x  x  x  x  x  x  x  x  x
 Y6        x  x     x              x  x  x        x  x     x     x  x
 Y7        x              x     x     x           x  x  x  x  x  x
 Y8        x           x     x     x     x  x  x  x     x     x
 Y9        x  x     x  x  x     x     x        x     x        x
 Y10       x  x           x  x           x     x  x  x  x     x  x  x

          21 22 23 24 25 26 27 28 29 30 31
 Y1        x  x  x  x  x  x  x  x  x  x  x
 Y2        x  x  x  x  x  x  x  x  x  x  x
 Y3        x  x  x  x  x  x  x  x  x  x  x
 Y4        x  x  x  x  x  x  x  x  x  x  x
 Y5        x  x  x  x  x  x  x  x  x  x  x
 Y6        x        x  x  x        x
 Y7           x     x     x  x        x
 Y8        x        x  x  x           x
 Y9        x           x  x     x     x  x
 Y10             x     x     x  x


     MISSING DATA PATTERN FREQUENCIES FOR Y

    Pattern   Frequency     Pattern   Frequency     Pattern   Frequency
          1           4          12           5          23           7
          2           5          13           5          24          11
          3           4          14           4          25           5
          4           6          15           5          26           7
          5           6          16           5          27           5
          6           9          17           4          28           2
          7           5          18           5          29          10
          8           5          19           7          30           5
          9           8          20           8          31           2
         10           5          21           6
         11           4          22           6


COVARIANCE COVERAGE OF DATA FOR THE FIRST REPLICATION

Minimum covariance coverage value   0.100


     PROPORTION OF DATA PRESENT FOR Y


           Covariance Coverage
              Y1            Y2            Y3            Y4            Y5
              ________      ________      ________      ________      ________
 Y1             1.000
 Y2             1.000         1.000
 Y3             1.000         1.000         1.000
 Y4             1.000         1.000         1.000         1.000
 Y5             1.000         1.000         1.000         1.000         1.000
 Y6             0.566         0.566         0.566         0.566         0.566
 Y7             0.497         0.497         0.497         0.497         0.497
 Y8             0.486         0.486         0.486         0.486         0.486
 Y9             0.469         0.469         0.469         0.469         0.469
 Y10            0.486         0.486         0.486         0.486         0.486


           Covariance Coverage
              Y6            Y7            Y8            Y9            Y10
              ________      ________      ________      ________      ________
 Y6             0.566
 Y7             0.269         0.497
 Y8             0.280         0.234         0.486
 Y9             0.246         0.257         0.246         0.469
 Y10            0.240         0.251         0.211         0.229         0.486


SAMPLE STATISTICS FOR THE FIRST REPLICATION


     ESTIMATED SAMPLE STATISTICS


           Means
              Y1            Y2            Y3            Y4            Y5
              ________      ________      ________      ________      ________
                0.080         0.018         0.040        -0.018        -0.040


           Means
              Y6            Y7            Y8            Y9            Y10
              ________      ________      ________      ________      ________
               -0.111         0.123        -0.029        -0.015        -0.034


           Covariances
              Y1            Y2            Y3            Y4            Y5
              ________      ________      ________      ________      ________
 Y1             0.951
 Y2             0.695         1.023
 Y3             0.589         0.566         0.967
 Y4             0.577         0.590         0.567         0.908
 Y5             0.517         0.530         0.490         0.556         0.879
 Y6             0.090         0.195         0.065         0.028         0.099
 Y7             0.252         0.238         0.192         0.279         0.191
 Y8             0.141         0.173         0.068         0.127         0.059
 Y9             0.226         0.214         0.241         0.190         0.164
 Y10            0.257         0.274         0.120         0.222         0.210


           Covariances
              Y6            Y7            Y8            Y9            Y10
              ________      ________      ________      ________      ________
 Y6             0.920
 Y7             0.748         1.257
 Y8             0.667         0.881         1.067
 Y9             0.555         0.793         0.791         0.997
 Y10            0.639         0.870         0.921         0.789         1.170


           Correlations
              Y1            Y2            Y3            Y4            Y5
              ________      ________      ________      ________      ________
 Y1             1.000
 Y2             0.704         1.000
 Y3             0.614         0.569         1.000
 Y4             0.621         0.612         0.605         1.000
 Y5             0.566         0.559         0.531         0.623         1.000
 Y6             0.096         0.201         0.068         0.030         0.110
 Y7             0.230         0.210         0.174         0.261         0.182
 Y8             0.140         0.166         0.067         0.129         0.061
 Y9             0.232         0.212         0.246         0.200         0.175
 Y10            0.244         0.250         0.113         0.216         0.207


           Correlations
              Y6            Y7            Y8            Y9            Y10
              ________      ________      ________      ________      ________
 Y6             1.000
 Y7             0.696         1.000
 Y8             0.673         0.760         1.000
 Y9             0.579         0.708         0.767         1.000
 Y10            0.616         0.717         0.825         0.730         1.000


     MAXIMUM LOG-LIKELIHOOD VALUE FOR THE UNRESTRICTED (H1) MODEL IS -1503.825




MODEL FIT INFORMATION

Number of Free Parameters                       31

Loglikelihood

    H0 Value

        Mean                             -1515.408
        Std Dev                             29.868
        Number of successful computations     1000

             Proportions                   Percentiles
        Expected    Observed         Expected       Observed
           0.990       0.990        -1584.889      -1585.135
           0.980       0.980        -1576.747      -1577.002
           0.950       0.944        -1564.537      -1565.540
           0.900       0.900        -1553.686      -1554.374
           0.800       0.817        -1540.544      -1538.870
           0.700       0.693        -1531.070      -1531.277
           0.500       0.507        -1515.408      -1514.940
           0.300       0.302        -1499.745      -1499.554
           0.200       0.185        -1490.271      -1492.199
           0.100       0.092        -1477.129      -1479.208
           0.050       0.051        -1466.278      -1465.139
           0.020       0.024        -1454.068      -1453.151
           0.010       0.011        -1445.927      -1442.071

Information Criteria

    Akaike (AIC)

        Mean                              3092.815
        Std Dev                             59.735
        Number of successful computations     1000

             Proportions                   Percentiles
        Expected    Observed         Expected       Observed
           0.990       0.989         2953.853       2941.952
           0.980       0.976         2970.137       2967.986
           0.950       0.949         2994.557       2992.256
           0.900       0.908         3016.258       3019.456
           0.800       0.815         3042.542       3045.174
           0.700       0.698         3061.490       3060.673
           0.500       0.493         3092.815       3091.711
           0.300       0.307         3124.140       3124.538
           0.200       0.183         3143.088       3139.599
           0.100       0.100         3169.372       3168.133
           0.050       0.056         3191.074       3192.529
           0.020       0.020         3215.494       3214.970
           0.010       0.010         3231.777       3228.331

    Bayesian (BIC)

        Mean                              3190.924
        Std Dev                             59.735
        Number of successful computations     1000

             Proportions                   Percentiles
        Expected    Observed         Expected       Observed
           0.990       0.989         3051.961       3040.061
           0.980       0.976         3068.245       3066.094
           0.950       0.949         3092.665       3090.365
           0.900       0.908         3114.367       3117.564
           0.800       0.815         3140.650       3143.282
           0.700       0.698         3159.598       3158.781
           0.500       0.493         3190.924       3189.819
           0.300       0.307         3222.249       3222.646
           0.200       0.183         3241.197       3237.707
           0.100       0.100         3267.480       3266.241
           0.050       0.056         3289.182       3290.638
           0.020       0.020         3313.602       3313.079
           0.010       0.010         3329.886       3326.439

    Sample-Size Adjusted BIC (n* = (n + 2) / 24)

        Mean                              3092.756
        Std Dev                             59.735
        Number of successful computations     1000

             Proportions                   Percentiles
        Expected    Observed         Expected       Observed
           0.990       0.989         2953.794       2941.893
           0.980       0.976         2970.078       2967.927
           0.950       0.949         2994.498       2992.197
           0.900       0.908         3016.199       3019.397
           0.800       0.815         3042.483       3045.115
           0.700       0.698         3061.431       3060.614
           0.500       0.493         3092.756       3091.652
           0.300       0.307         3124.081       3124.479
           0.200       0.183         3143.029       3139.540
           0.100       0.100         3169.313       3168.074
           0.050       0.056         3191.015       3192.470
           0.020       0.020         3215.435       3214.911
           0.010       0.010         3231.718       3228.272



FINAL CLASS COUNTS AND PROPORTIONS FOR THE LATENT CLASSES
BASED ON THE ESTIMATED MODEL

    Latent
   Classes

       1        175.00000          1.00000


FINAL CLASS COUNTS AND PROPORTIONS FOR THE LATENT CLASSES
BASED ON ESTIMATED POSTERIOR PROBABILITIES

    Latent
   Classes

       1        175.00000          1.00000


FINAL CLASS COUNTS AND PROPORTIONS FOR THE LATENT CLASSES
BASED ON THEIR MOST LIKELY LATENT CLASS MEMBERSHIP

Class Counts and Proportions

    Latent
   Classes

       1              175          1.00000


Average Latent Class Probabilities for Most Likely Latent Class Membership (Row)
by Latent Class (Column)

           1

    1   1.000


Classification Probabilities for the Most Likely Latent Class Membership (Column)
by Latent Class (Row)

           1

    1   1.000


Logits for the Classification Probabilities for the Most Likely Latent Class Membership (Column)
by Latent Class (Row)

              1

    1      0.000


MODEL RESULTS

                              ESTIMATES              S. E.     M. S. E.  95%  % Sig
                 Population   Average   Std. Dev.   Average             Cover Coeff

Latent Class 1

 F1       BY
  Y1                  0.800     0.8003     0.0645     0.0648     0.0042 0.954 1.000
  Y2                  0.800     0.8007     0.0638     0.0648     0.0041 0.946 1.000
  Y3                  0.800     0.7987     0.0672     0.0647     0.0045 0.939 1.000
  Y4                  0.800     0.8020     0.0657     0.0649     0.0043 0.944 1.000
  Y5                  0.800     0.7992     0.0646     0.0647     0.0042 0.949 1.000

 F2       BY
  Y6                  0.800     0.7964     0.0899     0.0922     0.0081 0.951 1.000
  Y7                  0.800     0.8017     0.0959     0.0925     0.0092 0.944 1.000
  Y8                  0.800     0.7970     0.0976     0.0919     0.0095 0.935 1.000
  Y9                  0.800     0.7990     0.0918     0.0924     0.0084 0.948 1.000
  Y10                 0.800     0.7984     0.0986     0.0927     0.0097 0.928 1.000

 F1       WITH
  F2                  0.250     0.2529     0.0880     0.0853     0.0077 0.933 0.822

 Means
  F1                  0.000     0.0000     0.0000     0.0000     0.0000 1.000 0.000
  F2                  0.000     0.0000     0.0000     0.0000     0.0000 1.000 0.000

 Intercepts
  Y1                  0.000    -0.0020     0.0747     0.0755     0.0056 0.949 0.051
  Y2                  0.000    -0.0008     0.0757     0.0755     0.0057 0.945 0.055
  Y3                  0.000     0.0015     0.0745     0.0754     0.0055 0.954 0.046
  Y4                  0.000    -0.0012     0.0739     0.0757     0.0055 0.958 0.042
  Y5                  0.000    -0.0001     0.0748     0.0754     0.0056 0.946 0.054
  Y6                  0.000    -0.0022     0.0938     0.0928     0.0088 0.950 0.050
  Y7                  0.000    -0.0001     0.0923     0.0932     0.0085 0.957 0.043
  Y8                  0.000    -0.0016     0.0959     0.0926     0.0092 0.945 0.055
  Y9                  0.000     0.0010     0.0933     0.0930     0.0087 0.947 0.053
  Y10                 0.000    -0.0005     0.0929     0.0932     0.0086 0.949 0.051

 Variances
  F1                  1.000     1.0000     0.0000     0.0000     0.0000 1.000 0.000
  F2                  1.000     1.0000     0.0000     0.0000     0.0000 1.000 0.000

 Residual Variances
  Y1                  0.360     0.3554     0.0467     0.0478     0.0022 0.942 1.000
  Y2                  0.360     0.3551     0.0488     0.0478     0.0024 0.935 1.000
  Y3                  0.360     0.3561     0.0478     0.0479     0.0023 0.935 1.000
  Y4                  0.360     0.3575     0.0494     0.0481     0.0024 0.933 1.000
  Y5                  0.360     0.3542     0.0478     0.0477     0.0023 0.932 1.000
  Y6                  0.360     0.3493     0.0874     0.0841     0.0077 0.912 0.992
  Y7                  0.360     0.3490     0.0887     0.0845     0.0080 0.927 0.990
  Y8                  0.360     0.3435     0.0873     0.0835     0.0079 0.904 0.996
  Y9                  0.360     0.3482     0.0921     0.0843     0.0086 0.927 0.991
  Y10                 0.360     0.3511     0.0898     0.0848     0.0081 0.908 0.993


QUALITY OF NUMERICAL RESULTS

     Average Condition Number for the Information Matrix      0.115E-01
       (ratio of smallest to largest eigenvalue)


TECHNICAL 1 OUTPUT


     PARAMETER SPECIFICATION FOR LATENT CLASS 1


           NU
              Y1            Y2            Y3            Y4            Y5
              ________      ________      ________      ________      ________
                    1             2             3             4             5


           NU
              Y6            Y7            Y8            Y9            Y10
              ________      ________      ________      ________      ________
                    6             7             8             9            10


           LAMBDA
              F1            F2
              ________      ________
 Y1                11             0
 Y2                12             0
 Y3                13             0
 Y4                14             0
 Y5                15             0
 Y6                 0            16
 Y7                 0            17
 Y8                 0            18
 Y9                 0            19
 Y10                0            20


           THETA
              Y1            Y2            Y3            Y4            Y5
              ________      ________      ________      ________      ________
 Y1                21
 Y2                 0            22
 Y3                 0             0            23
 Y4                 0             0             0            24
 Y5                 0             0             0             0            25
 Y6                 0             0             0             0             0
 Y7                 0             0             0             0             0
 Y8                 0             0             0             0             0
 Y9                 0             0             0             0             0
 Y10                0             0             0             0             0


           THETA
              Y6            Y7            Y8            Y9            Y10
              ________      ________      ________      ________      ________
 Y6                26
 Y7                 0            27
 Y8                 0             0            28
 Y9                 0             0             0            29
 Y10                0             0             0             0            30


           ALPHA
              F1            F2
              ________      ________
                    0             0


           BETA
              F1            F2
              ________      ________
 F1                 0             0
 F2                 0             0


           PSI
              F1            F2
              ________      ________
 F1                 0
 F2                31             0


     PARAMETER SPECIFICATION FOR LATENT CLASS REGRESSION MODEL PART


           ALPHA(C)
              C#1
              ________
                    0


     STARTING VALUES FOR LATENT CLASS 1


           NU
              Y1            Y2            Y3            Y4            Y5
              ________      ________      ________      ________      ________
                0.000         0.000         0.000         0.000         0.000


           NU
              Y6            Y7            Y8            Y9            Y10
              ________      ________      ________      ________      ________
                0.000         0.000         0.000         0.000         0.000


           LAMBDA
              F1            F2
              ________      ________
 Y1             0.800         0.000
 Y2             0.800         0.000
 Y3             0.800         0.000
 Y4             0.800         0.000
 Y5             0.800         0.000
 Y6             0.000         0.800
 Y7             0.000         0.800
 Y8             0.000         0.800
 Y9             0.000         0.800
 Y10            0.000         0.800


           THETA
              Y1            Y2            Y3            Y4            Y5
              ________      ________      ________      ________      ________
 Y1             0.360
 Y2             0.000         0.360
 Y3             0.000         0.000         0.360
 Y4             0.000         0.000         0.000         0.360
 Y5             0.000         0.000         0.000         0.000         0.360
 Y6             0.000         0.000         0.000         0.000         0.000
 Y7             0.000         0.000         0.000         0.000         0.000
 Y8             0.000         0.000         0.000         0.000         0.000
 Y9             0.000         0.000         0.000         0.000         0.000
 Y10            0.000         0.000         0.000         0.000         0.000


           THETA
              Y6            Y7            Y8            Y9            Y10
              ________      ________      ________      ________      ________
 Y6             0.360
 Y7             0.000         0.360
 Y8             0.000         0.000         0.360
 Y9             0.000         0.000         0.000         0.360
 Y10            0.000         0.000         0.000         0.000         0.360


           ALPHA
              F1            F2
              ________      ________
                0.000         0.000


           BETA
              F1            F2
              ________      ________
 F1             0.000         0.000
 F2             0.000         0.000


           PSI
              F1            F2
              ________      ________
 F1             1.000
 F2             0.250         1.000


     STARTING VALUES FOR LATENT CLASS REGRESSION MODEL PART


           ALPHA(C)
              C#1
              ________
                0.000


     POPULATION VALUES FOR LATENT CLASS 1


           NU
              Y1            Y2            Y3            Y4            Y5
              ________      ________      ________      ________      ________
                0.000         0.000         0.000         0.000         0.000


           NU
              Y6            Y7            Y8            Y9            Y10
              ________      ________      ________      ________      ________
                0.000         0.000         0.000         0.000         0.000


           LAMBDA
              F1            F2
              ________      ________
 Y1             0.800         0.000
 Y2             0.800         0.000
 Y3             0.800         0.000
 Y4             0.800         0.000
 Y5             0.800         0.000
 Y6             0.000         0.800
 Y7             0.000         0.800
 Y8             0.000         0.800
 Y9             0.000         0.800
 Y10            0.000         0.800


           THETA
              Y1            Y2            Y3            Y4            Y5
              ________      ________      ________      ________      ________
 Y1             0.360
 Y2             0.000         0.360
 Y3             0.000         0.000         0.360
 Y4             0.000         0.000         0.000         0.360
 Y5             0.000         0.000         0.000         0.000         0.360
 Y6             0.000         0.000         0.000         0.000         0.000
 Y7             0.000         0.000         0.000         0.000         0.000
 Y8             0.000         0.000         0.000         0.000         0.000
 Y9             0.000         0.000         0.000         0.000         0.000
 Y10            0.000         0.000         0.000         0.000         0.000


           THETA
              Y6            Y7            Y8            Y9            Y10
              ________      ________      ________      ________      ________
 Y6             0.360
 Y7             0.000         0.360
 Y8             0.000         0.000         0.360
 Y9             0.000         0.000         0.000         0.360
 Y10            0.000         0.000         0.000         0.000         0.360


           ALPHA
              F1            F2
              ________      ________
                0.000         0.000


           BETA
              F1            F2
              ________      ________
 F1             0.000         0.000
 F2             0.000         0.000


           PSI
              F1            F2
              ________      ________
 F1             1.000
 F2             0.250         1.000


     POPULATION VALUES FOR LATENT CLASS REGRESSION MODEL PART


           ALPHA(C)
              C#1
              ________
                0.000


TECHNICAL 9 OUTPUT

  Error messages for each replication (if any)



SAVEDATA INFORMATION

  Order of variables

    Y1
    Y2
    Y3
    Y4
    Y5
    Y6
    Y7
    Y8
    Y9
    Y10
    C
    PATTERN

  Save file
    cfa2.sav

  Save file format           Free
  Save file record length    10000
  Missing designated by 999


     Beginning Time:  10:59:13
        Ending Time:  10:59:24
       Elapsed Time:  00:00:11



MUTHEN & MUTHEN
3463 Stoner Ave.
Los Angeles, CA  90066

Tel: (310) 391-9971
Fax: (310) 391-8971
Web: www.StatModel.com
Support: Support@StatModel.com

Copyright (c) 1998-2021 Muthen & Muthen
