Mplus VERSION 8.6 (Mac)
MUTHEN & MUTHEN
06/02/2021  11:00 AM

INPUT INSTRUCTIONS

  TITLE:
  CFA 3 - non-normal, no missing
  MONTECARLO:
  NAMES ARE y1-y10;
       NOBSERVATIONS = 265;
       NREPS = 1000;
       SEED = 53487;
       CLASSES = C(1);
       GENCLASSES = C(2);
       SAVE = cfa3.sav;
  MODEL POPULATION:
  %OVERALL%
       f1 BY y1-y5*.8;
       f2 BY y6-y10*.8;
       f1@1 f2@1;
       y1-y5*.36 y6-y10*9;
       f1 WITH f2*.95;
       [C#1@-2];

       %C#1%         ! outlier class (size = 12%)

       [f1@0 f2@15]; ! means (facotr 2 set to 15 to tune skewness & kurtosis)
       f1@1 f2@5;    ! variances (facotr 2 set to 5  to tune skewness & kurtosis)

       %C#2%         ! majority class (size = 88%)

       [f1@0 f2@0];
       f1@1 f2@1;
  ANALYSIS:
  TYPE = MIXTURE;
       ESTIMATOR = MLR;
  MODEL:
  %OVERALL%
       f1 BY y1-y5*.8;
       f2 BY y6-y10*4;
       f1@1 f2@1;
       y1-y5*.36 y6-y10*9;
       f1 WITH f2*.20;

     [y6-y10*1.42];
  OUTPUT:
  TECH9;



INPUT READING TERMINATED NORMALLY




CFA 3 - non-normal, no missing

SUMMARY OF ANALYSIS

Number of groups                                                 1
Number of observations                                         265

Number of replications
    Requested                                                 1000
    Completed                                                 1000
Value of seed                                                53487

Number of dependent variables                                   10
Number of independent variables                                  0
Number of continuous latent variables                            2
Number of categorical latent variables                           1

Observed dependent variables

  Continuous
   Y1          Y2          Y3          Y4          Y5          Y6
   Y7          Y8          Y9          Y10

Continuous latent variables
   F1          F2

Categorical latent variables
   C


Estimator                                                      MLR
Information matrix                                        OBSERVED
Optimization Specifications for the Quasi-Newton Algorithm for
Continuous Outcomes
  Maximum number of iterations                                 100
  Convergence criterion                                  0.100D-05
Optimization Specifications for the EM Algorithm
  Maximum number of iterations                                 500
  Convergence criteria
    Loglikelihood change                                 0.100D-06
    Relative loglikelihood change                        0.100D-06
    Derivative                                           0.100D-05
Optimization Specifications for the M step of the EM Algorithm for
Categorical Latent variables
  Number of M step iterations                                    1
  M step convergence criterion                           0.100D-05
  Basis for M step termination                           ITERATION
Optimization Specifications for the M step of the EM Algorithm for
Censored, Binary or Ordered Categorical (Ordinal), Unordered
Categorical (Nominal) and Count Outcomes
  Number of M step iterations                                    1
  M step convergence criterion                           0.100D-05
  Basis for M step termination                           ITERATION
  Maximum value for logit thresholds                            15
  Minimum value for logit thresholds                           -15
  Minimum expected cell size for chi-square              0.100D-01
Optimization algorithm                                         EMA


SAMPLE STATISTICS FOR THE FIRST REPLICATION


     SAMPLE STATISTICS


           Means
              Y1            Y2            Y3            Y4            Y5
              ________      ________      ________      ________      ________
                0.001         0.000         0.007        -0.045        -0.044


           Means
              Y6            Y7            Y8            Y9            Y10
              ________      ________      ________      ________      ________
                1.170         1.437         1.231         1.165         1.109


           Covariances
              Y1            Y2            Y3            Y4            Y5
              ________      ________      ________      ________      ________
 Y1             1.022
 Y2             0.699         1.011
 Y3             0.631         0.612         1.010
 Y4             0.614         0.636         0.640         0.958
 Y5             0.566         0.597         0.563         0.616         0.914
 Y6            -0.095        -0.261         0.359        -0.152         0.032
 Y7             0.209         0.052         0.311         0.334         0.120
 Y8             0.343        -0.026         0.647         0.433         0.277
 Y9            -0.081        -0.334         0.480         0.044         0.026
 Y10            0.344        -0.034         0.345         0.123         0.080


           Covariances
              Y6            Y7            Y8            Y9            Y10
              ________      ________      ________      ________      ________
 Y6            20.634
 Y7            11.612        20.862
 Y8            12.065        11.860        20.881
 Y9            12.852        12.307        13.510        22.580
 Y10           11.568        11.134        12.083        12.875        20.256


           Correlations
              Y1            Y2            Y3            Y4            Y5
              ________      ________      ________      ________      ________
 Y1             1.000
 Y2             0.687         1.000
 Y3             0.621         0.605         1.000
 Y4             0.620         0.647         0.651         1.000
 Y5             0.585         0.621         0.586         0.658         1.000
 Y6            -0.021        -0.057         0.079        -0.034         0.007
 Y7             0.045         0.011         0.068         0.075         0.027
 Y8             0.074        -0.006         0.141         0.097         0.063
 Y9            -0.017        -0.070         0.100         0.009         0.006
 Y10            0.076        -0.007         0.076         0.028         0.019


           Correlations
              Y6            Y7            Y8            Y9            Y10
              ________      ________      ________      ________      ________
 Y6             1.000
 Y7             0.560         1.000
 Y8             0.581         0.568         1.000
 Y9             0.595         0.567         0.622         1.000
 Y10            0.566         0.542         0.588         0.602         1.000




MODEL FIT INFORMATION

Number of Free Parameters                       31

Loglikelihood

    H0 Value

        Mean                             -5128.021
        Std Dev                             39.641
        Number of successful computations     1000

             Proportions                   Percentiles
        Expected    Observed         Expected       Observed
           0.990       0.991        -5220.238      -5218.183
           0.980       0.978        -5209.432      -5210.877
           0.950       0.951        -5193.226      -5193.112
           0.900       0.904        -5178.825      -5178.283
           0.800       0.804        -5161.383      -5161.105
           0.700       0.697        -5148.808      -5149.280
           0.500       0.499        -5128.021      -5128.079
           0.300       0.292        -5107.233      -5108.084
           0.200       0.198        -5094.659      -5095.205
           0.100       0.096        -5077.216      -5078.761
           0.050       0.053        -5062.815      -5061.665
           0.020       0.018        -5046.609      -5047.924
           0.010       0.008        -5035.803      -5038.990

Information Criteria

    Akaike (AIC)

        Mean                             10318.041
        Std Dev                             79.282
        Number of successful computations     1000

             Proportions                   Percentiles
        Expected    Observed         Expected       Observed
           0.990       0.992        10133.606      10138.419
           0.980       0.982        10155.219      10157.128
           0.950       0.947        10187.630      10185.217
           0.900       0.904        10216.433      10219.374
           0.800       0.802        10251.317      10251.611
           0.700       0.708        10276.465      10277.951
           0.500       0.501        10318.041      10318.153
           0.300       0.303        10359.617      10359.942
           0.200       0.196        10384.765      10384.028
           0.100       0.096        10419.650      10418.504
           0.050       0.049        10448.453      10445.715
           0.020       0.022        10480.864      10481.426
           0.010       0.009        10502.476      10497.738

    Bayesian (BIC)

        Mean                             10429.013
        Std Dev                             79.282
        Number of successful computations     1000

             Proportions                   Percentiles
        Expected    Observed         Expected       Observed
           0.990       0.992        10244.578      10249.390
           0.980       0.982        10266.191      10268.099
           0.950       0.947        10298.601      10296.189
           0.900       0.904        10327.404      10330.346
           0.800       0.802        10362.289      10362.583
           0.700       0.708        10387.437      10388.923
           0.500       0.501        10429.013      10429.124
           0.300       0.303        10470.589      10470.914
           0.200       0.196        10495.737      10495.000
           0.100       0.096        10530.621      10529.476
           0.050       0.049        10559.424      10556.687
           0.020       0.022        10591.835      10592.397
           0.010       0.009        10613.448      10608.709

    Sample-Size Adjusted BIC (n* = (n + 2) / 24)

        Mean                             10330.726
        Std Dev                             79.282
        Number of successful computations     1000

             Proportions                   Percentiles
        Expected    Observed         Expected       Observed
           0.990       0.992        10146.292      10151.104
           0.980       0.982        10167.904      10169.813
           0.950       0.947        10200.315      10197.902
           0.900       0.904        10229.118      10232.059
           0.800       0.802        10264.002      10264.296
           0.700       0.708        10289.151      10290.636
           0.500       0.501        10330.726      10330.838
           0.300       0.303        10372.302      10372.627
           0.200       0.196        10397.450      10396.713
           0.100       0.096        10432.335      10431.189
           0.050       0.049        10461.138      10458.400
           0.020       0.022        10493.549      10494.111
           0.010       0.009        10515.161      10510.423



FINAL CLASS COUNTS AND PROPORTIONS FOR THE LATENT CLASSES
BASED ON THE ESTIMATED MODEL

    Latent
   Classes

       1        265.00000          1.00000


FINAL CLASS COUNTS AND PROPORTIONS FOR THE LATENT CLASSES
BASED ON ESTIMATED POSTERIOR PROBABILITIES

    Latent
   Classes

       1        265.00000          1.00000


FINAL CLASS COUNTS AND PROPORTIONS FOR THE LATENT CLASSES
BASED ON THEIR MOST LIKELY LATENT CLASS MEMBERSHIP

Class Counts and Proportions

    Latent
   Classes

       1              265          1.00000


Average Latent Class Probabilities for Most Likely Latent Class Membership (Row)
by Latent Class (Column)

           1

    1   1.000


Classification Probabilities for the Most Likely Latent Class Membership (Column)
by Latent Class (Row)

           1

    1   1.000


Logits for the Classification Probabilities for the Most Likely Latent Class Membership (Column)
by Latent Class (Row)

              1

    1      0.000


MODEL RESULTS

                              ESTIMATES              S. E.     M. S. E.  95%  % Sig
                 Population   Average   Std. Dev.   Average             Cover Coeff

Latent Class 1

 F1       BY
  Y1                  0.800     0.8026     0.0522     0.0524     0.0027 0.949 1.000
  Y2                  0.800     0.8020     0.0527     0.0524     0.0028 0.950 1.000
  Y3                  0.800     0.8006     0.0530     0.0523     0.0028 0.944 1.000
  Y4                  0.800     0.8027     0.0515     0.0524     0.0027 0.955 1.000
  Y5                  0.800     0.8016     0.0523     0.0521     0.0027 0.953 1.000

 F2       BY
  Y6                  4.000     4.0147     0.3743     0.3545     0.1402 0.929 1.000
  Y7                  4.000     4.0099     0.3580     0.3545     0.1281 0.933 1.000
  Y8                  4.000     4.0073     0.3569     0.3548     0.1273 0.950 1.000
  Y9                  4.000     4.0205     0.3564     0.3556     0.1273 0.932 1.000
  Y10                 4.000     4.0088     0.3656     0.3544     0.1336 0.928 1.000

 F1       WITH
  F2                  0.200     0.1914     0.0709     0.0662     0.0051 0.914 0.808

 Means
  F1                  0.000     0.0000     0.0000     0.0000     0.0000 1.000 0.000
  F2                  0.000     0.0000     0.0000     0.0000     0.0000 1.000 0.000

 Intercepts
  Y1                  0.000    -0.0024     0.0613     0.0615     0.0038 0.949 0.051
  Y2                  0.000    -0.0012     0.0639     0.0615     0.0041 0.937 0.063
  Y3                  0.000    -0.0010     0.0627     0.0614     0.0039 0.941 0.059
  Y4                  0.000    -0.0012     0.0625     0.0615     0.0039 0.944 0.056
  Y5                  0.000    -0.0008     0.0620     0.0614     0.0038 0.952 0.048
  Y6                  1.420     1.4448     0.3020     0.3073     0.0917 0.949 1.000
  Y7                  1.420     1.4444     0.3122     0.3074     0.0979 0.943 1.000
  Y8                  1.420     1.4373     0.3076     0.3073     0.0948 0.945 0.999
  Y9                  1.420     1.4566     0.3123     0.3080     0.0988 0.947 0.998
  Y10                 1.420     1.4418     0.3061     0.3076     0.0941 0.954 1.000

 Variances
  F1                  1.000     1.0000     0.0000     0.0000     0.0000 1.000 0.000
  F2                  1.000     1.0000     0.0000     0.0000     0.0000 1.000 0.000

 Residual Variances
  Y1                  0.360     0.3561     0.0387     0.0388     0.0015 0.944 1.000
  Y2                  0.360     0.3569     0.0386     0.0388     0.0015 0.940 1.000
  Y3                  0.360     0.3566     0.0385     0.0387     0.0015 0.937 1.000
  Y4                  0.360     0.3582     0.0403     0.0389     0.0016 0.939 1.000
  Y5                  0.360     0.3564     0.0397     0.0388     0.0016 0.932 1.000
  Y6                  9.000     8.8536     0.9447     0.9695     0.9131 0.941 1.000
  Y7                  9.000     8.9239     1.0161     0.9681     1.0373 0.932 1.000
  Y8                  9.000     8.9273     0.9894     0.9709     0.9832 0.935 1.000
  Y9                  9.000     8.9245     0.9711     0.9717     0.9477 0.939 1.000
  Y10                 9.000     8.9611     1.0093     0.9734     1.0192 0.928 1.000


QUALITY OF NUMERICAL RESULTS

     Average Condition Number for the Information Matrix      0.404E-03
       (ratio of smallest to largest eigenvalue)


TECHNICAL 1 OUTPUT


     PARAMETER SPECIFICATION FOR LATENT CLASS 1


           NU
              Y1            Y2            Y3            Y4            Y5
              ________      ________      ________      ________      ________
                    1             2             3             4             5


           NU
              Y6            Y7            Y8            Y9            Y10
              ________      ________      ________      ________      ________
                    6             7             8             9            10


           LAMBDA
              F1            F2
              ________      ________
 Y1                11             0
 Y2                12             0
 Y3                13             0
 Y4                14             0
 Y5                15             0
 Y6                 0            16
 Y7                 0            17
 Y8                 0            18
 Y9                 0            19
 Y10                0            20


           THETA
              Y1            Y2            Y3            Y4            Y5
              ________      ________      ________      ________      ________
 Y1                21
 Y2                 0            22
 Y3                 0             0            23
 Y4                 0             0             0            24
 Y5                 0             0             0             0            25
 Y6                 0             0             0             0             0
 Y7                 0             0             0             0             0
 Y8                 0             0             0             0             0
 Y9                 0             0             0             0             0
 Y10                0             0             0             0             0


           THETA
              Y6            Y7            Y8            Y9            Y10
              ________      ________      ________      ________      ________
 Y6                26
 Y7                 0            27
 Y8                 0             0            28
 Y9                 0             0             0            29
 Y10                0             0             0             0            30


           ALPHA
              F1            F2
              ________      ________
                    0             0


           BETA
              F1            F2
              ________      ________
 F1                 0             0
 F2                 0             0


           PSI
              F1            F2
              ________      ________
 F1                 0
 F2                31             0


     PARAMETER SPECIFICATION FOR LATENT CLASS REGRESSION MODEL PART


           ALPHA(C)
              C#1
              ________
                    0


     STARTING VALUES FOR LATENT CLASS 1


           NU
              Y1            Y2            Y3            Y4            Y5
              ________      ________      ________      ________      ________
                0.000         0.000         0.000         0.000         0.000


           NU
              Y6            Y7            Y8            Y9            Y10
              ________      ________      ________      ________      ________
                1.420         1.420         1.420         1.420         1.420


           LAMBDA
              F1            F2
              ________      ________
 Y1             0.800         0.000
 Y2             0.800         0.000
 Y3             0.800         0.000
 Y4             0.800         0.000
 Y5             0.800         0.000
 Y6             0.000         4.000
 Y7             0.000         4.000
 Y8             0.000         4.000
 Y9             0.000         4.000
 Y10            0.000         4.000


           THETA
              Y1            Y2            Y3            Y4            Y5
              ________      ________      ________      ________      ________
 Y1             0.360
 Y2             0.000         0.360
 Y3             0.000         0.000         0.360
 Y4             0.000         0.000         0.000         0.360
 Y5             0.000         0.000         0.000         0.000         0.360
 Y6             0.000         0.000         0.000         0.000         0.000
 Y7             0.000         0.000         0.000         0.000         0.000
 Y8             0.000         0.000         0.000         0.000         0.000
 Y9             0.000         0.000         0.000         0.000         0.000
 Y10            0.000         0.000         0.000         0.000         0.000


           THETA
              Y6            Y7            Y8            Y9            Y10
              ________      ________      ________      ________      ________
 Y6             9.000
 Y7             0.000         9.000
 Y8             0.000         0.000         9.000
 Y9             0.000         0.000         0.000         9.000
 Y10            0.000         0.000         0.000         0.000         9.000


           ALPHA
              F1            F2
              ________      ________
                0.000         0.000


           BETA
              F1            F2
              ________      ________
 F1             0.000         0.000
 F2             0.000         0.000


           PSI
              F1            F2
              ________      ________
 F1             1.000
 F2             0.200         1.000


     STARTING VALUES FOR LATENT CLASS REGRESSION MODEL PART


           ALPHA(C)
              C#1
              ________
                0.000


     POPULATION VALUES FOR LATENT CLASS 1


           NU
              Y1            Y2            Y3            Y4            Y5
              ________      ________      ________      ________      ________
                0.000         0.000         0.000         0.000         0.000


           NU
              Y6            Y7            Y8            Y9            Y10
              ________      ________      ________      ________      ________
                0.000         0.000         0.000         0.000         0.000


           LAMBDA
              F1            F2
              ________      ________
 Y1             0.800         0.000
 Y2             0.800         0.000
 Y3             0.800         0.000
 Y4             0.800         0.000
 Y5             0.800         0.000
 Y6             0.000         0.800
 Y7             0.000         0.800
 Y8             0.000         0.800
 Y9             0.000         0.800
 Y10            0.000         0.800


           THETA
              Y1            Y2            Y3            Y4            Y5
              ________      ________      ________      ________      ________
 Y1             0.360
 Y2             0.000         0.360
 Y3             0.000         0.000         0.360
 Y4             0.000         0.000         0.000         0.360
 Y5             0.000         0.000         0.000         0.000         0.360
 Y6             0.000         0.000         0.000         0.000         0.000
 Y7             0.000         0.000         0.000         0.000         0.000
 Y8             0.000         0.000         0.000         0.000         0.000
 Y9             0.000         0.000         0.000         0.000         0.000
 Y10            0.000         0.000         0.000         0.000         0.000


           THETA
              Y6            Y7            Y8            Y9            Y10
              ________      ________      ________      ________      ________
 Y6             9.000
 Y7             0.000         9.000
 Y8             0.000         0.000         9.000
 Y9             0.000         0.000         0.000         9.000
 Y10            0.000         0.000         0.000         0.000         9.000


           ALPHA
              F1            F2
              ________      ________
                0.000        15.000


           BETA
              F1            F2
              ________      ________
 F1             0.000         0.000
 F2             0.000         0.000


           PSI
              F1            F2
              ________      ________
 F1             1.000
 F2             0.950         5.000


     POPULATION VALUES FOR LATENT CLASS 2


           NU
              Y1            Y2            Y3            Y4            Y5
              ________      ________      ________      ________      ________
                0.000         0.000         0.000         0.000         0.000


           NU
              Y6            Y7            Y8            Y9            Y10
              ________      ________      ________      ________      ________
                0.000         0.000         0.000         0.000         0.000


           LAMBDA
              F1            F2
              ________      ________
 Y1             0.800         0.000
 Y2             0.800         0.000
 Y3             0.800         0.000
 Y4             0.800         0.000
 Y5             0.800         0.000
 Y6             0.000         0.800
 Y7             0.000         0.800
 Y8             0.000         0.800
 Y9             0.000         0.800
 Y10            0.000         0.800


           THETA
              Y1            Y2            Y3            Y4            Y5
              ________      ________      ________      ________      ________
 Y1             0.360
 Y2             0.000         0.360
 Y3             0.000         0.000         0.360
 Y4             0.000         0.000         0.000         0.360
 Y5             0.000         0.000         0.000         0.000         0.360
 Y6             0.000         0.000         0.000         0.000         0.000
 Y7             0.000         0.000         0.000         0.000         0.000
 Y8             0.000         0.000         0.000         0.000         0.000
 Y9             0.000         0.000         0.000         0.000         0.000
 Y10            0.000         0.000         0.000         0.000         0.000


           THETA
              Y6            Y7            Y8            Y9            Y10
              ________      ________      ________      ________      ________
 Y6             9.000
 Y7             0.000         9.000
 Y8             0.000         0.000         9.000
 Y9             0.000         0.000         0.000         9.000
 Y10            0.000         0.000         0.000         0.000         9.000


           ALPHA
              F1            F2
              ________      ________
                0.000         0.000


           BETA
              F1            F2
              ________      ________
 F1             0.000         0.000
 F2             0.000         0.000


           PSI
              F1            F2
              ________      ________
 F1             1.000
 F2             0.950         1.000


     POPULATION VALUES FOR LATENT CLASS REGRESSION MODEL PART


           ALPHA(C)
              C#1           C#2
              ________      ________
               -2.000         0.000


TECHNICAL 9 OUTPUT

  Error messages for each replication (if any)



SAVEDATA INFORMATION

  Order of variables

    Y1
    Y2
    Y3
    Y4
    Y5
    Y6
    Y7
    Y8
    Y9
    Y10
    C

  Save file
    cfa3.sav

  Save file format           Free
  Save file record length    10000


     Beginning Time:  11:00:41
        Ending Time:  11:00:46
       Elapsed Time:  00:00:05



MUTHEN & MUTHEN
3463 Stoner Ave.
Los Angeles, CA  90066

Tel: (310) 391-9971
Fax: (310) 391-8971
Web: www.StatModel.com
Support: Support@StatModel.com

Copyright (c) 1998-2021 Muthen & Muthen
