Mplus VERSION 8.6 (Mac)
MUTHEN & MUTHEN
06/02/2021  11:01 AM

INPUT INSTRUCTIONS

  TITLE:
  CFA 4 - non-normal, missing (50%)
  MONTECARLO:
  NAMES ARE y1-y10;
       NOBSERVATIONS = 315;
       NREPS = 1000;
       SEED = 53487;
       CLASSES = C(1);
       GENCLASSES = C(2);
       PATMISS = y6 (.5) y7 (.5) y8 (.5) y9(.5) y10 (.5);
       PATPROB = 1;
       SAVE = cfa4.sav;
  MODEL POPULATION:
  %OVERALL%
       f1 BY y1-y5*.8;
       f2 BY y6-y10*.8;
       f1@1 f2@1;
       y1-y5*.36 y6-y10*9;
       f1 WITH f2*.95;
       [C#1@-2];
       %C#1%
       [f1@0 f2@15];
       f1@1 f2@5;
       %C#2%
       [f1@0 f2@0];
       f1@1 f2@1;
  ANALYSIS:
  TYPE = MIXTURE;
       ESTIMATOR = MLR;
  MODEL:
  %OVERALL%
       f1 BY y1-y5*.8;
       f2 BY y6-y10*4;
       f1@1 f2@1;
       y1-y5*.36 y6-y10*9;
       f1 WITH f2*.20;
       [y6-y10*1.42];
  OUTPUT:
  PATTERNS TECH9;



INPUT READING TERMINATED NORMALLY




CFA 4 - non-normal, missing (50%)

SUMMARY OF ANALYSIS

Number of groups                                                 1
Number of observations                                         315

Number of replications
    Requested                                                 1000
    Completed                                                 1000
Value of seed                                                53487

Number of dependent variables                                   10
Number of independent variables                                  0
Number of continuous latent variables                            2
Number of categorical latent variables                           1

Observed dependent variables

  Continuous
   Y1          Y2          Y3          Y4          Y5          Y6
   Y7          Y8          Y9          Y10

Continuous latent variables
   F1          F2

Categorical latent variables
   C


Estimator                                                      MLR
Information matrix                                        OBSERVED
Optimization Specifications for the Quasi-Newton Algorithm for
Continuous Outcomes
  Maximum number of iterations                                 100
  Convergence criterion                                  0.100D-05
Optimization Specifications for the EM Algorithm
  Maximum number of iterations                                 500
  Convergence criteria
    Loglikelihood change                                 0.100D-06
    Relative loglikelihood change                        0.100D-06
    Derivative                                           0.100D-05
Optimization Specifications for the M step of the EM Algorithm for
Categorical Latent variables
  Number of M step iterations                                    1
  M step convergence criterion                           0.100D-05
  Basis for M step termination                           ITERATION
Optimization Specifications for the M step of the EM Algorithm for
Censored, Binary or Ordered Categorical (Ordinal), Unordered
Categorical (Nominal) and Count Outcomes
  Number of M step iterations                                    1
  M step convergence criterion                           0.100D-05
  Basis for M step termination                           ITERATION
  Maximum value for logit thresholds                            15
  Minimum value for logit thresholds                           -15
  Minimum expected cell size for chi-square              0.100D-01
Maximum number of iterations for H1                           2000
Convergence criterion for H1                             0.100D-03
Optimization algorithm                                         EMA


SUMMARY OF DATA FOR THE FIRST REPLICATION

     Number of missing data patterns            32
     Number of y missing data patterns          32
     Number of u missing data patterns           0


SUMMARY OF MISSING DATA PATTERNS FOR THE FIRST REPLICATION


     MISSING DATA PATTERNS FOR Y (x = not missing)

           1  2  3  4  5  6  7  8  9 10 11 12 13 14 15 16 17 18 19 20
 Y1        x  x  x  x  x  x  x  x  x  x  x  x  x  x  x  x  x  x  x  x
 Y2        x  x  x  x  x  x  x  x  x  x  x  x  x  x  x  x  x  x  x  x
 Y3        x  x  x  x  x  x  x  x  x  x  x  x  x  x  x  x  x  x  x  x
 Y4        x  x  x  x  x  x  x  x  x  x  x  x  x  x  x  x  x  x  x  x
 Y5        x  x  x  x  x  x  x  x  x  x  x  x  x  x  x  x  x  x  x  x
 Y6        x  x     x              x  x  x        x  x     x     x  x
 Y7        x              x     x     x           x  x  x  x  x  x
 Y8        x           x     x     x     x  x  x  x     x     x
 Y9        x  x     x  x  x     x     x        x     x        x
 Y10       x  x           x  x           x     x  x  x  x     x  x  x

          21 22 23 24 25 26 27 28 29 30 31 32
 Y1        x  x  x  x  x  x  x  x  x  x  x  x
 Y2        x  x  x  x  x  x  x  x  x  x  x  x
 Y3        x  x  x  x  x  x  x  x  x  x  x  x
 Y4        x  x  x  x  x  x  x  x  x  x  x  x
 Y5        x  x  x  x  x  x  x  x  x  x  x  x
 Y6        x        x  x  x        x
 Y7           x     x     x  x        x     x
 Y8        x        x  x  x           x     x
 Y9        x           x  x     x     x  x
 Y10             x     x     x  x


     MISSING DATA PATTERN FREQUENCIES FOR Y

    Pattern   Frequency     Pattern   Frequency     Pattern   Frequency
          1           7          12          13          23          11
          2           9          13           8          24          14
          3           8          14           8          25          11
          4          11          15          12          26          10
          5          11          16           8          27          11
          6          15          17           8          28           6
          7          11          18           8          29          20
          8          10          19          12          30          11
          9          11          20          10          31           5
         10          10          21           9          32           4
         11           6          22           7


COVARIANCE COVERAGE OF DATA FOR THE FIRST REPLICATION

Minimum covariance coverage value   0.100


     PROPORTION OF DATA PRESENT FOR Y


           Covariance Coverage
              Y1            Y2            Y3            Y4            Y5
              ________      ________      ________      ________      ________
 Y1             1.000
 Y2             1.000         1.000
 Y3             1.000         1.000         1.000
 Y4             1.000         1.000         1.000         1.000
 Y5             1.000         1.000         1.000         1.000         1.000
 Y6             0.533         0.533         0.533         0.533         0.533
 Y7             0.492         0.492         0.492         0.492         0.492
 Y8             0.476         0.476         0.476         0.476         0.476
 Y9             0.486         0.486         0.486         0.486         0.486
 Y10            0.486         0.486         0.486         0.486         0.486


           Covariance Coverage
              Y6            Y7            Y8            Y9            Y10
              ________      ________      ________      ________      ________
 Y6             0.533
 Y7             0.257         0.492
 Y8             0.241         0.222         0.476
 Y9             0.251         0.263         0.238         0.486
 Y10            0.238         0.257         0.213         0.241         0.486


SAMPLE STATISTICS FOR THE FIRST REPLICATION


     ESTIMATED SAMPLE STATISTICS


           Means
              Y1            Y2            Y3            Y4            Y5
              ________      ________      ________      ________      ________
               -0.012        -0.017        -0.018        -0.057        -0.067


           Means
              Y6            Y7            Y8            Y9            Y10
              ________      ________      ________      ________      ________
                0.795         1.503         1.219         1.364         1.473


           Covariances
              Y1            Y2            Y3            Y4            Y5
              ________      ________      ________      ________      ________
 Y1             1.053
 Y2             0.695         0.990
 Y3             0.640         0.615         1.000
 Y4             0.632         0.651         0.652         0.990
 Y5             0.585         0.615         0.569         0.629         0.937
 Y6             0.433         0.849         0.414         0.196         0.559
 Y7             1.357         1.339         1.097         1.217         1.226
 Y8             0.938         0.910         0.901         0.765         0.489
 Y9             0.995         1.030         1.222         0.762         0.777
 Y10            0.689         1.199         0.465         0.776         1.064


           Covariances
              Y6            Y7            Y8            Y9            Y10
              ________      ________      ________      ________      ________
 Y6            18.561
 Y7            12.822        24.035
 Y8            11.322        14.044        19.979
 Y9             8.968        13.124        12.389        21.281
 Y10           12.688        15.375        14.273        14.497        24.535


           Correlations
              Y1            Y2            Y3            Y4            Y5
              ________      ________      ________      ________      ________
 Y1             1.000
 Y2             0.680         1.000
 Y3             0.624         0.618         1.000
 Y4             0.619         0.657         0.655         1.000
 Y5             0.589         0.639         0.587         0.653         1.000
 Y6             0.098         0.198         0.096         0.046         0.134
 Y7             0.270         0.275         0.224         0.250         0.258
 Y8             0.204         0.205         0.202         0.172         0.113
 Y9             0.210         0.224         0.265         0.166         0.174
 Y10            0.135         0.243         0.094         0.158         0.222


           Correlations
              Y6            Y7            Y8            Y9            Y10
              ________      ________      ________      ________      ________
 Y6             1.000
 Y7             0.607         1.000
 Y8             0.588         0.641         1.000
 Y9             0.451         0.580         0.601         1.000
 Y10            0.595         0.633         0.645         0.634         1.000


     MAXIMUM LOG-LIKELIHOOD VALUE FOR THE UNRESTRICTED (H1) MODEL IS -3938.692




MODEL FIT INFORMATION

Number of Free Parameters                       31

Loglikelihood

    H0 Value

        Mean                             -4007.428
        Std Dev                             64.572
        Number of successful computations     1000

             Proportions                   Percentiles
        Expected    Observed         Expected       Observed
           0.990       0.992        -4157.641      -4152.191
           0.980       0.987        -4140.039      -4132.622
           0.950       0.958        -4113.642      -4109.090
           0.900       0.891        -4090.183      -4094.747
           0.800       0.799        -4061.771      -4061.840
           0.700       0.708        -4041.289      -4040.228
           0.500       0.502        -4007.428      -4007.387
           0.300       0.289        -3973.567      -3977.201
           0.200       0.196        -3953.085      -3954.684
           0.100       0.098        -3924.673      -3925.856
           0.050       0.052        -3901.214      -3900.147
           0.020       0.025        -3874.817      -3868.657
           0.010       0.013        -3857.215      -3851.894

Information Criteria

    Akaike (AIC)

        Mean                              8076.856
        Std Dev                            129.143
        Number of successful computations     1000

             Proportions                   Percentiles
        Expected    Observed         Expected       Observed
           0.990       0.987         7776.430       7753.848
           0.980       0.975         7811.635       7794.211
           0.950       0.948         7864.428       7862.130
           0.900       0.902         7911.346       7911.379
           0.800       0.804         7968.169       7970.611
           0.700       0.711         8009.133       8015.894
           0.500       0.498         8076.856       8076.521
           0.300       0.292         8144.579       8142.196
           0.200       0.201         8185.543       8185.589
           0.100       0.109         8242.366       8249.621
           0.050       0.042         8289.284       8280.055
           0.020       0.013         8342.077       8326.279
           0.010       0.008         8377.282       8361.020

    Bayesian (BIC)

        Mean                              8193.186
        Std Dev                            129.143
        Number of successful computations     1000

             Proportions                   Percentiles
        Expected    Observed         Expected       Observed
           0.990       0.987         7892.760       7870.177
           0.980       0.975         7927.964       7910.540
           0.950       0.948         7980.758       7978.460
           0.900       0.902         8027.676       8027.709
           0.800       0.804         8084.499       8086.941
           0.700       0.711         8125.463       8132.224
           0.500       0.498         8193.186       8192.851
           0.300       0.292         8260.908       8258.526
           0.200       0.201         8301.873       8301.919
           0.100       0.109         8358.696       8365.951
           0.050       0.042         8405.613       8396.385
           0.020       0.013         8458.407       8442.608
           0.010       0.008         8493.612       8477.350

    Sample-Size Adjusted BIC (n* = (n + 2) / 24)

        Mean                              8094.862
        Std Dev                            129.143
        Number of successful computations     1000

             Proportions                   Percentiles
        Expected    Observed         Expected       Observed
           0.990       0.987         7794.437       7771.854
           0.980       0.975         7829.641       7812.217
           0.950       0.948         7882.435       7880.136
           0.900       0.902         7929.352       7929.386
           0.800       0.804         7986.175       7988.617
           0.700       0.711         8027.140       8033.901
           0.500       0.498         8094.862       8094.528
           0.300       0.292         8162.585       8160.203
           0.200       0.201         8203.549       8203.596
           0.100       0.109         8260.372       8267.627
           0.050       0.042         8307.290       8298.062
           0.020       0.013         8360.084       8344.285
           0.010       0.008         8395.288       8379.026



FINAL CLASS COUNTS AND PROPORTIONS FOR THE LATENT CLASSES
BASED ON THE ESTIMATED MODEL

    Latent
   Classes

       1        315.00000          1.00000


FINAL CLASS COUNTS AND PROPORTIONS FOR THE LATENT CLASSES
BASED ON ESTIMATED POSTERIOR PROBABILITIES

    Latent
   Classes

       1        315.00000          1.00000


FINAL CLASS COUNTS AND PROPORTIONS FOR THE LATENT CLASSES
BASED ON THEIR MOST LIKELY LATENT CLASS MEMBERSHIP

Class Counts and Proportions

    Latent
   Classes

       1              315          1.00000


Average Latent Class Probabilities for Most Likely Latent Class Membership (Row)
by Latent Class (Column)

           1

    1   1.000


Classification Probabilities for the Most Likely Latent Class Membership (Column)
by Latent Class (Row)

           1

    1   1.000


Logits for the Classification Probabilities for the Most Likely Latent Class Membership (Column)
by Latent Class (Row)

              1

    1      0.000


MODEL RESULTS

                              ESTIMATES              S. E.     M. S. E.  95%  % Sig
                 Population   Average   Std. Dev.   Average             Cover Coeff

Latent Class 1

 F1       BY
  Y1                  0.800     0.8018     0.0516     0.0481     0.0027 0.931 1.000
  Y2                  0.800     0.8019     0.0493     0.0481     0.0024 0.951 1.000
  Y3                  0.800     0.8003     0.0489     0.0480     0.0024 0.937 1.000
  Y4                  0.800     0.8016     0.0488     0.0480     0.0024 0.940 1.000
  Y5                  0.800     0.8013     0.0500     0.0479     0.0025 0.944 1.000

 F2       BY
  Y6                  4.000     3.9714     0.4331     0.4281     0.1882 0.940 1.000
  Y7                  4.000     3.9787     0.4474     0.4263     0.2004 0.939 1.000
  Y8                  4.000     3.9821     0.4331     0.4235     0.1877 0.946 1.000
  Y9                  4.000     3.9606     0.4266     0.4258     0.1834 0.953 1.000
  Y10                 4.000     3.9678     0.4461     0.4276     0.1999 0.934 1.000

 F1       WITH
  F2                  0.200     0.1960     0.0690     0.0663     0.0048 0.935 0.812

 Means
  F1                  0.000     0.0000     0.0000     0.0000     0.0000 1.000 0.000
  F2                  0.000     0.0000     0.0000     0.0000     0.0000 1.000 0.000

 Intercepts
  Y1                  0.000    -0.0011     0.0568     0.0564     0.0032 0.948 0.052
  Y2                  0.000    -0.0015     0.0587     0.0564     0.0034 0.940 0.060
  Y3                  0.000     0.0001     0.0567     0.0563     0.0032 0.952 0.048
  Y4                  0.000    -0.0013     0.0573     0.0564     0.0033 0.945 0.055
  Y5                  0.000    -0.0004     0.0553     0.0563     0.0031 0.953 0.047
  Y6                  1.420     1.4160     0.3623     0.3473     0.1312 0.937 0.984
  Y7                  1.420     1.4073     0.3487     0.3480     0.1217 0.948 0.991
  Y8                  1.420     1.4136     0.3497     0.3468     0.1222 0.950 0.991
  Y9                  1.420     1.4179     0.3424     0.3468     0.1171 0.951 0.983
  Y10                 1.420     1.4125     0.3471     0.3481     0.1204 0.963 0.990

 Variances
  F1                  1.000     1.0000     0.0000     0.0000     0.0000 1.000 0.000
  F2                  1.000     1.0000     0.0000     0.0000     0.0000 1.000 0.000

 Residual Variances
  Y1                  0.360     0.3565     0.0349     0.0356     0.0012 0.953 1.000
  Y2                  0.360     0.3576     0.0353     0.0357     0.0013 0.944 1.000
  Y3                  0.360     0.3575     0.0357     0.0356     0.0013 0.933 1.000
  Y4                  0.360     0.3581     0.0371     0.0357     0.0014 0.928 1.000
  Y5                  0.360     0.3567     0.0374     0.0356     0.0014 0.931 1.000
  Y6                  9.000     8.7944     1.6388     1.5857     2.7254 0.935 1.000
  Y7                  9.000     8.8288     1.5749     1.5779     2.5071 0.929 1.000
  Y8                  9.000     8.7532     1.6205     1.5675     2.6844 0.923 1.000
  Y9                  9.000     8.8598     1.6569     1.5770     2.7622 0.925 1.000
  Y10                 9.000     8.9161     1.6952     1.6026     2.8780 0.931 0.999


QUALITY OF NUMERICAL RESULTS

     Average Condition Number for the Information Matrix      0.568E-03
       (ratio of smallest to largest eigenvalue)


TECHNICAL 1 OUTPUT


     PARAMETER SPECIFICATION FOR LATENT CLASS 1


           NU
              Y1            Y2            Y3            Y4            Y5
              ________      ________      ________      ________      ________
                    1             2             3             4             5


           NU
              Y6            Y7            Y8            Y9            Y10
              ________      ________      ________      ________      ________
                    6             7             8             9            10


           LAMBDA
              F1            F2
              ________      ________
 Y1                11             0
 Y2                12             0
 Y3                13             0
 Y4                14             0
 Y5                15             0
 Y6                 0            16
 Y7                 0            17
 Y8                 0            18
 Y9                 0            19
 Y10                0            20


           THETA
              Y1            Y2            Y3            Y4            Y5
              ________      ________      ________      ________      ________
 Y1                21
 Y2                 0            22
 Y3                 0             0            23
 Y4                 0             0             0            24
 Y5                 0             0             0             0            25
 Y6                 0             0             0             0             0
 Y7                 0             0             0             0             0
 Y8                 0             0             0             0             0
 Y9                 0             0             0             0             0
 Y10                0             0             0             0             0


           THETA
              Y6            Y7            Y8            Y9            Y10
              ________      ________      ________      ________      ________
 Y6                26
 Y7                 0            27
 Y8                 0             0            28
 Y9                 0             0             0            29
 Y10                0             0             0             0            30


           ALPHA
              F1            F2
              ________      ________
                    0             0


           BETA
              F1            F2
              ________      ________
 F1                 0             0
 F2                 0             0


           PSI
              F1            F2
              ________      ________
 F1                 0
 F2                31             0


     PARAMETER SPECIFICATION FOR LATENT CLASS REGRESSION MODEL PART


           ALPHA(C)
              C#1
              ________
                    0


     STARTING VALUES FOR LATENT CLASS 1


           NU
              Y1            Y2            Y3            Y4            Y5
              ________      ________      ________      ________      ________
                0.000         0.000         0.000         0.000         0.000


           NU
              Y6            Y7            Y8            Y9            Y10
              ________      ________      ________      ________      ________
                1.420         1.420         1.420         1.420         1.420


           LAMBDA
              F1            F2
              ________      ________
 Y1             0.800         0.000
 Y2             0.800         0.000
 Y3             0.800         0.000
 Y4             0.800         0.000
 Y5             0.800         0.000
 Y6             0.000         4.000
 Y7             0.000         4.000
 Y8             0.000         4.000
 Y9             0.000         4.000
 Y10            0.000         4.000


           THETA
              Y1            Y2            Y3            Y4            Y5
              ________      ________      ________      ________      ________
 Y1             0.360
 Y2             0.000         0.360
 Y3             0.000         0.000         0.360
 Y4             0.000         0.000         0.000         0.360
 Y5             0.000         0.000         0.000         0.000         0.360
 Y6             0.000         0.000         0.000         0.000         0.000
 Y7             0.000         0.000         0.000         0.000         0.000
 Y8             0.000         0.000         0.000         0.000         0.000
 Y9             0.000         0.000         0.000         0.000         0.000
 Y10            0.000         0.000         0.000         0.000         0.000


           THETA
              Y6            Y7            Y8            Y9            Y10
              ________      ________      ________      ________      ________
 Y6             9.000
 Y7             0.000         9.000
 Y8             0.000         0.000         9.000
 Y9             0.000         0.000         0.000         9.000
 Y10            0.000         0.000         0.000         0.000         9.000


           ALPHA
              F1            F2
              ________      ________
                0.000         0.000


           BETA
              F1            F2
              ________      ________
 F1             0.000         0.000
 F2             0.000         0.000


           PSI
              F1            F2
              ________      ________
 F1             1.000
 F2             0.200         1.000


     STARTING VALUES FOR LATENT CLASS REGRESSION MODEL PART


           ALPHA(C)
              C#1
              ________
                0.000


     POPULATION VALUES FOR LATENT CLASS 1


           NU
              Y1            Y2            Y3            Y4            Y5
              ________      ________      ________      ________      ________
                0.000         0.000         0.000         0.000         0.000


           NU
              Y6            Y7            Y8            Y9            Y10
              ________      ________      ________      ________      ________
                0.000         0.000         0.000         0.000         0.000


           LAMBDA
              F1            F2
              ________      ________
 Y1             0.800         0.000
 Y2             0.800         0.000
 Y3             0.800         0.000
 Y4             0.800         0.000
 Y5             0.800         0.000
 Y6             0.000         0.800
 Y7             0.000         0.800
 Y8             0.000         0.800
 Y9             0.000         0.800
 Y10            0.000         0.800


           THETA
              Y1            Y2            Y3            Y4            Y5
              ________      ________      ________      ________      ________
 Y1             0.360
 Y2             0.000         0.360
 Y3             0.000         0.000         0.360
 Y4             0.000         0.000         0.000         0.360
 Y5             0.000         0.000         0.000         0.000         0.360
 Y6             0.000         0.000         0.000         0.000         0.000
 Y7             0.000         0.000         0.000         0.000         0.000
 Y8             0.000         0.000         0.000         0.000         0.000
 Y9             0.000         0.000         0.000         0.000         0.000
 Y10            0.000         0.000         0.000         0.000         0.000


           THETA
              Y6            Y7            Y8            Y9            Y10
              ________      ________      ________      ________      ________
 Y6             9.000
 Y7             0.000         9.000
 Y8             0.000         0.000         9.000
 Y9             0.000         0.000         0.000         9.000
 Y10            0.000         0.000         0.000         0.000         9.000


           ALPHA
              F1            F2
              ________      ________
                0.000        15.000


           BETA
              F1            F2
              ________      ________
 F1             0.000         0.000
 F2             0.000         0.000


           PSI
              F1            F2
              ________      ________
 F1             1.000
 F2             0.950         5.000


     POPULATION VALUES FOR LATENT CLASS 2


           NU
              Y1            Y2            Y3            Y4            Y5
              ________      ________      ________      ________      ________
                0.000         0.000         0.000         0.000         0.000


           NU
              Y6            Y7            Y8            Y9            Y10
              ________      ________      ________      ________      ________
                0.000         0.000         0.000         0.000         0.000


           LAMBDA
              F1            F2
              ________      ________
 Y1             0.800         0.000
 Y2             0.800         0.000
 Y3             0.800         0.000
 Y4             0.800         0.000
 Y5             0.800         0.000
 Y6             0.000         0.800
 Y7             0.000         0.800
 Y8             0.000         0.800
 Y9             0.000         0.800
 Y10            0.000         0.800


           THETA
              Y1            Y2            Y3            Y4            Y5
              ________      ________      ________      ________      ________
 Y1             0.360
 Y2             0.000         0.360
 Y3             0.000         0.000         0.360
 Y4             0.000         0.000         0.000         0.360
 Y5             0.000         0.000         0.000         0.000         0.360
 Y6             0.000         0.000         0.000         0.000         0.000
 Y7             0.000         0.000         0.000         0.000         0.000
 Y8             0.000         0.000         0.000         0.000         0.000
 Y9             0.000         0.000         0.000         0.000         0.000
 Y10            0.000         0.000         0.000         0.000         0.000


           THETA
              Y6            Y7            Y8            Y9            Y10
              ________      ________      ________      ________      ________
 Y6             9.000
 Y7             0.000         9.000
 Y8             0.000         0.000         9.000
 Y9             0.000         0.000         0.000         9.000
 Y10            0.000         0.000         0.000         0.000         9.000


           ALPHA
              F1            F2
              ________      ________
                0.000         0.000


           BETA
              F1            F2
              ________      ________
 F1             0.000         0.000
 F2             0.000         0.000


           PSI
              F1            F2
              ________      ________
 F1             1.000
 F2             0.950         1.000


     POPULATION VALUES FOR LATENT CLASS REGRESSION MODEL PART


           ALPHA(C)
              C#1           C#2
              ________      ________
               -2.000         0.000


TECHNICAL 9 OUTPUT

  Error messages for each replication (if any)



SAVEDATA INFORMATION

  Order of variables

    Y1
    Y2
    Y3
    Y4
    Y5
    Y6
    Y7
    Y8
    Y9
    Y10
    C
    PATTERN

  Save file
    cfa4.sav

  Save file format           Free
  Save file record length    10000
  Missing designated by 999


     Beginning Time:  11:01:49
        Ending Time:  11:02:03
       Elapsed Time:  00:00:14



MUTHEN & MUTHEN
3463 Stoner Ave.
Los Angeles, CA  90066

Tel: (310) 391-9971
Fax: (310) 391-8971
Web: www.StatModel.com
Support: Support@StatModel.com

Copyright (c) 1998-2021 Muthen & Muthen
