Mplus VERSION 8.6 (Mac)
MUTHEN & MUTHEN
06/01/2021   8:14 AM

INPUT INSTRUCTIONS

  TITLE:
  EXPLORATORY FACTOR ANALYSIS - LAB DEMO
  DATA:
  FILE = "/Users/agarber/github/NTNU-start/02-run-models/basic_mplus/EFA_Lab_DEMO.dat";

  VARIABLE:
  NAMES = item1 item2 item3 item4 item5 item6 item7 item8 item9 female;
   MISSING=.;
   usevar=
    item1 item2 item3 item4 item5
    item6 item7 item8 item9;
  ANALYSIS:
  type = efa 1 5;
    estimator = MLR;
    parallel=50;
  OUTPUT:
  sampstat standardized residual modindices (3.84);
  PLOT:
  type = plot3;



*** WARNING in OUTPUT command
  STANDARDIZED (STD, STDY, STDYX) options are not available for TYPE=EFA.
  Request for STANDARDIZED options will be ignored.  Note that STANDARDIZED options
  are available with the use of EFA factors (ESEM) declared in the MODEL command.
   1 WARNING(S) FOUND IN THE INPUT INSTRUCTIONS




EXPLORATORY FACTOR ANALYSIS - LAB DEMO

SUMMARY OF ANALYSIS

Number of groups                                                 1
Number of observations                                         119

Number of dependent variables                                    9
Number of independent variables                                  0
Number of continuous latent variables                            0

Observed dependent variables

  Continuous
   ITEM1       ITEM2       ITEM3       ITEM4       ITEM5       ITEM6
   ITEM7       ITEM8       ITEM9


Estimator                                                      MLR
Rotation                                                    GEOMIN
Row standardization                                    CORRELATION
Type of rotation                                           OBLIQUE
Epsilon value                                               Varies
Information matrix                                        OBSERVED
Maximum number of iterations                                  1000
Convergence criterion                                    0.500D-04
Maximum number of steepest descent iterations                   20
Maximum number of iterations for H1                           2000
Convergence criterion for H1                             0.100D-03
Optimization Specifications for the Exploratory Factor Analysis
Rotation Algorithm
  Number of random starts                                       30
  Maximum number of iterations                               10000
  Derivative convergence criterion                       0.100D-04

Input data file(s)
  /Users/agarber/github/NTNU-start/02-run-models/basic_mplus/EFA_Lab_DEMO.dat

Input data format  FREE


SUMMARY OF DATA

     Number of missing data patterns             5


COVARIANCE COVERAGE OF DATA

Minimum covariance coverage value   0.100


     PROPORTION OF DATA PRESENT


           Covariance Coverage
              ITEM1         ITEM2         ITEM3         ITEM4         ITEM5
              ________      ________      ________      ________      ________
 ITEM1          1.000
 ITEM2          0.992         0.992
 ITEM3          1.000         0.992         1.000
 ITEM4          1.000         0.992         1.000         1.000
 ITEM5          0.992         0.983         0.992         0.992         0.992
 ITEM6          0.992         0.983         0.992         0.992         0.983
 ITEM7          1.000         0.992         1.000         1.000         0.992
 ITEM8          0.992         0.983         0.992         0.992         0.983
 ITEM9          1.000         0.992         1.000         1.000         0.992


           Covariance Coverage
              ITEM6         ITEM7         ITEM8         ITEM9
              ________      ________      ________      ________
 ITEM6          0.992
 ITEM7          0.992         1.000
 ITEM8          0.983         0.992         0.992
 ITEM9          0.992         1.000         0.992         1.000


SAMPLE STATISTICS


     ESTIMATED SAMPLE STATISTICS


           Means
              ITEM1         ITEM2         ITEM3         ITEM4         ITEM5
              ________      ________      ________      ________      ________
                4.508         4.844         4.706         4.815         4.187


           Means
              ITEM6         ITEM7         ITEM8         ITEM9
              ________      ________      ________      ________
                4.724         3.689         3.948         5.857


           Covariances
              ITEM1         ITEM2         ITEM3         ITEM4         ITEM5
              ________      ________      ________      ________      ________
 ITEM1          6.886
 ITEM2          5.610         7.318
 ITEM3          5.259         4.408         7.418
 ITEM4          4.741         5.010         3.996         7.764
 ITEM5          5.080         4.711         3.763         5.126        10.855
 ITEM6          4.258         4.967         4.154         5.229         5.582
 ITEM7          3.910         3.816         4.253         4.346         5.609
 ITEM8          4.514         4.318         4.476         5.147         5.865
 ITEM9          2.749         2.640         3.714         3.058         2.531


           Covariances
              ITEM6         ITEM7         ITEM8         ITEM9
              ________      ________      ________      ________
 ITEM6          7.145
 ITEM7          4.846         7.760
 ITEM8          5.190         6.490         8.138
 ITEM9          3.065         2.788         2.967         7.097


           Correlations
              ITEM1         ITEM2         ITEM3         ITEM4         ITEM5
              ________      ________      ________      ________      ________
 ITEM1          1.000
 ITEM2          0.790         1.000
 ITEM3          0.736         0.598         1.000
 ITEM4          0.648         0.665         0.527         1.000
 ITEM5          0.588         0.529         0.419         0.558         1.000
 ITEM6          0.607         0.687         0.571         0.702         0.634
 ITEM7          0.535         0.506         0.561         0.560         0.611
 ITEM8          0.603         0.560         0.576         0.648         0.624
 ITEM9          0.393         0.366         0.512         0.412         0.288


           Correlations
              ITEM6         ITEM7         ITEM8         ITEM9
              ________      ________      ________      ________
 ITEM6          1.000
 ITEM7          0.651         1.000
 ITEM8          0.681         0.817         1.000
 ITEM9          0.430         0.376         0.390         1.000


     MAXIMUM LOG-LIKELIHOOD VALUE FOR THE UNRESTRICTED (H1) MODEL IS -2223.016


UNIVARIATE SAMPLE STATISTICS


     UNIVARIATE HIGHER-ORDER MOMENT DESCRIPTIVE STATISTICS

         Variable/         Mean/     Skewness/   Minimum/ % with                Percentiles
        Sample Size      Variance    Kurtosis    Maximum  Min/Max      20%/60%    40%/80%    Median

     ITEM1                 4.508       0.313       1.000   16.81%       2.000      3.000      4.000
             119.000       6.886      -0.875      10.000    5.04%       5.000      7.000
     ITEM2                 4.856       0.140       1.000   14.41%       2.000      4.000      5.000
             118.000       7.344      -1.103      10.000    5.08%       6.000      7.000
     ITEM3                 4.706       0.318       1.000   13.45%       2.000      3.000      5.000
             119.000       7.418      -0.984      10.000    7.56%       5.000      7.000
     ITEM4                 4.815       0.179       1.000   15.97%       2.000      3.000      5.000
             119.000       7.764      -1.192      10.000    5.04%       6.000      8.000
     ITEM5                 4.169       2.329       1.000   23.73%       1.000      2.000      3.000
             118.000      10.870      11.391      25.000    0.85%       5.000      7.000
     ITEM6                 4.720       0.141       1.000   13.56%       2.000      3.000      5.000
             118.000       7.185      -1.258      10.000    2.54%       5.000      8.000
     ITEM7                 3.689       0.877       1.000   26.89%       1.000      2.000      3.000
             119.000       7.760      -0.540      10.000    4.20%       3.000      7.000
     ITEM8                 3.915       0.628       1.000   29.66%       1.000      2.000      3.000
             118.000       8.061      -0.928      10.000    4.24%       4.000      7.000
     ITEM9                 5.857      -0.196       1.000    5.88%       3.000      5.000      6.000
             119.000       7.097      -1.046      10.000    9.24%       7.000      8.000


     NO CONVERGENCE.  NUMBER OF ITERATIONS EXCEEDED.
     PROBLEM OCCURRED IN EXPLORATORY FACTOR ANALYSIS WITH 3 FACTOR(S).


     NO CONVERGENCE.  NUMBER OF ITERATIONS EXCEEDED.
     PROBLEM OCCURRED IN EXPLORATORY FACTOR ANALYSIS WITH 4 FACTOR(S).




SUMMARY OF MODEL FIT INFORMATION


                   Number of                   Degrees of
     Model        Parameters      Chi-Square    Freedom     P-Value

     1-factor          27             96.811        27       0.0000
     2-factor          35             48.479        19       0.0002
     3-factor         N/A
     4-factor         N/A
     5-factor          53              3.930         1       0.0474

                                               Degrees of
     Models Compared              Chi-Square    Freedom     P-Value

     1-factor against 2-factor        40.110         8       0.0000



RESULTS FOR EXPLORATORY FACTOR ANALYSIS


           EIGENVALUES FOR SAMPLE CORRELATION MATRIX
                  1             2             3             4             5
              ________      ________      ________      ________      ________
                5.580         0.852         0.725         0.524         0.427


           EIGENVALUES FOR SAMPLE CORRELATION MATRIX
                  6             7             8             9
              ________      ________      ________      ________
                0.307         0.276         0.174         0.135


           AVERAGE EIGENVALUES FROM PARALLEL ANALYSIS
                  1             2             3             4             5
              ________      ________      ________      ________      ________
                1.448         1.301         1.180         1.075         0.984


           AVERAGE EIGENVALUES FROM PARALLEL ANALYSIS
                  6             7             8             9
              ________      ________      ________      ________
                0.891         0.812         0.712         0.597


           95 PERCENTILE EIGENVALUES FROM PARALLEL ANALYSIS
                  1             2             3             4             5
              ________      ________      ________      ________      ________
                1.566         1.388         1.273         1.141         1.053


           95 PERCENTILE EIGENVALUES FROM PARALLEL ANALYSIS
                  6             7             8             9
              ________      ________      ________      ________
                0.953         0.869         0.784         0.696


EXPLORATORY FACTOR ANALYSIS WITH 1 FACTOR(S):


MODEL FIT INFORMATION

Number of Free Parameters                       27

Loglikelihood

          H0 Value                       -2289.078
          H0 Scaling Correction Factor      1.6668
            for MLR
          H1 Value                       -2223.016
          H1 Scaling Correction Factor      1.5158
            for MLR

Information Criteria

          Akaike (AIC)                    4632.155
          Bayesian (BIC)                  4707.191
          Sample-Size Adjusted BIC        4621.834
            (n* = (n + 2) / 24)

Chi-Square Test of Model Fit

          Value                             96.811*
          Degrees of Freedom                    27
          P-Value                           0.0000
          Scaling Correction Factor         1.3648
            for MLR

*   The chi-square value for MLM, MLMV, MLR, ULSMV, WLSM and WLSMV cannot be used
    for chi-square difference testing in the regular way.  MLM, MLR and WLSM
    chi-square difference testing is described on the Mplus website.  MLMV, WLSMV,
    and ULSMV difference testing is done using the DIFFTEST option.

RMSEA (Root Mean Square Error Of Approximation)

          Estimate                           0.147
          90 Percent C.I.                    0.116  0.180
          Probability RMSEA <= .05           0.000

CFI/TLI

          CFI                                0.829
          TLI                                0.772

Chi-Square Test of Model Fit for the Baseline Model

          Value                            444.351
          Degrees of Freedom                    36
          P-Value                           0.0000

SRMR (Standardized Root Mean Square Residual)

          Value                              0.056



MINIMUM ROTATION FUNCTION VALUE       5.18173



           GEOMIN ROTATED LOADINGS (* significant at 5% level)
                  1
              ________
 ITEM1          0.814*
 ITEM2          0.795*
 ITEM3          0.735*
 ITEM4          0.792*
 ITEM5          0.715*
 ITEM6          0.831*
 ITEM7          0.770*
 ITEM8          0.818*
 ITEM9          0.503*


           GEOMIN FACTOR CORRELATIONS (* significant at 5% level)
                  1
              ________
      1         1.000


           ESTIMATED RESIDUAL VARIANCES
              ITEM1         ITEM2         ITEM3         ITEM4         ITEM5
              ________      ________      ________      ________      ________
                0.337         0.368         0.460         0.372         0.488


           ESTIMATED RESIDUAL VARIANCES
              ITEM6         ITEM7         ITEM8         ITEM9
              ________      ________      ________      ________
                0.309         0.406         0.331         0.747


           S.E. GEOMIN ROTATED LOADINGS
                  1
              ________
 ITEM1          0.040
 ITEM2          0.051
 ITEM3          0.048
 ITEM4          0.048
 ITEM5          0.100
 ITEM6          0.034
 ITEM7          0.049
 ITEM8          0.049
 ITEM9          0.072


           S.E. GEOMIN FACTOR CORRELATIONS
                  1
              ________
      1         0.000


           S.E. ESTIMATED RESIDUAL VARIANCES
              ITEM1         ITEM2         ITEM3         ITEM4         ITEM5
              ________      ________      ________      ________      ________
                0.066         0.081         0.071         0.076         0.143


           S.E. ESTIMATED RESIDUAL VARIANCES
              ITEM6         ITEM7         ITEM8         ITEM9
              ________      ________      ________      ________
                0.056         0.075         0.079         0.072


           Est./S.E. GEOMIN ROTATED LOADINGS
                  1
              ________
 ITEM1         20.206
 ITEM2         15.696
 ITEM3         15.182
 ITEM4         16.457
 ITEM5          7.153
 ITEM6         24.688
 ITEM7         15.857
 ITEM8         16.864
 ITEM9          7.025


           Est./S.E. GEOMIN FACTOR CORRELATIONS
                  1
              ________
      1         0.000


           Est./S.E. ESTIMATED RESIDUAL VARIANCES
              ITEM1         ITEM2         ITEM3         ITEM4         ITEM5
              ________      ________      ________      ________      ________
                5.144         4.563         6.474         4.881         3.415


           Est./S.E. ESTIMATED RESIDUAL VARIANCES
              ITEM6         ITEM7         ITEM8         ITEM9
              ________      ________      ________      ________
                5.520         5.430         4.171        10.349


     ESTIMATED MODEL AND RESIDUALS (OBSERVED - ESTIMATED)


           Model Estimated Correlations
              ITEM1         ITEM2         ITEM3         ITEM4         ITEM5
              ________      ________      ________      ________      ________
 ITEM1          1.000
 ITEM2          0.647         1.000
 ITEM3          0.598         0.584         1.000
 ITEM4          0.645         0.630         0.582         1.000
 ITEM5          0.582         0.569         0.525         0.567         1.000
 ITEM6          0.677         0.661         0.611         0.659         0.595
 ITEM7          0.627         0.613         0.566         0.610         0.551
 ITEM8          0.666         0.650         0.601         0.648         0.585
 ITEM9          0.410         0.400         0.370         0.399         0.360


           Model Estimated Correlations
              ITEM6         ITEM7         ITEM8         ITEM9
              ________      ________      ________      ________
 ITEM6          1.000
 ITEM7          0.640         1.000
 ITEM8          0.680         0.630         1.000
 ITEM9          0.418         0.388         0.412         1.000


           Residuals for Correlations
              ITEM1         ITEM2         ITEM3         ITEM4         ITEM5
              ________      ________      ________      ________      ________
 ITEM1          0.000
 ITEM2          0.143         0.000
 ITEM3          0.138         0.014         0.000
 ITEM4          0.003         0.035        -0.055         0.000
 ITEM5          0.005        -0.040        -0.106        -0.008         0.000
 ITEM6         -0.070         0.026        -0.040         0.043         0.039
 ITEM7         -0.092        -0.106        -0.005        -0.050         0.060
 ITEM8         -0.063        -0.091        -0.025         0.000         0.039
 ITEM9         -0.017        -0.034         0.142         0.013        -0.072


           Residuals for Correlations
              ITEM6         ITEM7         ITEM8         ITEM9
              ________      ________      ________      ________
 ITEM6          0.000
 ITEM7          0.010         0.000
 ITEM8          0.001         0.187         0.000
 ITEM9          0.012        -0.012        -0.021         0.000


EXPLORATORY FACTOR ANALYSIS WITH 2 FACTOR(S):


MODEL FIT INFORMATION

Number of Free Parameters                       35

Loglikelihood

          H0 Value                       -2250.283
          H0 Scaling Correction Factor      1.7280
            for MLR
          H1 Value                       -2223.016
          H1 Scaling Correction Factor      1.5158
            for MLR

Information Criteria

          Akaike (AIC)                    4570.566
          Bayesian (BIC)                  4667.835
          Sample-Size Adjusted BIC        4557.187
            (n* = (n + 2) / 24)

Chi-Square Test of Model Fit

          Value                             48.479*
          Degrees of Freedom                    19
          P-Value                           0.0002
          Scaling Correction Factor         1.1249
            for MLR

*   The chi-square value for MLM, MLMV, MLR, ULSMV, WLSM and WLSMV cannot be used
    for chi-square difference testing in the regular way.  MLM, MLR and WLSM
    chi-square difference testing is described on the Mplus website.  MLMV, WLSMV,
    and ULSMV difference testing is done using the DIFFTEST option.

RMSEA (Root Mean Square Error Of Approximation)

          Estimate                           0.114
          90 Percent C.I.                    0.075  0.154
          Probability RMSEA <= .05           0.006

CFI/TLI

          CFI                                0.928
          TLI                                0.863

Chi-Square Test of Model Fit for the Baseline Model

          Value                            444.351
          Degrees of Freedom                    36
          P-Value                           0.0000

SRMR (Standardized Root Mean Square Residual)

          Value                              0.035



MINIMUM ROTATION FUNCTION VALUE       0.80376



           GEOMIN ROTATED LOADINGS (* significant at 5% level)
                  1             2
              ________      ________
 ITEM1          0.902*        0.003
 ITEM2          0.881*       -0.012
 ITEM3          0.613*        0.191
 ITEM4          0.511         0.329
 ITEM5          0.252         0.519
 ITEM6          0.403         0.474
 ITEM7         -0.077         0.947*
 ITEM8          0.034         0.887*
 ITEM9          0.308         0.222


           GEOMIN FACTOR CORRELATIONS (* significant at 5% level)
                  1             2
              ________      ________
      1         1.000
      2         0.702*        1.000


           ESTIMATED RESIDUAL VARIANCES
              ITEM1         ITEM2         ITEM3         ITEM4         ITEM5
              ________      ________      ________      ________      ________
                0.184         0.239         0.423         0.395         0.483


           ESTIMATED RESIDUAL VARIANCES
              ITEM6         ITEM7         ITEM8         ITEM9
              ________      ________      ________      ________
                0.345         0.200         0.170         0.760


           S.E. GEOMIN ROTATED LOADINGS
                  1             2
              ________      ________
 ITEM1          0.083         0.042
 ITEM2          0.169         0.175
 ITEM3          0.121         0.123
 ITEM4          0.318         0.270
 ITEM5          0.332         0.267
 ITEM6          0.412         0.345
 ITEM7          0.406         0.258
 ITEM8          0.457         0.330
 ITEM9          0.207         0.186


           S.E. GEOMIN FACTOR CORRELATIONS
                  1             2
              ________      ________
      1         0.000
      2         0.219         0.000


           S.E. ESTIMATED RESIDUAL VARIANCES
              ITEM1         ITEM2         ITEM3         ITEM4         ITEM5
              ________      ________      ________      ________      ________
                0.109         0.105         0.082         0.084         0.138


           S.E. ESTIMATED RESIDUAL VARIANCES
              ITEM6         ITEM7         ITEM8         ITEM9
              ________      ________      ________      ________
                0.060         0.081         0.061         0.071


           Est./S.E. GEOMIN ROTATED LOADINGS
                  1             2
              ________      ________
 ITEM1         10.864         0.063
 ITEM2          5.200        -0.069
 ITEM3          5.085         1.559
 ITEM4          1.607         1.217
 ITEM5          0.759         1.945
 ITEM6          0.978         1.372
 ITEM7         -0.189         3.669
 ITEM8          0.075         2.691
 ITEM9          1.483         1.193


           Est./S.E. GEOMIN FACTOR CORRELATIONS
                  1             2
              ________      ________
      1         0.000
      2         3.198         0.000


           Est./S.E. ESTIMATED RESIDUAL VARIANCES
              ITEM1         ITEM2         ITEM3         ITEM4         ITEM5
              ________      ________      ________      ________      ________
                1.693         2.275         5.167         4.680         3.506


           Est./S.E. ESTIMATED RESIDUAL VARIANCES
              ITEM6         ITEM7         ITEM8         ITEM9
              ________      ________      ________      ________
                5.781         2.477         2.809        10.731


           FACTOR STRUCTURE
                  1             2
              ________      ________
 ITEM1          0.903         0.635
 ITEM2          0.872         0.606
 ITEM3          0.747         0.621
 ITEM4          0.742         0.687
 ITEM5          0.616         0.696
 ITEM6          0.735         0.757
 ITEM7          0.588         0.893
 ITEM8          0.656         0.911
 ITEM9          0.463         0.438


     ESTIMATED MODEL AND RESIDUALS (OBSERVED - ESTIMATED)


           Model Estimated Correlations
              ITEM1         ITEM2         ITEM3         ITEM4         ITEM5
              ________      ________      ________      ________      ________
 ITEM1          1.000
 ITEM2          0.788         1.000
 ITEM3          0.675         0.650         1.000
 ITEM4          0.670         0.645         0.586         1.000
 ITEM5          0.558         0.534         0.511         0.544         1.000
 ITEM6          0.665         0.638         0.595         0.624         0.578
 ITEM7          0.532         0.507         0.531         0.594         0.612
 ITEM8          0.594         0.567         0.576         0.635         0.638
 ITEM9          0.419         0.403         0.368         0.381         0.344


           Model Estimated Correlations
              ITEM6         ITEM7         ITEM8         ITEM9
              ________      ________      ________      ________
 ITEM6          1.000
 ITEM7          0.660         1.000
 ITEM8          0.696         0.812         1.000
 ITEM9          0.394         0.379         0.404         1.000


           Residuals for Correlations
              ITEM1         ITEM2         ITEM3         ITEM4         ITEM5
              ________      ________      ________      ________      ________
 ITEM1          0.000
 ITEM2          0.002         0.000
 ITEM3          0.061        -0.052         0.000
 ITEM4         -0.022         0.020        -0.059         0.000
 ITEM5          0.030        -0.006        -0.092         0.015         0.000
 ITEM6         -0.058         0.049        -0.025         0.078         0.056
 ITEM7          0.003         0.000         0.030        -0.034        -0.001
 ITEM8          0.009        -0.007         0.000         0.013        -0.014
 ITEM9         -0.026        -0.036         0.144         0.031        -0.056


           Residuals for Correlations
              ITEM6         ITEM7         ITEM8         ITEM9
              ________      ________      ________      ________
 ITEM6          0.000
 ITEM7         -0.009         0.000
 ITEM8         -0.015         0.005         0.000
 ITEM9          0.036        -0.003        -0.014         0.000


EXPLORATORY FACTOR ANALYSIS WITH 5 FACTOR(S):


MODEL FIT INFORMATION

Number of Free Parameters                       53

Loglikelihood

          H0 Value                       -2223.524
          H0 Scaling Correction Factor      1.5395
            for MLR
          H1 Value                       -2223.016
          H1 Scaling Correction Factor      1.5158
            for MLR

Information Criteria

          Akaike (AIC)                    4553.049
          Bayesian (BIC)                  4700.342
          Sample-Size Adjusted BIC        4532.789
            (n* = (n + 2) / 24)

Chi-Square Test of Model Fit

          Value                              3.930*
          Degrees of Freedom                     1
          P-Value                           0.0474
          Scaling Correction Factor         0.2589
            for MLR

*   The chi-square value for MLM, MLMV, MLR, ULSMV, WLSM and WLSMV cannot be used
    for chi-square difference testing in the regular way.  MLM, MLR and WLSM
    chi-square difference testing is described on the Mplus website.  MLMV, WLSMV,
    and ULSMV difference testing is done using the DIFFTEST option.

RMSEA (Root Mean Square Error Of Approximation)

          Estimate                           0.157
          90 Percent C.I.                    0.014  0.333
          Probability RMSEA <= .05           0.081

CFI/TLI

          CFI                                0.993
          TLI                                0.742

Chi-Square Test of Model Fit for the Baseline Model

          Value                            444.351
          Degrees of Freedom                    36
          P-Value                           0.0000

SRMR (Standardized Root Mean Square Residual)

          Value                              0.006



MINIMUM ROTATION FUNCTION VALUE       0.30845



           GEOMIN ROTATED LOADINGS (* significant at 5% level)
                  1             2             3             4             5
              ________      ________      ________      ________      ________
 ITEM1          0.811         0.222         0.022         0.018         0.047
 ITEM2          0.484         0.005         0.550*       -0.013        -0.069
 ITEM3          0.131         0.897        -0.010         0.007        -0.007
 ITEM4          0.227        -0.020         0.550*        0.091         0.083
 ITEM5          0.268        -0.017        -0.006         0.001         0.718*
 ITEM6          0.002         0.044         0.710*        0.002         0.234
 ITEM7         -0.018         0.233         0.082         0.295         0.401
 ITEM8          0.014        -0.001        -0.007         1.200        -0.001
 ITEM9         -0.055         0.401*        0.251         0.002         0.013


           GEOMIN FACTOR CORRELATIONS (* significant at 5% level)
                  1             2             3             4             5
              ________      ________      ________      ________      ________
      1         1.000
      2         0.524         1.000
      3         0.558*        0.615         1.000
      4         0.409         0.477         0.574         1.000
      5         0.395         0.387         0.646*        0.583         1.000


           ESTIMATED RESIDUAL VARIANCES
              ITEM1         ITEM2         ITEM3         ITEM4         ITEM5
              ________      ________      ________      ________      ________
                0.018         0.243         0.067         0.357         0.280


           ESTIMATED RESIDUAL VARIANCES
              ITEM6         ITEM7         ITEM8         ITEM9
              ________      ________      ________      ________
                0.175         0.336        -0.442         0.679


           S.E. GEOMIN ROTATED LOADINGS
                  1             2             3             4             5
              ________      ________      ________      ________      ________
 ITEM1          0.529         0.623         0.024         0.056         0.117
 ITEM2          0.364         0.153         0.276         0.074         0.147
 ITEM3          1.227         0.879         0.052         0.043         0.071
 ITEM4          0.188         0.107         0.171         0.334         0.372
 ITEM5          0.504         0.094         0.043         0.088         0.346
 ITEM6          0.090         0.175         0.338         0.075         0.405
 ITEM7          0.077         0.317         0.413         0.969         0.705
 ITEM8          0.082         0.035         0.055         1.295         0.042
 ITEM9          0.382         0.158         0.202         0.092         0.153


           S.E. GEOMIN FACTOR CORRELATIONS
                  1             2             3             4             5
              ________      ________      ________      ________      ________
      1         0.000
      2         0.575         0.000
      3         0.162         0.462         0.000
      4         0.523         0.451         0.645         0.000
      5         0.555         0.341         0.202         0.547         0.000


           S.E. ESTIMATED RESIDUAL VARIANCES
              ITEM1         ITEM2         ITEM3         ITEM4         ITEM5
              ________      ________      ________      ________      ________
                0.245         0.107         0.336         0.077         0.315


           S.E. ESTIMATED RESIDUAL VARIANCES
              ITEM6         ITEM7         ITEM8         ITEM9
              ________      ________      ________      ________
                0.082         0.183         3.182         0.103


           Est./S.E. GEOMIN ROTATED LOADINGS
                  1             2             3             4             5
              ________      ________      ________      ________      ________
 ITEM1          1.535         0.356         0.920         0.321         0.404
 ITEM2          1.331         0.035         1.994        -0.180        -0.468
 ITEM3          0.106         1.021        -0.202         0.158        -0.097
 ITEM4          1.205        -0.190         3.207         0.272         0.222
 ITEM5          0.531        -0.181        -0.146         0.016         2.078
 ITEM6          0.019         0.252         2.102         0.021         0.576
 ITEM7         -0.231         0.735         0.199         0.305         0.569
 ITEM8          0.172        -0.031        -0.124         0.926        -0.018
 ITEM9         -0.144         2.539         1.244         0.024         0.083


           Est./S.E. GEOMIN FACTOR CORRELATIONS
                  1             2             3             4             5
              ________      ________      ________      ________      ________
      1         0.000
      2         0.910         0.000
      3         3.451         1.330         0.000
      4         0.782         1.056         0.890         0.000
      5         0.712         1.136         3.203         1.067         0.000


           Est./S.E. ESTIMATED RESIDUAL VARIANCES
              ITEM1         ITEM2         ITEM3         ITEM4         ITEM5
              ________      ________      ________      ________      ________
                0.074         2.263         0.200         4.606         0.890


           Est./S.E. ESTIMATED RESIDUAL VARIANCES
              ITEM6         ITEM7         ITEM8         ITEM9
              ________      ________      ________      ________
                2.150         1.842        -0.139         6.604


           FACTOR STRUCTURE
                  1             2             3             4             5
              ________      ________      ________      ________      ________
 ITEM1          0.966         0.687         0.652         0.496         0.479
 ITEM2          0.761         0.564         0.771         0.463         0.472
 ITEM3          0.595         0.960         0.613         0.478         0.389
 ITEM4          0.593         0.512         0.770         0.538         0.573
 ITEM5          0.540         0.398         0.598         0.518         0.814
 ITEM6          0.514         0.573         0.890         0.567         0.711
 ITEM7          0.429         0.570         0.644         0.680         0.709
 ITEM8          0.500         0.574         0.689         1.201         0.700
 ITEM9          0.301         0.532         0.476         0.322         0.309


     ESTIMATED MODEL AND RESIDUALS (OBSERVED - ESTIMATED)


           Model Estimated Correlations
              ITEM1         ITEM2         ITEM3         ITEM4         ITEM5
              ________      ________      ________      ________      ________
 ITEM1          1.000
 ITEM2          0.790         1.000
 ITEM3          0.736         0.597         1.000
 ITEM4          0.648         0.666         0.528         1.000
 ITEM5          0.587         0.529         0.419         0.557         1.000
 ITEM6          0.607         0.685         0.570         0.705         0.634
 ITEM7          0.535         0.507         0.561         0.561         0.612
 ITEM8          0.603         0.560         0.576         0.648         0.624
 ITEM9          0.393         0.385         0.512         0.374         0.291


           Model Estimated Correlations
              ITEM6         ITEM7         ITEM8         ITEM9
              ________      ________      ________      ________
 ITEM6          1.000
 ITEM7          0.650         1.000
 ITEM8          0.681         0.817         1.000
 ITEM9          0.435         0.377         0.387         1.000


           Residuals for Correlations
              ITEM1         ITEM2         ITEM3         ITEM4         ITEM5
              ________      ________      ________      ________      ________
 ITEM1          0.000
 ITEM2          0.000         0.000
 ITEM3          0.000         0.001         0.000
 ITEM4          0.000        -0.002        -0.002         0.000
 ITEM5          0.000        -0.001         0.000         0.001         0.000
 ITEM6          0.000         0.002         0.000        -0.002         0.000
 ITEM7          0.000        -0.001         0.000        -0.001        -0.001
 ITEM8          0.000        -0.001         0.000         0.000         0.000
 ITEM9          0.000        -0.018         0.000         0.038        -0.003


           Residuals for Correlations
              ITEM6         ITEM7         ITEM8         ITEM9
              ________      ________      ________      ________
 ITEM6          0.000
 ITEM7          0.001         0.000
 ITEM8          0.000         0.000         0.000
 ITEM9         -0.004        -0.001         0.004         0.000


RESIDUAL OUTPUT


     ESTIMATED MODEL AND RESIDUALS (OBSERVED - ESTIMATED)


           Model Estimated Means
              ITEM1         ITEM2         ITEM3         ITEM4         ITEM5
              ________      ________      ________      ________      ________
                0.000         0.000         0.000         0.000         0.000


           Model Estimated Means
              ITEM6         ITEM7         ITEM8         ITEM9
              ________      ________      ________      ________
                0.000         0.000         0.000         0.000


           Residuals for Means
              ITEM1         ITEM2         ITEM3         ITEM4         ITEM5
              ________      ________      ________      ________      ________
                4.508         4.844         4.706         4.815         4.187


           Residuals for Means
              ITEM6         ITEM7         ITEM8         ITEM9
              ________      ________      ________      ________
                4.724         3.689         3.948         5.857


           Standardized Residuals (z-scores) for Means
              ITEM1         ITEM2         ITEM3         ITEM4         ITEM5
              ________      ________      ________      ________      ________
              999.000       999.000       999.000       999.000       999.000


           Standardized Residuals (z-scores) for Means
              ITEM6         ITEM7         ITEM8         ITEM9
              ________      ________      ________      ________
              999.000       999.000       999.000       999.000


           Normalized Residuals for Means
              ITEM1         ITEM2         ITEM3         ITEM4         ITEM5
              ________      ________      ________      ________      ________
              999.000       999.000       999.000       999.000       999.000


           Normalized Residuals for Means
              ITEM6         ITEM7         ITEM8         ITEM9
              ________      ________      ________      ________
              999.000       999.000       999.000       999.000


           Model Estimated Covariances
              ITEM1         ITEM2         ITEM3         ITEM4         ITEM5
              ________      ________      ________      ________      ________
 ITEM1          1.000
 ITEM2          0.000         1.000
 ITEM3          0.000         0.000         1.000
 ITEM4          0.000         0.000         0.000         1.000
 ITEM5          0.000         0.000         0.000         0.000         1.000
 ITEM6          0.000         0.000         0.000         0.000         0.000
 ITEM7          0.000         0.000         0.000         0.000         0.000
 ITEM8          0.000         0.000         0.000         0.000         0.000
 ITEM9          0.000         0.000         0.000         0.000         0.000


           Model Estimated Covariances
              ITEM6         ITEM7         ITEM8         ITEM9
              ________      ________      ________      ________
 ITEM6          1.000
 ITEM7          0.000         1.000
 ITEM8          0.000         0.000         1.000
 ITEM9          0.000         0.000         0.000         1.000


           Model Estimated Correlations
              ITEM1         ITEM2         ITEM3         ITEM4         ITEM5
              ________      ________      ________      ________      ________
 ITEM1          1.000
 ITEM2          0.000         1.000
 ITEM3          0.000         0.000         1.000
 ITEM4          0.000         0.000         0.000         1.000
 ITEM5          0.000         0.000         0.000         0.000         1.000
 ITEM6          0.000         0.000         0.000         0.000         0.000
 ITEM7          0.000         0.000         0.000         0.000         0.000
 ITEM8          0.000         0.000         0.000         0.000         0.000
 ITEM9          0.000         0.000         0.000         0.000         0.000


           Model Estimated Correlations
              ITEM6         ITEM7         ITEM8         ITEM9
              ________      ________      ________      ________
 ITEM6          1.000
 ITEM7          0.000         1.000
 ITEM8          0.000         0.000         1.000
 ITEM9          0.000         0.000         0.000         1.000


           Residuals for Covariances
              ITEM1         ITEM2         ITEM3         ITEM4         ITEM5
              ________      ________      ________      ________      ________
 ITEM1          5.886
 ITEM2          5.610         6.318
 ITEM3          5.259         4.408         6.418
 ITEM4          4.741         5.010         3.996         6.764
 ITEM5          5.080         4.711         3.763         5.126         9.855
 ITEM6          4.258         4.967         4.154         5.229         5.582
 ITEM7          3.910         3.816         4.253         4.346         5.609
 ITEM8          4.514         4.318         4.476         5.147         5.865
 ITEM9          2.749         2.640         3.714         3.058         2.531


           Residuals for Covariances
              ITEM6         ITEM7         ITEM8         ITEM9
              ________      ________      ________      ________
 ITEM6          6.145
 ITEM7          4.846         6.760
 ITEM8          5.190         6.490         7.138
 ITEM9          3.065         2.788         2.967         6.097


           Residuals for Correlations
              ITEM1         ITEM2         ITEM3         ITEM4         ITEM5
              ________      ________      ________      ________      ________
 ITEM1          0.000
 ITEM2          0.790         0.000
 ITEM3          0.736         0.598         0.000
 ITEM4          0.648         0.665         0.527         0.000
 ITEM5          0.588         0.529         0.419         0.558         0.000
 ITEM6          0.607         0.687         0.571         0.702         0.634
 ITEM7          0.535         0.506         0.561         0.560         0.611
 ITEM8          0.603         0.560         0.576         0.648         0.624
 ITEM9          0.393         0.366         0.512         0.412         0.288


           Residuals for Correlations
              ITEM6         ITEM7         ITEM8         ITEM9
              ________      ________      ________      ________
 ITEM6          0.000
 ITEM7          0.651         0.000
 ITEM8          0.681         0.817         0.000
 ITEM9          0.430         0.376         0.390         0.000


           Standardized Residuals (z-scores) for Covariances
              ITEM1         ITEM2         ITEM3         ITEM4         ITEM5
              ________      ________      ________      ________      ________
 ITEM1        999.000
 ITEM2        999.000       999.000
 ITEM3        999.000       999.000       999.000
 ITEM4        999.000       999.000       999.000       999.000
 ITEM5        999.000       999.000       999.000       999.000       999.000
 ITEM6        999.000       999.000       999.000       999.000       999.000
 ITEM7        999.000       999.000       999.000       999.000       999.000
 ITEM8        999.000       999.000       999.000       999.000       999.000
 ITEM9          2.749         2.640         3.714         3.058         2.531


           Standardized Residuals (z-scores) for Covariances
              ITEM6         ITEM7         ITEM8         ITEM9
              ________      ________      ________      ________
 ITEM6        999.000
 ITEM7        999.000       999.000
 ITEM8        999.000       999.000       999.000
 ITEM9          3.065         2.788         2.967         6.097


           Normalized Residuals for Covariances
              ITEM1         ITEM2         ITEM3         ITEM4         ITEM5
              ________      ________      ________      ________      ________
 ITEM1        999.000
 ITEM2        999.000       999.000
 ITEM3        999.000       999.000       999.000
 ITEM4        999.000       999.000       999.000       999.000
 ITEM5        999.000       999.000       999.000       999.000       999.000
 ITEM6        999.000       999.000       999.000       999.000       999.000
 ITEM7        999.000       999.000       999.000       999.000       999.000
 ITEM8        999.000       999.000       999.000       999.000       999.000
 ITEM9        999.000       999.000       999.000       999.000       999.000


           Normalized Residuals for Covariances
              ITEM6         ITEM7         ITEM8         ITEM9
              ________      ________      ________      ________
 ITEM6        999.000
 ITEM7        999.000       999.000
 ITEM8        999.000       999.000       999.000
 ITEM9        999.000       999.000       999.000       999.000


     ESTIMATED MODEL AND RESIDUALS (OBSERVED - ESTIMATED)


           Model Estimated Means
              ITEM1         ITEM2         ITEM3         ITEM4         ITEM5
              ________      ________      ________      ________      ________
                4.508         4.844         4.706         4.815         4.176


           Model Estimated Means
              ITEM6         ITEM7         ITEM8         ITEM9
              ________      ________      ________      ________
                4.720         3.689         3.942         5.857


           Residuals for Means
              ITEM1         ITEM2         ITEM3         ITEM4         ITEM5
              ________      ________      ________      ________      ________
                0.000        -0.001         0.000         0.000         0.011


           Residuals for Means
              ITEM6         ITEM7         ITEM8         ITEM9
              ________      ________      ________      ________
                0.004         0.000         0.006         0.000


           Standardized Residuals (z-scores) for Means
              ITEM1         ITEM2         ITEM3         ITEM4         ITEM5
              ________      ________      ________      ________      ________
                0.000       999.000         0.000         0.000       999.000


           Standardized Residuals (z-scores) for Means
              ITEM6         ITEM7         ITEM8         ITEM9
              ________      ________      ________      ________
              999.000         0.000       999.000         0.000


           Normalized Residuals for Means
              ITEM1         ITEM2         ITEM3         ITEM4         ITEM5
              ________      ________      ________      ________      ________
                0.000        -0.003         0.000         0.000         0.037


           Normalized Residuals for Means
              ITEM6         ITEM7         ITEM8         ITEM9
              ________      ________      ________      ________
                0.017         0.000         0.024         0.000


           Model Estimated Covariances
              ITEM1         ITEM2         ITEM3         ITEM4         ITEM5
              ________      ________      ________      ________      ________
 ITEM1          6.886
 ITEM2          4.597         7.324
 ITEM3          4.274         4.306         7.418
 ITEM4          4.716         4.751         4.417         7.764
 ITEM5          5.028         5.065         4.709         5.196        10.831
 ITEM6          4.747         4.782         4.446         4.905         5.230
 ITEM7          4.585         4.619         4.294         4.738         5.052
 ITEM8          4.973         5.010         4.658         5.140         5.480
 ITEM9          2.865         2.886         2.683         2.960         3.157


           Model Estimated Covariances
              ITEM6         ITEM7         ITEM8         ITEM9
              ________      ________      ________      ________
 ITEM6          7.146
 ITEM7          4.769         7.760
 ITEM8          5.174         4.997         8.102
 ITEM9          2.980         2.878         3.122         7.097


           Model Estimated Correlations
              ITEM1         ITEM2         ITEM3         ITEM4         ITEM5
              ________      ________      ________      ________      ________
 ITEM1          1.000
 ITEM2          0.647         1.000
 ITEM3          0.598         0.584         1.000
 ITEM4          0.645         0.630         0.582         1.000
 ITEM5          0.582         0.569         0.525         0.567         1.000
 ITEM6          0.677         0.661         0.611         0.659         0.595
 ITEM7          0.627         0.613         0.566         0.610         0.551
 ITEM8          0.666         0.650         0.601         0.648         0.585
 ITEM9          0.410         0.400         0.370         0.399         0.360


           Model Estimated Correlations
              ITEM6         ITEM7         ITEM8         ITEM9
              ________      ________      ________      ________
 ITEM6          1.000
 ITEM7          0.640         1.000
 ITEM8          0.680         0.630         1.000
 ITEM9          0.418         0.388         0.412         1.000


           Residuals for Covariances
              ITEM1         ITEM2         ITEM3         ITEM4         ITEM5
              ________      ________      ________      ________      ________
 ITEM1          0.000
 ITEM2          1.013        -0.006
 ITEM3          0.985         0.102         0.000
 ITEM4          0.025         0.259        -0.421         0.000
 ITEM5          0.052        -0.354        -0.947        -0.070         0.025
 ITEM6         -0.489         0.185        -0.292         0.323         0.352
 ITEM7         -0.674        -0.803        -0.041        -0.392         0.557
 ITEM8         -0.459        -0.692        -0.182         0.007         0.385
 ITEM9         -0.116        -0.246         1.031         0.097        -0.626


           Residuals for Covariances
              ITEM6         ITEM7         ITEM8         ITEM9
              ________      ________      ________      ________
 ITEM6         -0.001
 ITEM7          0.077         0.000
 ITEM8          0.016         1.494         0.036
 ITEM9          0.085        -0.091        -0.155         0.000


           Residuals for Correlations
              ITEM1         ITEM2         ITEM3         ITEM4         ITEM5
              ________      ________      ________      ________      ________
 ITEM1          0.000
 ITEM2          0.143         0.000
 ITEM3          0.138         0.014         0.000
 ITEM4          0.003         0.035        -0.055         0.000
 ITEM5          0.005        -0.040        -0.106        -0.008         0.000
 ITEM6         -0.070         0.026        -0.040         0.043         0.039
 ITEM7         -0.092        -0.106        -0.005        -0.050         0.060
 ITEM8         -0.063        -0.091        -0.025         0.000         0.039
 ITEM9         -0.017        -0.034         0.142         0.013        -0.072


           Residuals for Correlations
              ITEM6         ITEM7         ITEM8         ITEM9
              ________      ________      ________      ________
 ITEM6          0.000
 ITEM7          0.010         0.000
 ITEM8          0.001         0.187         0.000
 ITEM9          0.012        -0.012        -0.021         0.000


           Standardized Residuals (z-scores) for Covariances
              ITEM1         ITEM2         ITEM3         ITEM4         ITEM5
              ________      ________      ________      ________      ________
 ITEM1          0.000
 ITEM2        999.000       999.000
 ITEM3          7.013         0.923       999.000
 ITEM4          0.059         0.865        -0.982         0.000
 ITEM5          0.166        -0.647        -1.863        -0.186         0.007
 ITEM6        999.000       999.000       999.000       999.000         0.638
 ITEM7         -3.982        -5.540       999.000        -2.934       999.000
 ITEM8         -1.014        -1.545        -0.467         0.019         0.644
 ITEM9         -0.097        -0.204         0.851         0.080        -0.478


           Standardized Residuals (z-scores) for Covariances
              ITEM6         ITEM7         ITEM8         ITEM9
              ________      ________      ________      ________
 ITEM6        999.000
 ITEM7        999.000         0.000
 ITEM8          0.044         3.035         0.084
 ITEM9          0.071        -0.077        -0.127         0.000


           Normalized Residuals for Covariances
              ITEM1         ITEM2         ITEM3         ITEM4         ITEM5
              ________      ________      ________      ________      ________
 ITEM1          0.000
 ITEM2          1.539        -0.009
 ITEM3          1.559         0.151         0.000
 ITEM4          0.036         0.379        -0.597         0.000
 ITEM5          0.070        -0.450        -1.209        -0.097         0.007
 ITEM6         -0.791         0.288        -0.455         0.534         0.420
 ITEM7         -1.022        -1.140        -0.060        -0.556         0.780
 ITEM8         -0.633        -0.941        -0.255         0.010         0.470
 ITEM9         -0.180        -0.368         1.508         0.140        -0.739


           Normalized Residuals for Covariances
              ITEM6         ITEM7         ITEM8         ITEM9
              ________      ________      ________      ________
 ITEM6         -0.002
 ITEM7          0.111         0.000
 ITEM8          0.023         1.874         0.046
 ITEM9          0.133        -0.149        -0.224         0.000


     ESTIMATED MODEL AND RESIDUALS (OBSERVED - ESTIMATED)


           Model Estimated Means
              ITEM1         ITEM2         ITEM3         ITEM4         ITEM5
              ________      ________      ________      ________      ________
                4.508         4.847         4.706         4.815         4.168


           Model Estimated Means
              ITEM6         ITEM7         ITEM8         ITEM9
              ________      ________      ________      ________
                4.718         3.689         3.946         5.857


           Residuals for Means
              ITEM1         ITEM2         ITEM3         ITEM4         ITEM5
              ________      ________      ________      ________      ________
                0.000        -0.003         0.000         0.000         0.019


           Residuals for Means
              ITEM6         ITEM7         ITEM8         ITEM9
              ________      ________      ________      ________
                0.006         0.000         0.002         0.000


           Standardized Residuals (z-scores) for Means
              ITEM1         ITEM2         ITEM3         ITEM4         ITEM5
              ________      ________      ________      ________      ________
                0.000       999.000         0.000         0.000       999.000


           Standardized Residuals (z-scores) for Means
              ITEM6         ITEM7         ITEM8         ITEM9
              ________      ________      ________      ________
              999.000         0.000       999.000         0.000


           Normalized Residuals for Means
              ITEM1         ITEM2         ITEM3         ITEM4         ITEM5
              ________      ________      ________      ________      ________
                0.000        -0.012         0.000         0.000         0.062


           Normalized Residuals for Means
              ITEM6         ITEM7         ITEM8         ITEM9
              ________      ________      ________      ________
                0.024         0.000         0.006         0.000


           Model Estimated Covariances
              ITEM1         ITEM2         ITEM3         ITEM4         ITEM5
              ________      ________      ________      ________      ________
 ITEM1          6.886
 ITEM2          5.591         7.312
 ITEM3          4.825         4.789         7.418
 ITEM4          4.902         4.858         4.446         7.764
 ITEM5          4.814         4.755         4.578         4.985        10.825
 ITEM6          4.665         4.615         4.335         4.651         5.087
 ITEM7          3.890         3.816         4.027         4.608         5.608
 ITEM8          4.444         4.370         4.474         5.040         5.987
 ITEM9          2.929         2.902         2.668         2.826         3.017


           Model Estimated Covariances
              ITEM6         ITEM7         ITEM8         ITEM9
              ________      ________      ________      ________
 ITEM6          7.147
 ITEM7          4.915         7.760
 ITEM8          5.304         6.447         8.126
 ITEM9          2.808         2.813         3.069         7.097


           Model Estimated Correlations
              ITEM1         ITEM2         ITEM3         ITEM4         ITEM5
              ________      ________      ________      ________      ________
 ITEM1          1.000
 ITEM2          0.788         1.000
 ITEM3          0.675         0.650         1.000
 ITEM4          0.670         0.645         0.586         1.000
 ITEM5          0.558         0.534         0.511         0.544         1.000
 ITEM6          0.665         0.638         0.595         0.624         0.578
 ITEM7          0.532         0.507         0.531         0.594         0.612
 ITEM8          0.594         0.567         0.576         0.635         0.638
 ITEM9          0.419         0.403         0.368         0.381         0.344


           Model Estimated Correlations
              ITEM6         ITEM7         ITEM8         ITEM9
              ________      ________      ________      ________
 ITEM6          1.000
 ITEM7          0.660         1.000
 ITEM8          0.696         0.812         1.000
 ITEM9          0.394         0.379         0.404         1.000


           Residuals for Covariances
              ITEM1         ITEM2         ITEM3         ITEM4         ITEM5
              ________      ________      ________      ________      ________
 ITEM1          0.000
 ITEM2          0.019         0.006
 ITEM3          0.434        -0.381         0.000
 ITEM4         -0.161         0.152        -0.450         0.000
 ITEM5          0.266        -0.043        -0.815         0.141         0.030
 ITEM6         -0.407         0.352        -0.181         0.578         0.496
 ITEM7          0.020        -0.001         0.226        -0.262         0.001
 ITEM8          0.071        -0.051         0.002         0.107        -0.122
 ITEM9         -0.180        -0.262         1.046         0.232        -0.487


           Residuals for Covariances
              ITEM6         ITEM7         ITEM8         ITEM9
              ________      ________      ________      ________
 ITEM6         -0.003
 ITEM7         -0.069         0.000
 ITEM8         -0.114         0.043         0.012
 ITEM9          0.257        -0.026        -0.102         0.000


           Residuals for Correlations
              ITEM1         ITEM2         ITEM3         ITEM4         ITEM5
              ________      ________      ________      ________      ________
 ITEM1          0.000
 ITEM2          0.002         0.000
 ITEM3          0.061        -0.052         0.000
 ITEM4         -0.022         0.020        -0.059         0.000
 ITEM5          0.030        -0.006        -0.092         0.015         0.000
 ITEM6         -0.058         0.049        -0.025         0.078         0.056
 ITEM7          0.003         0.000         0.030        -0.034        -0.001
 ITEM8          0.009        -0.007         0.000         0.013        -0.014
 ITEM9         -0.026        -0.036         0.144         0.031        -0.056


           Residuals for Correlations
              ITEM6         ITEM7         ITEM8         ITEM9
              ________      ________      ________      ________
 ITEM6          0.000
 ITEM7         -0.009         0.000
 ITEM8         -0.015         0.005         0.000
 ITEM9          0.036        -0.003        -0.014         0.000


           Standardized Residuals (z-scores) for Covariances
              ITEM1         ITEM2         ITEM3         ITEM4         ITEM5
              ________      ________      ________      ________      ________
 ITEM1          0.000
 ITEM2        999.000       999.000
 ITEM3        999.000        -5.303         0.000
 ITEM4         -0.447       999.000        -1.090         0.000
 ITEM5          0.871        -0.079        -1.986         1.258         0.008
 ITEM6        999.000       999.000       999.000       999.000         1.111
 ITEM7        999.000       999.000       999.000        -1.686       999.000
 ITEM8          0.201        -0.125         0.004         0.266        -0.200
 ITEM9         -0.152        -0.218         0.864         0.190        -0.371


           Standardized Residuals (z-scores) for Covariances
              ITEM6         ITEM7         ITEM8         ITEM9
              ________      ________      ________      ________
 ITEM6        999.000
 ITEM7        999.000         0.000
 ITEM8         -0.351         0.089         0.028
 ITEM9          0.216        -0.022        -0.084         0.000


           Normalized Residuals for Covariances
              ITEM1         ITEM2         ITEM3         ITEM4         ITEM5
              ________      ________      ________      ________      ________
 ITEM1          0.000
 ITEM2          0.030         0.009
 ITEM3          0.687        -0.566         0.000
 ITEM4         -0.228         0.223        -0.638         0.000
 ITEM5          0.359        -0.055        -1.041         0.195         0.008
 ITEM6         -0.660         0.547        -0.281         0.954         0.591
 ITEM7          0.031        -0.001         0.333        -0.372         0.001
 ITEM8          0.097        -0.070         0.002         0.147        -0.149
 ITEM9         -0.281        -0.392         1.530         0.333        -0.575


           Normalized Residuals for Covariances
              ITEM6         ITEM7         ITEM8         ITEM9
              ________      ________      ________      ________
 ITEM6         -0.005
 ITEM7         -0.100         0.000
 ITEM8         -0.163         0.054         0.016
 ITEM9          0.401        -0.042        -0.147         0.000


     ESTIMATED MODEL AND RESIDUALS (OBSERVED - ESTIMATED)


           Model Estimated Means
              ITEM1         ITEM2         ITEM3         ITEM4         ITEM5
              ________      ________      ________      ________      ________
                4.508         4.847         4.706         4.815         4.168


           Model Estimated Means
              ITEM6         ITEM7         ITEM8         ITEM9
              ________      ________      ________      ________
                4.716         3.689         3.947         5.857


           Residuals for Means
              ITEM1         ITEM2         ITEM3         ITEM4         ITEM5
              ________      ________      ________      ________      ________
                0.000        -0.004         0.000         0.000         0.018


           Residuals for Means
              ITEM6         ITEM7         ITEM8         ITEM9
              ________      ________      ________      ________
                0.008         0.000         0.001         0.000


           Model Estimated Covariances
              ITEM1         ITEM2         ITEM3         ITEM4         ITEM5
              ________      ________      ________      ________      ________
 ITEM1         40.295
 ITEM2         38.659        39.983
 ITEM3         39.659        39.225        44.078
 ITEM4         45.388        44.889        47.159        57.719
 ITEM5         54.782        54.176        57.597        67.114        88.364
 ITEM6         48.105        47.574        50.328        58.499        72.234
 ITEM7         59.737        59.072        63.708        74.753        93.549
 ITEM8         62.371        61.678        66.266        77.611        96.875
 ITEM9        -25.229       -24.820       -14.641       -14.809       -11.360


           Model Estimated Covariances
              ITEM6         ITEM7         ITEM8         ITEM9
              ________      ________      ________      ________
 ITEM6         65.328
 ITEM7         80.925       107.976
 ITEM8         83.892       109.879       114.904
 ITEM9        -11.794        -1.365        -4.451      1265.112


           Model Estimated Correlations
              ITEM1         ITEM2         ITEM3         ITEM4         ITEM5
              ________      ________      ________      ________      ________
 ITEM1          1.000
 ITEM2          0.963         1.000
 ITEM3          0.941         0.934         1.000
 ITEM4          0.941         0.934         0.935         1.000
 ITEM5          0.918         0.911         0.923         0.940         1.000
 ITEM6          0.938         0.931         0.938         0.953         0.951
 ITEM7          0.906         0.899         0.923         0.947         0.958
 ITEM8          0.917         0.910         0.931         0.953         0.961
 ITEM9         -0.112        -0.110        -0.062        -0.055        -0.034


           Model Estimated Correlations
              ITEM6         ITEM7         ITEM8         ITEM9
              ________      ________      ________      ________
 ITEM6          1.000
 ITEM7          0.964         1.000
 ITEM8          0.968         0.986         1.000
 ITEM9         -0.041        -0.004        -0.012         1.000


           Residuals for Covariances
              ITEM1         ITEM2         ITEM3         ITEM4         ITEM5
              ________      ________      ________      ________      ________
 ITEM1        -33.409
 ITEM2        -33.049       -32.665
 ITEM3        -34.400       -34.817       -36.660
 ITEM4        -40.647       -39.879       -43.163       -49.955
 ITEM5        -49.702       -49.465       -53.834       -61.988       -77.508
 ITEM6        -43.847       -42.607       -46.174       -53.271       -66.652
 ITEM7        -55.827       -55.256       -59.455       -70.407       -87.940
 ITEM8        -57.857       -57.359       -61.790       -72.464       -91.010
 ITEM9         27.978        27.460        18.356        17.867        13.891


           Residuals for Covariances
              ITEM6         ITEM7         ITEM8         ITEM9
              ________      ________      ________      ________
 ITEM6        -58.184
 ITEM7        -76.080      -100.215
 ITEM8        -78.702      -103.388      -106.766
 ITEM9         14.859         4.153         7.418     -1258.015


           Residuals for Correlations
              ITEM1         ITEM2         ITEM3         ITEM4         ITEM5
              ________      ________      ________      ________      ________
 ITEM1          0.000
 ITEM2         -0.173         0.000
 ITEM3         -0.205        -0.336         0.000
 ITEM4         -0.293        -0.270        -0.408         0.000
 ITEM5         -0.331        -0.383        -0.504        -0.381         0.000
 ITEM6         -0.331        -0.244        -0.367        -0.251        -0.317
 ITEM7         -0.371        -0.393        -0.363        -0.387        -0.347
 ITEM8         -0.314        -0.350        -0.355        -0.305        -0.337
 ITEM9          0.505         0.477         0.574         0.467         0.322


           Residuals for Correlations
              ITEM6         ITEM7         ITEM8         ITEM9
              ________      ________      ________      ________
 ITEM6          0.000
 ITEM7         -0.313         0.000
 ITEM8         -0.288        -0.170         0.000
 ITEM9          0.471         0.379         0.402         0.000


     ESTIMATED MODEL AND RESIDUALS (OBSERVED - ESTIMATED)


           Model Estimated Means
              ITEM1         ITEM2         ITEM3         ITEM4         ITEM5
              ________      ________      ________      ________      ________
                4.508         4.843         4.706         4.815         4.188


           Model Estimated Means
              ITEM6         ITEM7         ITEM8         ITEM9
              ________      ________      ________      ________
                4.725         3.689         3.948         5.857


           Residuals for Means
              ITEM1         ITEM2         ITEM3         ITEM4         ITEM5
              ________      ________      ________      ________      ________
                0.000         0.000         0.000         0.000        -0.002


           Residuals for Means
              ITEM6         ITEM7         ITEM8         ITEM9
              ________      ________      ________      ________
               -0.001         0.000         0.000         0.000


           Model Estimated Covariances
              ITEM1         ITEM2         ITEM3         ITEM4         ITEM5
              ________      ________      ________      ________      ________
 ITEM1       6244.640
 ITEM2        435.832        41.491
 ITEM3       1235.132        87.187       281.537
 ITEM4        460.091        41.588        90.479        47.168
 ITEM5        558.064        48.608       109.809        52.809        69.616
 ITEM6        496.744        44.228        98.333        47.722        57.045
 ITEM7        666.474        55.051       133.879        60.380        76.484
 ITEM8        646.454        54.443       129.443        59.412        74.023
 ITEM9        332.381        28.084        69.077        30.111        36.193


           Model Estimated Covariances
              ITEM6         ITEM7         ITEM8         ITEM9
              ________      ________      ________      ________
 ITEM6         52.952
 ITEM7         66.206        95.565
 ITEM8         64.723        90.024        87.994
 ITEM9         32.392        42.523        41.427        26.300


           Model Estimated Correlations
              ITEM1         ITEM2         ITEM3         ITEM4         ITEM5
              ________      ________      ________      ________      ________
 ITEM1          1.000
 ITEM2          0.856         1.000
 ITEM3          0.932         0.807         1.000
 ITEM4          0.848         0.940         0.785         1.000
 ITEM5          0.846         0.904         0.784         0.922         1.000
 ITEM6          0.864         0.944         0.805         0.955         0.940
 ITEM7          0.863         0.874         0.816         0.899         0.938
 ITEM8          0.872         0.901         0.822         0.922         0.946
 ITEM9          0.820         0.850         0.803         0.855         0.846


           Model Estimated Correlations
              ITEM6         ITEM7         ITEM8         ITEM9
              ________      ________      ________      ________
 ITEM6          1.000
 ITEM7          0.931         1.000
 ITEM8          0.948         0.982         1.000
 ITEM9          0.868         0.848         0.861         1.000


           Residuals for Covariances
              ITEM1         ITEM2         ITEM3         ITEM4         ITEM5
              ________      ________      ________      ________      ________
 ITEM1      -6237.754
 ITEM2       -430.222       -34.172
 ITEM3      -1229.874       -82.780      -274.119
 ITEM4       -455.350       -36.578       -86.483       -39.404
 ITEM5       -552.984       -43.897      -106.046       -47.683       -58.761
 ITEM6       -492.486       -39.260       -94.179       -42.493       -51.462
 ITEM7       -662.563       -51.235      -129.626       -56.034       -70.875
 ITEM8       -641.940       -50.124      -124.967       -54.265       -68.158
 ITEM9       -329.632       -25.443       -65.363       -27.054       -33.662


           Residuals for Covariances
              ITEM6         ITEM7         ITEM8         ITEM9
              ________      ________      ________      ________
 ITEM6        -45.807
 ITEM7        -61.361       -87.805
 ITEM8        -59.533       -83.533       -79.856
 ITEM9        -29.328       -39.735       -38.459       -19.203


           Residuals for Correlations
              ITEM1         ITEM2         ITEM3         ITEM4         ITEM5
              ________      ________      ________      ________      ________
 ITEM1          0.000
 ITEM2         -0.066         0.000
 ITEM3         -0.196        -0.208         0.000
 ITEM4         -0.199        -0.275        -0.259         0.000
 ITEM5         -0.259        -0.376        -0.365        -0.363         0.000
 ITEM6         -0.257        -0.257        -0.235        -0.253        -0.306
 ITEM7         -0.328        -0.368        -0.256        -0.339        -0.327
 ITEM8         -0.269        -0.341        -0.246        -0.275        -0.322
 ITEM9         -0.427        -0.484        -0.291        -0.443        -0.557


           Residuals for Correlations
              ITEM6         ITEM7         ITEM8         ITEM9
              ________      ________      ________      ________
 ITEM6          0.000
 ITEM7         -0.280         0.000
 ITEM8         -0.268        -0.165         0.000
 ITEM9         -0.438        -0.473        -0.471         0.000


     ESTIMATED MODEL AND RESIDUALS (OBSERVED - ESTIMATED)


           Model Estimated Means
              ITEM1         ITEM2         ITEM3         ITEM4         ITEM5
              ________      ________      ________      ________      ________
                4.508         4.843         4.706         4.815         4.186


           Model Estimated Means
              ITEM6         ITEM7         ITEM8         ITEM9
              ________      ________      ________      ________
                4.724         3.689         3.948         5.857


           Residuals for Means
              ITEM1         ITEM2         ITEM3         ITEM4         ITEM5
              ________      ________      ________      ________      ________
                0.000         0.001         0.000         0.000         0.000


           Residuals for Means
              ITEM6         ITEM7         ITEM8         ITEM9
              ________      ________      ________      ________
                0.000         0.000         0.000         0.000


           Standardized Residuals (z-scores) for Means
              ITEM1         ITEM2         ITEM3         ITEM4         ITEM5
              ________      ________      ________      ________      ________
                0.000       999.000         0.000         0.000       999.000


           Standardized Residuals (z-scores) for Means
              ITEM6         ITEM7         ITEM8         ITEM9
              ________      ________      ________      ________
              999.000         0.000       999.000         0.000


           Normalized Residuals for Means
              ITEM1         ITEM2         ITEM3         ITEM4         ITEM5
              ________      ________      ________      ________      ________
                0.000         0.003         0.000         0.000         0.001


           Normalized Residuals for Means
              ITEM6         ITEM7         ITEM8         ITEM9
              ________      ________      ________      ________
                0.001         0.000         0.000         0.000


           Model Estimated Covariances
              ITEM1         ITEM2         ITEM3         ITEM4         ITEM5
              ________      ________      ________      ________      ________
 ITEM1          6.886
 ITEM2          5.611         7.321
 ITEM3          5.259         4.401         7.418
 ITEM4          4.740         5.024         4.010         7.764
 ITEM5          5.078         4.718         3.761         5.116        10.854
 ITEM6          4.259         4.951         4.152         5.247         5.580
 ITEM7          3.910         3.824         4.253         4.351         5.614
 ITEM8          4.514         4.323         4.477         5.148         5.867
 ITEM9          2.747         2.773         3.714         2.777         2.556


           Model Estimated Covariances
              ITEM6         ITEM7         ITEM8         ITEM9
              ________      ________      ________      ________
 ITEM6          7.145
 ITEM7          4.840         7.760
 ITEM8          5.190         6.490         8.137
 ITEM9          3.096         2.798         2.941         7.097


           Model Estimated Correlations
              ITEM1         ITEM2         ITEM3         ITEM4         ITEM5
              ________      ________      ________      ________      ________
 ITEM1          1.000
 ITEM2          0.790         1.000
 ITEM3          0.736         0.597         1.000
 ITEM4          0.648         0.666         0.528         1.000
 ITEM5          0.587         0.529         0.419         0.557         1.000
 ITEM6          0.607         0.685         0.570         0.705         0.634
 ITEM7          0.535         0.507         0.561         0.561         0.612
 ITEM8          0.603         0.560         0.576         0.648         0.624
 ITEM9          0.393         0.385         0.512         0.374         0.291


           Model Estimated Correlations
              ITEM6         ITEM7         ITEM8         ITEM9
              ________      ________      ________      ________
 ITEM6          1.000
 ITEM7          0.650         1.000
 ITEM8          0.681         0.817         1.000
 ITEM9          0.435         0.377         0.387         1.000


           Residuals for Covariances
              ITEM1         ITEM2         ITEM3         ITEM4         ITEM5
              ________      ________      ________      ________      ________
 ITEM1          0.000
 ITEM2         -0.001        -0.002
 ITEM3          0.000         0.006         0.000
 ITEM4          0.002        -0.014        -0.013         0.000
 ITEM5          0.002        -0.006         0.002         0.010         0.002
 ITEM6         -0.001         0.016         0.002        -0.019         0.002
 ITEM7          0.000        -0.008         0.000        -0.005        -0.005
 ITEM8          0.000        -0.005        -0.001        -0.001        -0.002
 ITEM9          0.002        -0.133         0.000         0.280        -0.025


           Residuals for Covariances
              ITEM6         ITEM7         ITEM8         ITEM9
              ________      ________      ________      ________
 ITEM6          0.000
 ITEM7          0.006         0.000
 ITEM8          0.000         0.000         0.000
 ITEM9         -0.031        -0.011         0.027         0.000


           Residuals for Correlations
              ITEM1         ITEM2         ITEM3         ITEM4         ITEM5
              ________      ________      ________      ________      ________
 ITEM1          0.000
 ITEM2          0.000         0.000
 ITEM3          0.000         0.001         0.000
 ITEM4          0.000        -0.002        -0.002         0.000
 ITEM5          0.000        -0.001         0.000         0.001         0.000
 ITEM6          0.000         0.002         0.000        -0.002         0.000
 ITEM7          0.000        -0.001         0.000        -0.001        -0.001
 ITEM8          0.000        -0.001         0.000         0.000         0.000
 ITEM9          0.000        -0.018         0.000         0.038        -0.003


           Residuals for Correlations
              ITEM6         ITEM7         ITEM8         ITEM9
              ________      ________      ________      ________
 ITEM6          0.000
 ITEM7          0.001         0.000
 ITEM8          0.000         0.000         0.000
 ITEM9         -0.004        -0.001         0.004         0.000


           Standardized Residuals (z-scores) for Covariances
              ITEM1         ITEM2         ITEM3         ITEM4         ITEM5
              ________      ________      ________      ________      ________
 ITEM1          0.000
 ITEM2        999.000       999.000
 ITEM3        999.000       999.000         0.000
 ITEM4          0.004        -0.061        -0.047         0.000
 ITEM5        999.000        -0.011         0.005         0.063         0.000
 ITEM6        999.000       999.000       999.000       999.000         0.006
 ITEM7        999.000       999.000       999.000        -0.046       999.000
 ITEM8          0.002        -0.018        -0.005       999.000        -0.004
 ITEM9          0.002        -0.110         0.000         0.230        -0.019


           Standardized Residuals (z-scores) for Covariances
              ITEM6         ITEM7         ITEM8         ITEM9
              ________      ________      ________      ________
 ITEM6        999.000
 ITEM7        999.000         0.000
 ITEM8         -0.002         0.000         0.001
 ITEM9         -0.026        -0.009         0.022         0.000


           Normalized Residuals for Covariances
              ITEM1         ITEM2         ITEM3         ITEM4         ITEM5
              ________      ________      ________      ________      ________
 ITEM1          0.000
 ITEM2         -0.002        -0.004
 ITEM3          0.000         0.009         0.000
 ITEM4          0.002        -0.020        -0.019         0.000
 ITEM5          0.003        -0.008         0.002         0.013         0.000
 ITEM6         -0.001         0.025         0.003        -0.031         0.003
 ITEM7          0.001        -0.012         0.000        -0.007        -0.008
 ITEM8          0.001        -0.006        -0.002        -0.001        -0.002
 ITEM9          0.004        -0.199         0.000         0.404        -0.029


           Normalized Residuals for Covariances
              ITEM6         ITEM7         ITEM8         ITEM9
              ________      ________      ________      ________
 ITEM6          0.000
 ITEM7          0.009         0.000
 ITEM8         -0.001         0.000         0.000
 ITEM9         -0.049        -0.018         0.039         0.000


MODIFICATION INDICES


     MODIFICATION INDICES FOR ANALYSIS WITH 1 FACTOR(S)



     MODIFICATION INDICES


           THETA
              ITEM1         ITEM2         ITEM3         ITEM4         ITEM5
              ________      ________      ________      ________      ________
 ITEM1          0.000
 ITEM2         20.925         0.000
 ITEM3         14.401         0.131         0.000
 ITEM4          0.012         1.059         2.046         0.000
 ITEM5          0.001         0.898         5.477         0.101         0.000
 ITEM6          6.355         0.755         1.398         2.040         1.239
 ITEM7          7.601         9.122         0.017         1.992         2.197
 ITEM8          5.079         8.973         0.538         0.001         1.338
 ITEM9          0.115         0.449         5.799         0.064         1.381


           THETA
              ITEM6         ITEM7         ITEM8         ITEM9
              ________      ________      ________      ________
 ITEM6          0.000
 ITEM7          0.116         0.000
 ITEM8          0.000        31.593         0.000
 ITEM9          0.096         0.050         0.184         0.000


     EXPECTED PARAMETER CHANGE


           THETA
              ITEM1         ITEM2         ITEM3         ITEM4         ITEM5
              ________      ________      ________      ________      ________
 ITEM1          0.000
 ITEM2          1.484         0.000
 ITEM3          1.330         0.135         0.000
 ITEM4          0.037         0.365        -0.550         0.000
 ITEM5         -0.012        -0.439        -1.180        -0.152         0.000
 ITEM6         -0.768         0.281        -0.412         0.475         0.481
 ITEM7         -0.947        -1.104        -0.052        -0.532         0.730
 ITEM8         -0.745        -1.052        -0.278        -0.009         0.544
 ITEM9         -0.141        -0.297         1.167         0.115        -0.708


           THETA
              ITEM6         ITEM7         ITEM8         ITEM9
              ________      ________      ________      ________
 ITEM6          0.000
 ITEM7          0.116         0.000
 ITEM8          0.000         2.090         0.000
 ITEM9          0.127        -0.105        -0.192         0.000


     MODIFICATION INDICES FOR ANALYSIS WITH 2 FACTOR(S)



     MODIFICATION INDICES


           THETA
              ITEM1         ITEM2         ITEM3         ITEM4         ITEM5
              ________      ________      ________      ________      ________
 ITEM1          0.000
 ITEM2          0.144         0.000
 ITEM3         15.854         6.698         0.000
 ITEM4          1.868         0.916         2.763         0.000
 ITEM5          0.868         0.003         5.406         0.031         0.000
 ITEM6         13.403         5.630         0.573         5.594         2.367
 ITEM7          0.094         0.010         2.221         3.323         0.038
 ITEM8          0.904         0.477         0.001         0.581         0.213
 ITEM9          0.977         1.300         7.697         0.382         0.981


           THETA
              ITEM6         ITEM7         ITEM8         ITEM9
              ________      ________      ________      ________
 ITEM6          0.000
 ITEM7          0.348         0.000
 ITEM8          1.220         2.536         0.000
 ITEM9          0.706         0.016         0.274         0.000


     EXPECTED PARAMETER CHANGE


           THETA
              ITEM1         ITEM2         ITEM3         ITEM4         ITEM5
              ________      ________      ________      ________      ________
 ITEM1          0.000
 ITEM2          0.203         0.000
 ITEM3          1.373        -0.916         0.000
 ITEM4         -0.427         0.311        -0.560         0.000
 ITEM5          0.332        -0.021        -1.000         0.075         0.000
 ITEM6         -0.979         0.665        -0.230         0.709         0.594
 ITEM7          0.086        -0.029         0.452        -0.570         0.091
 ITEM8          0.236        -0.180        -0.007         0.226        -0.203
 ITEM9         -0.350        -0.430         1.179         0.258        -0.535


           THETA
              ITEM6         ITEM7         ITEM8         ITEM9
              ________      ________      ________      ________
 ITEM6          0.000
 ITEM7         -0.194         0.000
 ITEM8         -0.345         1.420         0.000
 ITEM9          0.318        -0.048        -0.190         0.000


     MODIFICATION INDICES FOR ANALYSIS WITH 3 FACTOR(S)



     MODIFICATION INDICES FOR ANALYSIS WITH 4 FACTOR(S)



     MODIFICATION INDICES FOR ANALYSIS WITH 5 FACTOR(S)



     MODIFICATION INDICES


           THETA
              ITEM1         ITEM2         ITEM3         ITEM4         ITEM5
              ________      ________      ________      ________      ________
 ITEM1          0.000
 ITEM2          4.006         0.000
 ITEM3          3.950         3.947         0.000
 ITEM4          3.971         3.959         3.956         0.000
 ITEM5          0.000         3.837         3.969         3.866         0.000
 ITEM6          3.945         3.937         3.967         3.935         3.956
 ITEM7          3.972         3.973         0.000         3.891         3.955
 ITEM8          3.974         3.947         3.969         3.985         0.000
 ITEM9          3.929         3.938         3.981         3.946         3.950


           THETA
              ITEM6         ITEM7         ITEM8         ITEM9
              ________      ________      ________      ________
 ITEM6          0.000
 ITEM7          3.938         0.000
 ITEM8          3.819         0.000         0.000
 ITEM9          3.959         3.931         3.947         0.000


     EXPECTED PARAMETER CHANGE


           THETA
              ITEM1         ITEM2         ITEM3         ITEM4         ITEM5
              ________      ________      ________      ________      ________
 ITEM1          0.000
 ITEM2         -7.895         0.000
 ITEM3         -5.069         1.260         0.000
 ITEM4          1.980        -3.174        -0.883         0.000
 ITEM5          0.000       -10.095         9.496         9.010         0.000
 ITEM6         -2.051         1.093         3.362        -1.568        14.847
 ITEM7          7.090        -6.382         0.000       -12.496       -14.682
 ITEM8        -13.963        16.502        10.570        87.910         0.000
 ITEM9          2.231        -0.563        89.529         0.408        -5.069


           THETA
              ITEM6         ITEM7         ITEM8         ITEM9
              ________      ________      ________      ________
 ITEM6          0.000
 ITEM7          4.581         0.000
 ITEM8         96.642         0.000         0.000
 ITEM9         -1.693        -9.836        -5.548         0.000


PLOT INFORMATION

The following plots are available:

  Histograms (sample values)
  Scatterplots (sample values)
  Eigenvalues for exploratory factor analysis

     Beginning Time:  08:14:05
        Ending Time:  08:14:05
       Elapsed Time:  00:00:00



MUTHEN & MUTHEN
3463 Stoner Ave.
Los Angeles, CA  90066

Tel: (310) 391-9971
Fax: (310) 391-8971
Web: www.StatModel.com
Support: Support@StatModel.com

Copyright (c) 1998-2021 Muthen & Muthen
